============================================================
MACRO-REGIME METALS TRADING
============================================================

Loading metal data...
  gold        :    6,427 bars  2000-08-30 -> 2026-04-12
  silver      :    6,429 bars  2000-08-30 -> 2026-04-12
  copper      :    6,432 bars  2000-08-30 -> 2026-04-12
  platinum    :    6,455 bars  1997-10-29 -> 2026-04-12
  palladium   :    6,466 bars  1998-09-28 -> 2026-04-12

Loading macro data...
  Macro features: (24880, 4)

Fitting Macro Regime Detector (Gaussian HMM)...
Model is not converging.  Current: 77554.69033569616 is not greater than 77554.8800123427. Delta is -0.18967664655065164

Creating environments...
Observation shape: (8, 3214)
Action space: Box(-1.0, 1.0, (1,), float32)
Using cpu device

Training for 5,000,000 steps...
---------------------------------
| rollout/           |          |
|    ep_len_mean     | 92.8     |
|    ep_rew_mean     | 0.299    |
| time/              |          |
|    fps             | 634      |
|    iterations      | 1        |
|    time_elapsed    | 25       |
|    total_timesteps | 16384    |
---------------------------------
------------------------------------------
| rollout/                |              |
|    ep_len_mean          | 113          |
|    ep_rew_mean          | 1.21         |
| time/                   |              |
|    fps                  | 255          |
|    iterations           | 2            |
|    time_elapsed         | 128          |
|    total_timesteps      | 32768        |
| train/                  |              |
|    approx_kl            | 0.0060263015 |
|    clip_fraction        | 0.141        |
|    clip_range           | 0.15         |
|    entropy_loss         | -1.41        |
|    explained_variance   | -0.269       |
|    learning_rate        | 0.00025      |
|    loss                 | 0.121        |
|    n_updates            | 10           |
|    policy_gradient_loss | -0.00957     |
|    std                  | 0.994        |
|    value_loss           | 0.419        |
------------------------------------------
-----------------------------------------
| rollout/                |             |
|    ep_len_mean          | 81.5        |
|    ep_rew_mean          | 1.2         |
| time/                   |             |
|    fps                  | 282         |
|    iterations           | 3           |
|    time_elapsed         | 173         |
|    total_timesteps      | 49152       |
| train/                  |             |
|    approx_kl            | 0.010180132 |
|    clip_fraction        | 0.18        |
|    clip_range           | 0.15        |
|    entropy_loss         | -1.39       |
|    explained_variance   | 0.0658      |
|    learning_rate        | 0.00025     |
|    loss                 | 0.114       |
|    n_updates            | 20          |
|    policy_gradient_loss | -0.011      |
|    std                  | 0.96        |
|    value_loss           | 0.252       |
-----------------------------------------
------------------------------------------
| rollout/                |              |
|    ep_len_mean          | 60.8         |
|    ep_rew_mean          | 2.12         |
| time/                   |              |
|    fps                  | 299          |
|    iterations           | 4            |
|    time_elapsed         | 218          |
|    total_timesteps      | 65536        |
| train/                  |              |
|    approx_kl            | 0.0084317345 |
|    clip_fraction        | 0.158        |
|    clip_range           | 0.15         |
|    entropy_loss         | -1.36        |
|    explained_variance   | 0.134        |
|    learning_rate        | 0.00025      |
|    loss                 | 0.233        |
|    n_updates            | 30           |
|    policy_gradient_loss | -0.00965     |
|    std                  | 0.934        |
|    value_loss           | 0.456        |
------------------------------------------
------------------------------------------
| rollout/                |              |
|    ep_len_mean          | 89.1         |
|    ep_rew_mean          | 2.88         |
| time/                   |              |
|    fps                  | 306          |
|    iterations           | 5            |
|    time_elapsed         | 267          |
|    total_timesteps      | 81920        |
| train/                  |              |
|    approx_kl            | 0.0055064536 |
|    clip_fraction        | 0.115        |
|    clip_range           | 0.15         |
|    entropy_loss         | -1.34        |
|    explained_variance   | 0            |
|    learning_rate        | 0.00025      |
|    loss                 | 0.621        |
|    n_updates            | 40           |
|    policy_gradient_loss | -0.00591     |
|    std                  | 0.924        |
|    value_loss           | 2.71e+25     |
------------------------------------------
------------------------------------------
| rollout/                |              |
|    ep_len_mean          | 149          |
|    ep_rew_mean          | -8.16e+10    |
| time/                   |              |
|    fps                  | 316          |
|    iterations           | 6            |
|    time_elapsed         | 310          |
|    total_timesteps      | 98304        |
| train/                  |              |
|    approx_kl            | 0.0072001126 |
|    clip_fraction        | 0.124        |
|    clip_range           | 0.15         |
|    entropy_loss         | -1.33        |
|    explained_variance   | 0.516        |
|    learning_rate        | 0.00025      |
|    loss                 | 0.24         |
|    n_updates            | 50           |
|    policy_gradient_loss | -0.00742     |
|    std                  | 0.907        |
|    value_loss           | 0.779        |
------------------------------------------
------------------------------------------
| rollout/                |              |
|    ep_len_mean          | 118          |
|    ep_rew_mean          | 5.96         |
| time/                   |              |
|    fps                  | 323          |
|    iterations           | 7            |
|    time_elapsed         | 354          |
|    total_timesteps      | 114688       |
| train/                  |              |
|    approx_kl            | 0.0039888513 |
|    clip_fraction        | 0.071        |
|    clip_range           | 0.15         |
|    entropy_loss         | -1.32        |
|    explained_variance   | 0            |
|    learning_rate        | 0.00025      |
|    loss                 | 1.34e+19     |
|    n_updates            | 60           |
|    policy_gradient_loss | 0.0013       |
|    std                  | 0.906        |
|    value_loss           | 5.48e+21     |
------------------------------------------
-----------------------------------------
| rollout/                |             |
|    ep_len_mean          | 120         |
|    ep_rew_mean          | 6.65        |
| time/                   |             |
|    fps                  | 331         |
|    iterations           | 8           |
|    time_elapsed         | 395         |
|    total_timesteps      | 131072      |
| train/                  |             |
|    approx_kl            | 0.008685883 |
|    clip_fraction        | 0.124       |
|    clip_range           | 0.15        |
|    entropy_loss         | -1.32       |
|    explained_variance   | 0.00141     |
|    learning_rate        | 0.00025     |
|    loss                 | 0.816       |
|    n_updates            | 70          |
|    policy_gradient_loss | -0.00223    |
|    std                  | 0.9         |
|    value_loss           | 9.88        |
-----------------------------------------
------------------------------------------
| rollout/                |              |
|    ep_len_mean          | 73.7         |
|    ep_rew_mean          | 4.31         |
| time/                   |              |
|    fps                  | 337          |
|    iterations           | 9            |
|    time_elapsed         | 437          |
|    total_timesteps      | 147456       |
| train/                  |              |
|    approx_kl            | 0.0062139034 |
|    clip_fraction        | 0.118        |
|    clip_range           | 0.15         |
|    entropy_loss         | -1.31        |
|    explained_variance   | 0.47         |
|    learning_rate        | 0.00025      |
|    loss                 | 0.705        |
|    n_updates            | 80           |
|    policy_gradient_loss | -0.00534     |
|    std                  | 0.888        |
|    value_loss           | 2.56         |
------------------------------------------
-----------------------------------------
| rollout/                |             |
|    ep_len_mean          | 72.1        |
|    ep_rew_mean          | 4.02        |
| time/                   |             |
|    fps                  | 342         |
|    iterations           | 10          |
|    time_elapsed         | 479         |
|    total_timesteps      | 163840      |
| train/                  |             |
|    approx_kl            | 0.006897117 |
|    clip_fraction        | 0.116       |
|    clip_range           | 0.15        |
|    entropy_loss         | -1.29       |
|    explained_variance   | 0.718       |
|    learning_rate        | 0.00025     |
|    loss                 | 0.596       |
|    n_updates            | 90          |
|    policy_gradient_loss | -0.00632    |
|    std                  | 0.879       |
|    value_loss           | 1.89        |
-----------------------------------------
-----------------------------------------
| rollout/                |             |
|    ep_len_mean          | 140         |
|    ep_rew_mean          | 12.9        |
| time/                   |             |
|    fps                  | 345         |
|    iterations           | 11          |
|    time_elapsed         | 521         |
|    total_timesteps      | 180224      |
| train/                  |             |
|    approx_kl            | 0.007782057 |
|    clip_fraction        | 0.121       |
|    clip_range           | 0.15        |
|    entropy_loss         | -1.28       |
|    explained_variance   | 0.79        |
|    learning_rate        | 0.00025     |
|    loss                 | 0.355       |
|    n_updates            | 100         |
|    policy_gradient_loss | -0.00449    |
|    std                  | 0.866       |
|    value_loss           | 1.49        |
-----------------------------------------
----------------------------------------
| rollout/                |            |
|    ep_len_mean          | 108        |
|    ep_rew_mean          | 4.09       |
| time/                   |            |
|    fps                  | 348        |
|    iterations           | 12         |
|    time_elapsed         | 564        |
|    total_timesteps      | 196608     |
| train/                  |            |
|    approx_kl            | 0.08710915 |
|    clip_fraction        | 0.624      |
|    clip_range           | 0.15       |
|    entropy_loss         | -1.27      |
|    explained_variance   | 0          |
|    learning_rate        | 0.00025    |
|    loss                 | 3.09e+22   |
|    n_updates            | 110        |
|    policy_gradient_loss | 0.0317     |
|    std                  | 0.866      |
|    value_loss           | 1.83e+25   |
----------------------------------------
----------------------------------------
| rollout/                |            |
|    ep_len_mean          | 101        |
|    ep_rew_mean          | 7.71       |
| time/                   |            |
|    fps                  | 351        |
|    iterations           | 13         |
|    time_elapsed         | 606        |
|    total_timesteps      | 212992     |
| train/                  |            |
|    approx_kl            | 0.01233973 |
|    clip_fraction        | 0.234      |
|    clip_range           | 0.15       |
|    entropy_loss         | -1.28      |
|    explained_variance   | 0          |
|    learning_rate        | 0.00025    |
|    loss                 | 1.64       |
|    n_updates            | 120        |
|    policy_gradient_loss | 0.0026     |
|    std                  | 0.863      |
|    value_loss           | 4.01e+20   |
----------------------------------------
------------------------------------------
| rollout/                |              |
|    ep_len_mean          | 82.2         |
|    ep_rew_mean          | 3.95         |
| time/                   |              |
|    fps                  | 353          |
|    iterations           | 14           |
|    time_elapsed         | 647          |
|    total_timesteps      | 229376       |
| train/                  |              |
|    approx_kl            | 0.0073083406 |
|    clip_fraction        | 0.133        |
|    clip_range           | 0.15         |
|    entropy_loss         | -1.27        |
|    explained_variance   | 0.494        |
|    learning_rate        | 0.00025      |
|    loss                 | 1.13         |
|    n_updates            | 130          |
|    policy_gradient_loss | -0.00282     |
|    std                  | 0.859        |
|    value_loss           | 5.41         |
------------------------------------------
----------------------------------------
| rollout/                |            |
|    ep_len_mean          | 117        |
|    ep_rew_mean          | -1.26e+10  |
| time/                   |            |
|    fps                  | 355        |
|    iterations           | 15         |
|    time_elapsed         | 691        |
|    total_timesteps      | 245760     |
| train/                  |            |
|    approx_kl            | 0.00996924 |
|    clip_fraction        | 0.168      |
|    clip_range           | 0.15       |
|    entropy_loss         | -1.26      |
|    explained_variance   | 0.745      |
|    learning_rate        | 0.00025    |
|    loss                 | 0.885      |
|    n_updates            | 140        |
|    policy_gradient_loss | -0.00184   |
|    std                  | 0.848      |
|    value_loss           | 3.48       |
----------------------------------------
----------------------------------------
| rollout/                |            |
|    ep_len_mean          | 88         |
|    ep_rew_mean          | 6.11       |
| time/                   |            |
|    fps                  | 357        |
|    iterations           | 16         |
|    time_elapsed         | 734        |
|    total_timesteps      | 262144     |
| train/                  |            |
|    approx_kl            | 0.10651679 |
|    clip_fraction        | 0.564      |
|    clip_range           | 0.15       |
|    entropy_loss         | -1.25      |
|    explained_variance   | 0          |
|    learning_rate        | 0.00025    |
|    loss                 | 2.53e+17   |
|    n_updates            | 150        |
|    policy_gradient_loss | 0.0203     |
|    std                  | 0.848      |
|    value_loss           | 1.51e+20   |
----------------------------------------
-----------------------------------------
| rollout/                |             |
|    ep_len_mean          | 92.2        |
|    ep_rew_mean          | 10          |
| time/                   |             |
|    fps                  | 358         |
|    iterations           | 17          |
|    time_elapsed         | 775         |
|    total_timesteps      | 278528      |
| train/                  |             |
|    approx_kl            | 0.014625892 |
|    clip_fraction        | 0.172       |
|    clip_range           | 0.15        |
|    entropy_loss         | -1.25       |
|    explained_variance   | 0.000797    |
|    learning_rate        | 0.00025     |
|    loss                 | 3.58        |
|    n_updates            | 160         |
|    policy_gradient_loss | 0.00156     |
|    std                  | 0.843       |
|    value_loss           | 31.5        |
-----------------------------------------
-----------------------------------------
| rollout/                |             |
|    ep_len_mean          | 103         |
|    ep_rew_mean          | 5.85        |
| time/                   |             |
|    fps                  | 360         |
|    iterations           | 18          |
|    time_elapsed         | 817         |
|    total_timesteps      | 294912      |
| train/                  |             |
|    approx_kl            | 0.007063534 |
|    clip_fraction        | 0.105       |
|    clip_range           | 0.15        |
|    entropy_loss         | -1.25       |
|    explained_variance   | 0.56        |
|    learning_rate        | 0.00025     |
|    loss                 | 3.46        |
|    n_updates            | 170         |
|    policy_gradient_loss | -0.00426    |
|    std                  | 0.845       |
|    value_loss           | 10.8        |
-----------------------------------------
-----------------------------------------
| rollout/                |             |
|    ep_len_mean          | 153         |
|    ep_rew_mean          | 12.1        |
| time/                   |             |
|    fps                  | 361         |
|    iterations           | 19          |
|    time_elapsed         | 860         |
|    total_timesteps      | 311296      |
| train/                  |             |
|    approx_kl            | 0.010154127 |
|    clip_fraction        | 0.139       |
|    clip_range           | 0.15        |
|    entropy_loss         | -1.24       |
|    explained_variance   | 0.77        |
|    learning_rate        | 0.00025     |
|    loss                 | 2.31        |
|    n_updates            | 180         |
|    policy_gradient_loss | -0.0024     |
|    std                  | 0.832       |
|    value_loss           | 6.48        |
-----------------------------------------
-----------------------------------------
| rollout/                |             |
|    ep_len_mean          | 122         |
|    ep_rew_mean          | 14.6        |
| time/                   |             |
|    fps                  | 363         |
|    iterations           | 20          |
|    time_elapsed         | 902         |
|    total_timesteps      | 327680      |
| train/                  |             |
|    approx_kl            | 0.008160773 |
|    clip_fraction        | 0.12        |
|    clip_range           | 0.15        |
|    entropy_loss         | -1.23       |
|    explained_variance   | 0.842       |
|    learning_rate        | 0.00025     |
|    loss                 | 1.78        |
|    n_updates            | 190         |
|    policy_gradient_loss | -0.0063     |
|    std                  | 0.821       |
|    value_loss           | 5.67        |
-----------------------------------------
------------------------------------------
| rollout/                |              |
|    ep_len_mean          | 122          |
|    ep_rew_mean          | 10.1         |
| time/                   |              |
|    fps                  | 364          |
|    iterations           | 21           |
|    time_elapsed         | 944          |
|    total_timesteps      | 344064       |
| train/                  |              |
|    approx_kl            | 0.0053528063 |
|    clip_fraction        | 0.101        |
|    clip_range           | 0.15         |
|    entropy_loss         | -1.22        |
|    explained_variance   | 0.827        |
|    learning_rate        | 0.00025      |
|    loss                 | 1.9          |
|    n_updates            | 200          |
|    policy_gradient_loss | -0.00436     |
|    std                  | 0.813        |
|    value_loss           | 7.98         |
------------------------------------------
-----------------------------------------
| rollout/                |             |
|    ep_len_mean          | 144         |
|    ep_rew_mean          | 18.2        |
| time/                   |             |
|    fps                  | 365         |
|    iterations           | 22          |
|    time_elapsed         | 985         |
|    total_timesteps      | 360448      |
| train/                  |             |
|    approx_kl            | 0.007537266 |
|    clip_fraction        | 0.132       |
|    clip_range           | 0.15        |
|    entropy_loss         | -1.21       |
|    explained_variance   | 0.892       |
|    learning_rate        | 0.00025     |
|    loss                 | 1.97        |
|    n_updates            | 210         |
|    policy_gradient_loss | -0.00402    |
|    std                  | 0.807       |
|    value_loss           | 5.67        |
-----------------------------------------
-----------------------------------------
| rollout/                |             |
|    ep_len_mean          | 81.8        |
|    ep_rew_mean          | 8.01        |
| time/                   |             |
|    fps                  | 366         |
|    iterations           | 23          |
|    time_elapsed         | 1027        |
|    total_timesteps      | 376832      |
| train/                  |             |
|    approx_kl            | 0.012422732 |
|    clip_fraction        | 0.161       |
|    clip_range           | 0.15        |
|    entropy_loss         | -1.2        |
|    explained_variance   | 0.893       |
|    learning_rate        | 0.00025     |
|    loss                 | 1.75        |
|    n_updates            | 220         |
|    policy_gradient_loss | -0.00375    |
|    std                  | 0.799       |
|    value_loss           | 5.53        |
-----------------------------------------
------------------------------------------
| rollout/                |              |
|    ep_len_mean          | 96.3         |
|    ep_rew_mean          | 7.6          |
| time/                   |              |
|    fps                  | 367          |
|    iterations           | 24           |
|    time_elapsed         | 1068         |
|    total_timesteps      | 393216       |
| train/                  |              |
|    approx_kl            | 0.0072844196 |
|    clip_fraction        | 0.128        |
|    clip_range           | 0.15         |
|    entropy_loss         | -1.19        |
|    explained_variance   | 0.918        |
|    learning_rate        | 0.00025      |
|    loss                 | 1.91         |
|    n_updates            | 230          |
|    policy_gradient_loss | -0.00382     |
|    std                  | 0.79         |
|    value_loss           | 5.6          |
------------------------------------------
-----------------------------------------
| rollout/                |             |
|    ep_len_mean          | 124         |
|    ep_rew_mean          | 13.4        |
| time/                   |             |
|    fps                  | 368         |
|    iterations           | 25          |
|    time_elapsed         | 1110        |
|    total_timesteps      | 409600      |
| train/                  |             |
|    approx_kl            | 0.009377173 |
|    clip_fraction        | 0.149       |
|    clip_range           | 0.15        |
|    entropy_loss         | -1.18       |
|    explained_variance   | 0.913       |
|    learning_rate        | 0.00025     |
|    loss                 | 3.38        |
|    n_updates            | 240         |
|    policy_gradient_loss | -0.00234    |
|    std                  | 0.783       |
|    value_loss           | 5.44        |
-----------------------------------------
-----------------------------------------
| rollout/                |             |
|    ep_len_mean          | 66.7        |
|    ep_rew_mean          | 8.92        |
| time/                   |             |
|    fps                  | 369         |
|    iterations           | 26          |
|    time_elapsed         | 1152        |
|    total_timesteps      | 425984      |
| train/                  |             |
|    approx_kl            | 0.010992749 |
|    clip_fraction        | 0.162       |
|    clip_range           | 0.15        |
|    entropy_loss         | -1.17       |
|    explained_variance   | 0.93        |
|    learning_rate        | 0.00025     |
|    loss                 | 1.84        |
|    n_updates            | 250         |
|    policy_gradient_loss | -0.00413    |
|    std                  | 0.783       |
|    value_loss           | 5           |
-----------------------------------------
-----------------------------------------
| rollout/                |             |
|    ep_len_mean          | 77.5        |
|    ep_rew_mean          | 7.95        |
| time/                   |             |
|    fps                  | 370         |
|    iterations           | 27          |
|    time_elapsed         | 1193        |
|    total_timesteps      | 442368      |
| train/                  |             |
|    approx_kl            | 0.011867643 |
|    clip_fraction        | 0.166       |
|    clip_range           | 0.15        |
|    entropy_loss         | -1.16       |
|    explained_variance   | 0.927       |
|    learning_rate        | 0.00025     |
|    loss                 | 2.26        |
|    n_updates            | 260         |
|    policy_gradient_loss | -0.00454    |
|    std                  | 0.771       |
|    value_loss           | 3.94        |
-----------------------------------------
-----------------------------------------
| rollout/                |             |
|    ep_len_mean          | 84.4        |
|    ep_rew_mean          | 9.32        |
| time/                   |             |
|    fps                  | 371         |
|    iterations           | 28          |
|    time_elapsed         | 1234        |
|    total_timesteps      | 458752      |
| train/                  |             |
|    approx_kl            | 0.011119118 |
|    clip_fraction        | 0.163       |
|    clip_range           | 0.15        |
|    entropy_loss         | -1.15       |
|    explained_variance   | 0.922       |
|    learning_rate        | 0.00025     |
|    loss                 | 1.67        |
|    n_updates            | 270         |
|    policy_gradient_loss | -0.00453    |
|    std                  | 0.76        |
|    value_loss           | 4.8         |
-----------------------------------------
-----------------------------------------
| rollout/                |             |
|    ep_len_mean          | 74.5        |
|    ep_rew_mean          | 8.21        |
| time/                   |             |
|    fps                  | 372         |
|    iterations           | 29          |
|    time_elapsed         | 1276        |
|    total_timesteps      | 475136      |
| train/                  |             |
|    approx_kl            | 0.010055058 |
|    clip_fraction        | 0.147       |
|    clip_range           | 0.15        |
|    entropy_loss         | -1.13       |
|    explained_variance   | 0.926       |
|    learning_rate        | 0.00025     |
|    loss                 | 3.37        |
|    n_updates            | 280         |
|    policy_gradient_loss | -0.00386    |
|    std                  | 0.746       |
|    value_loss           | 5.68        |
-----------------------------------------
-----------------------------------------
| rollout/                |             |
|    ep_len_mean          | 102         |
|    ep_rew_mean          | 12.7        |
| time/                   |             |
|    fps                  | 372         |
|    iterations           | 30          |
|    time_elapsed         | 1318        |
|    total_timesteps      | 491520      |
| train/                  |             |
|    approx_kl            | 0.009853348 |
|    clip_fraction        | 0.145       |
|    clip_range           | 0.15        |
|    entropy_loss         | -1.12       |
|    explained_variance   | 0.88        |
|    learning_rate        | 0.00025     |
|    loss                 | 1.73        |
|    n_updates            | 290         |
|    policy_gradient_loss | -0.0042     |
|    std                  | 0.734       |
|    value_loss           | 6.38        |
-----------------------------------------

[Eval step 500000] avg_equity=10000 avg_return=-0.00% (best=-inf%)
  -> Saved best model (return=-0.00%)
-----------------------------------------
| rollout/                |             |
|    ep_len_mean          | 131         |
|    ep_rew_mean          | 17.4        |
| time/                   |             |
|    fps                  | 373         |
|    iterations           | 31          |
|    time_elapsed         | 1361        |
|    total_timesteps      | 507904      |
| train/                  |             |
|    approx_kl            | 0.010403193 |
|    clip_fraction        | 0.16        |
|    clip_range           | 0.15        |
|    entropy_loss         | -1.11       |
|    explained_variance   | 0.924       |
|    learning_rate        | 0.00025     |
|    loss                 | 2.24        |
|    n_updates            | 300         |
|    policy_gradient_loss | -0.000774   |
|    std                  | 0.732       |
|    value_loss           | 5.54        |
-----------------------------------------
-----------------------------------------
| rollout/                |             |
|    ep_len_mean          | 115         |
|    ep_rew_mean          | 13          |
| time/                   |             |
|    fps                  | 373         |
|    iterations           | 32          |
|    time_elapsed         | 1403        |
|    total_timesteps      | 524288      |
| train/                  |             |
|    approx_kl            | 0.012611077 |
|    clip_fraction        | 0.182       |
|    clip_range           | 0.15        |
|    entropy_loss         | -1.1        |
|    explained_variance   | 0.903       |
|    learning_rate        | 0.00025     |
|    loss                 | 1.94        |
|    n_updates            | 310         |
|    policy_gradient_loss | -0.00217    |
|    std                  | 0.722       |
|    value_loss           | 5.45        |
-----------------------------------------
----------------------------------------
| rollout/                |            |
|    ep_len_mean          | 81.9       |
|    ep_rew_mean          | 9.73       |
| time/                   |            |
|    fps                  | 373        |
|    iterations           | 33         |
|    time_elapsed         | 1445       |
|    total_timesteps      | 540672     |
| train/                  |            |
|    approx_kl            | 0.01205651 |
|    clip_fraction        | 0.18       |
|    clip_range           | 0.15       |
|    entropy_loss         | -1.09      |
|    explained_variance   | 0.916      |
|    learning_rate        | 0.00025    |
|    loss                 | 2.15       |
|    n_updates            | 320        |
|    policy_gradient_loss | -0.00137   |
|    std                  | 0.72       |
|    value_loss           | 4.45       |
----------------------------------------
-----------------------------------------
| rollout/                |             |
|    ep_len_mean          | 93.2        |
|    ep_rew_mean          | 10.5        |
| time/                   |             |
|    fps                  | 374         |
|    iterations           | 34          |
|    time_elapsed         | 1489        |
|    total_timesteps      | 557056      |
| train/                  |             |
|    approx_kl            | 0.012041044 |
|    clip_fraction        | 0.166       |
|    clip_range           | 0.15        |
|    entropy_loss         | -1.08       |
|    explained_variance   | 0.907       |
|    learning_rate        | 0.00025     |
|    loss                 | 3.24        |
|    n_updates            | 330         |
|    policy_gradient_loss | -0.00434    |
|    std                  | 0.713       |
|    value_loss           | 7.05        |
-----------------------------------------
-----------------------------------------
| rollout/                |             |
|    ep_len_mean          | 111         |
|    ep_rew_mean          | -2.57e+12   |
| time/                   |             |
|    fps                  | 374         |
|    iterations           | 35          |
|    time_elapsed         | 1530        |
|    total_timesteps      | 573440      |
| train/                  |             |
|    approx_kl            | 0.010443653 |
|    clip_fraction        | 0.162       |
|    clip_range           | 0.15        |
|    entropy_loss         | -1.08       |
|    explained_variance   | 0.898       |
|    learning_rate        | 0.00025     |
|    loss                 | 1.71        |
|    n_updates            | 340         |
|    policy_gradient_loss | -0.00344    |
|    std                  | 0.708       |
|    value_loss           | 5.73        |
-----------------------------------------
-----------------------------------------
| rollout/                |             |
|    ep_len_mean          | 127         |
|    ep_rew_mean          | -3.14e+12   |
| time/                   |             |
|    fps                  | 375         |
|    iterations           | 36          |
|    time_elapsed         | 1571        |
|    total_timesteps      | 589824      |
| train/                  |             |
|    approx_kl            | 0.004470387 |
|    clip_fraction        | 0.0744      |
|    clip_range           | 0.15        |
|    entropy_loss         | -1.07       |
|    explained_variance   | 0           |
|    learning_rate        | 0.00025     |
|    loss                 | 8.54e+22    |
|    n_updates            | 350         |
|    policy_gradient_loss | 0.00246     |
|    std                  | 0.708       |
|    value_loss           | 5.71e+25    |
-----------------------------------------
------------------------------------------
| rollout/                |              |
|    ep_len_mean          | 134          |
|    ep_rew_mean          | 18.9         |
| time/                   |              |
|    fps                  | 375          |
|    iterations           | 37           |
|    time_elapsed         | 1613         |
|    total_timesteps      | 606208       |
| train/                  |              |
|    approx_kl            | 0.0037741265 |
|    clip_fraction        | 0.0862       |
|    clip_range           | 0.15         |
|    entropy_loss         | -1.07        |
|    explained_variance   | 0            |
|    learning_rate        | 0.00025      |
|    loss                 | 217          |
|    n_updates            | 360          |
|    policy_gradient_loss | 0.000355     |
|    std                  | 0.708        |
|    value_loss           | 1.09e+25     |
------------------------------------------
-----------------------------------------
| rollout/                |             |
|    ep_len_mean          | 98.7        |
|    ep_rew_mean          | 10          |
| time/                   |             |
|    fps                  | 375         |
|    iterations           | 38          |
|    time_elapsed         | 1657        |
|    total_timesteps      | 622592      |
| train/                  |             |
|    approx_kl            | 0.020174373 |
|    clip_fraction        | 0.251       |
|    clip_range           | 0.15        |
|    entropy_loss         | -1.08       |
|    explained_variance   | 0.701       |
|    learning_rate        | 0.00025     |
|    loss                 | 7.08        |
|    n_updates            | 370         |
|    policy_gradient_loss | 0.00785     |
|    std                  | 0.718       |
|    value_loss           | 25.9        |
-----------------------------------------
------------------------------------------
| rollout/                |              |
|    ep_len_mean          | 82.7         |
|    ep_rew_mean          | 12.3         |
| time/                   |              |
|    fps                  | 375          |
|    iterations           | 39           |
|    time_elapsed         | 1700         |
|    total_timesteps      | 638976       |
| train/                  |              |
|    approx_kl            | 0.0118372515 |
|    clip_fraction        | 0.157        |
|    clip_range           | 0.15         |
|    entropy_loss         | -1.09        |
|    explained_variance   | 0.839        |
|    learning_rate        | 0.00025      |
|    loss                 | 9.09         |
|    n_updates            | 380          |
|    policy_gradient_loss | -0.00124     |
|    std                  | 0.723        |
|    value_loss           | 17.6         |
------------------------------------------
-----------------------------------------
| rollout/                |             |
|    ep_len_mean          | 112         |
|    ep_rew_mean          | 16          |
| time/                   |             |
|    fps                  | 376         |
|    iterations           | 40          |
|    time_elapsed         | 1741        |
|    total_timesteps      | 655360      |
| train/                  |             |
|    approx_kl            | 0.007990926 |
|    clip_fraction        | 0.136       |
|    clip_range           | 0.15        |
|    entropy_loss         | -1.1        |
|    explained_variance   | 0.882       |
|    learning_rate        | 0.00025     |
|    loss                 | 4.88        |
|    n_updates            | 390         |
|    policy_gradient_loss | -0.00461    |
|    std                  | 0.724       |
|    value_loss           | 16          |
-----------------------------------------
------------------------------------------
| rollout/                |              |
|    ep_len_mean          | 82.7         |
|    ep_rew_mean          | 12.2         |
| time/                   |              |
|    fps                  | 376          |
|    iterations           | 41           |
|    time_elapsed         | 1782         |
|    total_timesteps      | 671744       |
| train/                  |              |
|    approx_kl            | 0.0064820233 |
|    clip_fraction        | 0.107        |
|    clip_range           | 0.15         |
|    entropy_loss         | -1.09        |
|    explained_variance   | 0.887        |
|    learning_rate        | 0.00025      |
|    loss                 | 4.65         |
|    n_updates            | 400          |
|    policy_gradient_loss | -0.00398     |
|    std                  | 0.718        |
|    value_loss           | 15.6         |
------------------------------------------
-----------------------------------------
| rollout/                |             |
|    ep_len_mean          | 124         |
|    ep_rew_mean          | 13.8        |
| time/                   |             |
|    fps                  | 376         |
|    iterations           | 42          |
|    time_elapsed         | 1825        |
|    total_timesteps      | 688128      |
| train/                  |             |
|    approx_kl            | 0.008631452 |
|    clip_fraction        | 0.125       |
|    clip_range           | 0.15        |
|    entropy_loss         | -1.09       |
|    explained_variance   | 0.919       |
|    learning_rate        | 0.00025     |
|    loss                 | 4.76        |
|    n_updates            | 410         |
|    policy_gradient_loss | -0.00316    |
|    std                  | 0.721       |
|    value_loss           | 15          |
-----------------------------------------
-----------------------------------------
| rollout/                |             |
|    ep_len_mean          | 100         |
|    ep_rew_mean          | 14.2        |
| time/                   |             |
|    fps                  | 376         |
|    iterations           | 43          |
|    time_elapsed         | 1869        |
|    total_timesteps      | 704512      |
| train/                  |             |
|    approx_kl            | 0.008421812 |
|    clip_fraction        | 0.141       |
|    clip_range           | 0.15        |
|    entropy_loss         | -1.09       |
|    explained_variance   | 0.909       |
|    learning_rate        | 0.00025     |
|    loss                 | 3.56        |
|    n_updates            | 420         |
|    policy_gradient_loss | -0.00285    |
|    std                  | 0.718       |
|    value_loss           | 11.4        |
-----------------------------------------
-----------------------------------------
| rollout/                |             |
|    ep_len_mean          | 122         |
|    ep_rew_mean          | 21.8        |
| time/                   |             |
|    fps                  | 377         |
|    iterations           | 44          |
|    time_elapsed         | 1911        |
|    total_timesteps      | 720896      |
| train/                  |             |
|    approx_kl            | 0.021225363 |
|    clip_fraction        | 0.304       |
|    clip_range           | 0.15        |
|    entropy_loss         | -1.09       |
|    explained_variance   | 0           |
|    learning_rate        | 0.00025     |
|    loss                 | 9.98e+22    |
|    n_updates            | 430         |
|    policy_gradient_loss | 0.0126      |
|    std                  | 0.717       |
|    value_loss           | 1.05e+26    |
-----------------------------------------
-----------------------------------------
| rollout/                |             |
|    ep_len_mean          | 117         |
|    ep_rew_mean          | 15.1        |
| time/                   |             |
|    fps                  | 377         |
|    iterations           | 45          |
|    time_elapsed         | 1953        |
|    total_timesteps      | 737280      |
| train/                  |             |
|    approx_kl            | 0.002919895 |
|    clip_fraction        | 0.0392      |
|    clip_range           | 0.15        |
|    entropy_loss         | -1.09       |
|    explained_variance   | 0           |
|    learning_rate        | 0.00025     |
|    loss                 | 5.18e+22    |
|    n_updates            | 440         |
|    policy_gradient_loss | 0.000197    |
|    std                  | 0.718       |
|    value_loss           | 8.24e+22    |
-----------------------------------------
-----------------------------------------
| rollout/                |             |
|    ep_len_mean          | 60.8        |
|    ep_rew_mean          | 10.5        |
| time/                   |             |
|    fps                  | 377         |
|    iterations           | 46          |
|    time_elapsed         | 1996        |
|    total_timesteps      | 753664      |
| train/                  |             |
|    approx_kl            | 0.026356217 |
|    clip_fraction        | 0.264       |
|    clip_range           | 0.15        |
|    entropy_loss         | -1.11       |
|    explained_variance   | 0.762       |
|    learning_rate        | 0.00025     |
|    loss                 | 5.94        |
|    n_updates            | 450         |
|    policy_gradient_loss | 0.00806     |
|    std                  | 0.741       |
|    value_loss           | 43.8        |
-----------------------------------------
-----------------------------------------
| rollout/                |             |
|    ep_len_mean          | 91.2        |
|    ep_rew_mean          | 13.7        |
| time/                   |             |
|    fps                  | 377         |
|    iterations           | 47          |
|    time_elapsed         | 2038        |
|    total_timesteps      | 770048      |
| train/                  |             |
|    approx_kl            | 0.011702789 |
|    clip_fraction        | 0.163       |
|    clip_range           | 0.15        |
|    entropy_loss         | -1.12       |
|    explained_variance   | 0.883       |
|    learning_rate        | 0.00025     |
|    loss                 | 6.83        |
|    n_updates            | 460         |
|    policy_gradient_loss | -0.00102    |
|    std                  | 0.741       |
|    value_loss           | 30.4        |
-----------------------------------------
-----------------------------------------
| rollout/                |             |
|    ep_len_mean          | 105         |
|    ep_rew_mean          | 14.6        |
| time/                   |             |
|    fps                  | 377         |
|    iterations           | 48          |
|    time_elapsed         | 2081        |
|    total_timesteps      | 786432      |
| train/                  |             |
|    approx_kl            | 0.007674217 |
|    clip_fraction        | 0.118       |
|    clip_range           | 0.15        |
|    entropy_loss         | -1.11       |
|    explained_variance   | 0.885       |
|    learning_rate        | 0.00025     |
|    loss                 | 5.42        |
|    n_updates            | 470         |
|    policy_gradient_loss | -0.0039     |
|    std                  | 0.738       |
|    value_loss           | 24.6        |
-----------------------------------------
------------------------------------------
| rollout/                |              |
|    ep_len_mean          | 78.2         |
|    ep_rew_mean          | 13.3         |
| time/                   |              |
|    fps                  | 377          |
|    iterations           | 49           |
|    time_elapsed         | 2125         |
|    total_timesteps      | 802816       |
| train/                  |              |
|    approx_kl            | 0.0031848513 |
|    clip_fraction        | 0.094        |
|    clip_range           | 0.15         |
|    entropy_loss         | -1.11        |
|    explained_variance   | 0            |
|    learning_rate        | 0.00025      |
|    loss                 | 6.35e+21     |
|    n_updates            | 480          |
|    policy_gradient_loss | 0.00391      |
|    std                  | 0.738        |
|    value_loss           | 2.12e+25     |
------------------------------------------
-------------------------------------------
| rollout/                |               |
|    ep_len_mean          | 86.9          |
|    ep_rew_mean          | 17.3          |
| time/                   |               |
|    fps                  | 377           |
|    iterations           | 50            |
|    time_elapsed         | 2169          |
|    total_timesteps      | 819200        |
| train/                  |               |
|    approx_kl            | 1.4042598e-09 |
|    clip_fraction        | 0             |
|    clip_range           | 0.15          |
|    entropy_loss         | -1.11         |
|    explained_variance   | 0             |
|    learning_rate        | 0.00025       |
|    loss                 | 5.1e+22       |
|    n_updates            | 490           |
|    policy_gradient_loss | -1.52e-08     |
|    std                  | 0.738         |
|    value_loss           | 3.31e+25      |
-------------------------------------------
-----------------------------------------
| rollout/                |             |
|    ep_len_mean          | 88.3        |
|    ep_rew_mean          | -2.37e+12   |
| time/                   |             |
|    fps                  | 377         |
|    iterations           | 51          |
|    time_elapsed         | 2211        |
|    total_timesteps      | 835584      |
| train/                  |             |
|    approx_kl            | 0.009823029 |
|    clip_fraction        | 0.156       |
|    clip_range           | 0.15        |
|    entropy_loss         | -1.13       |
|    explained_variance   | 0.943       |
|    learning_rate        | 0.00025     |
|    loss                 | 17.4        |
|    n_updates            | 500         |
|    policy_gradient_loss | -0.00367    |
|    std                  | 0.753       |
|    value_loss           | 81.7        |
-----------------------------------------
------------------------------------------
| rollout/                |              |
|    ep_len_mean          | 111          |
|    ep_rew_mean          | 3.87e+12     |
| time/                   |              |
|    fps                  | 378          |
|    iterations           | 52           |
|    time_elapsed         | 2252         |
|    total_timesteps      | 851968       |
| train/                  |              |
|    approx_kl            | 0.0041401964 |
|    clip_fraction        | 0.122        |
|    clip_range           | 0.15         |
|    entropy_loss         | -1.14        |
|    explained_variance   | 0            |
|    learning_rate        | 0.00025      |
|    loss                 | 6.58e+21     |
|    n_updates            | 510          |
|    policy_gradient_loss | 0.000469     |
|    std                  | 0.753        |
|    value_loss           | 5.81e+24     |
------------------------------------------
----------------------------------------
| rollout/                |            |
|    ep_len_mean          | 106        |
|    ep_rew_mean          | 15.7       |
| time/                   |            |
|    fps                  | 378        |
|    iterations           | 53         |
|    time_elapsed         | 2294       |
|    total_timesteps      | 868352     |
| train/                  |            |
|    approx_kl            | 0.00876577 |
|    clip_fraction        | 0.142      |
|    clip_range           | 0.15       |
|    entropy_loss         | -1.15      |
|    explained_variance   | 0          |
|    learning_rate        | 0.00025    |
|    loss                 | 20.5       |
|    n_updates            | 520        |
|    policy_gradient_loss | -0.0046    |
|    std                  | 0.772      |
|    value_loss           | 1.72e+25   |
----------------------------------------
------------------------------------------
| rollout/                |              |
|    ep_len_mean          | 96.3         |
|    ep_rew_mean          | 14.3         |
| time/                   |              |
|    fps                  | 378          |
|    iterations           | 54           |
|    time_elapsed         | 2336         |
|    total_timesteps      | 884736       |
| train/                  |              |
|    approx_kl            | 0.0046046097 |
|    clip_fraction        | 0.0858       |
|    clip_range           | 0.15         |
|    entropy_loss         | -1.17        |
|    explained_variance   | 0.931        |
|    learning_rate        | 0.00025      |
|    loss                 | 9.88         |
|    n_updates            | 530          |
|    policy_gradient_loss | -0.00728     |
|    std                  | 0.788        |
|    value_loss           | 60.6         |
------------------------------------------
------------------------------------------
| rollout/                |              |
|    ep_len_mean          | 132          |
|    ep_rew_mean          | 19.7         |
| time/                   |              |
|    fps                  | 378          |
|    iterations           | 55           |
|    time_elapsed         | 2378         |
|    total_timesteps      | 901120       |
| train/                  |              |
|    approx_kl            | 0.0071582766 |
|    clip_fraction        | 0.105        |
|    clip_range           | 0.15         |
|    entropy_loss         | -1.19        |
|    explained_variance   | 0.963        |
|    learning_rate        | 0.00025      |
|    loss                 | 8.9          |
|    n_updates            | 540          |
|    policy_gradient_loss | -0.00802     |
|    std                  | 0.804        |
|    value_loss           | 40.2         |
------------------------------------------
-----------------------------------------
| rollout/                |             |
|    ep_len_mean          | 79.2        |
|    ep_rew_mean          | 12.8        |
| time/                   |             |
|    fps                  | 379         |
|    iterations           | 56          |
|    time_elapsed         | 2420        |
|    total_timesteps      | 917504      |
| train/                  |             |
|    approx_kl            | 0.006126716 |
|    clip_fraction        | 0.0924      |
|    clip_range           | 0.15        |
|    entropy_loss         | -1.21       |
|    explained_variance   | 0.947       |
|    learning_rate        | 0.00025     |
|    loss                 | 11.5        |
|    n_updates            | 550         |
|    policy_gradient_loss | -0.00743    |
|    std                  | 0.813       |
|    value_loss           | 30.7        |
-----------------------------------------
------------------------------------------
| rollout/                |              |
|    ep_len_mean          | 80.5         |
|    ep_rew_mean          | 11.1         |
| time/                   |              |
|    fps                  | 379          |
|    iterations           | 57           |
|    time_elapsed         | 2462         |
|    total_timesteps      | 933888       |
| train/                  |              |
|    approx_kl            | 0.0065504815 |
|    clip_fraction        | 0.0924       |
|    clip_range           | 0.15         |
|    entropy_loss         | -1.22        |
|    explained_variance   | 0.947        |
|    learning_rate        | 0.00025      |
|    loss                 | 9.88         |
|    n_updates            | 560          |
|    policy_gradient_loss | -0.00605     |
|    std                  | 0.831        |
|    value_loss           | 31.7         |
------------------------------------------
------------------------------------------
| rollout/                |              |
|    ep_len_mean          | 81.5         |
|    ep_rew_mean          | 12.7         |
| time/                   |              |
|    fps                  | 379          |
|    iterations           | 58           |
|    time_elapsed         | 2504         |
|    total_timesteps      | 950272       |
| train/                  |              |
|    approx_kl            | 0.0063153356 |
|    clip_fraction        | 0.103        |
|    clip_range           | 0.15         |
|    entropy_loss         | -1.24        |
|    explained_variance   | 0.953        |
|    learning_rate        | 0.00025      |
|    loss                 | 9.56         |
|    n_updates            | 570          |
|    policy_gradient_loss | -0.00653     |
|    std                  | 0.845        |
|    value_loss           | 26.1         |
------------------------------------------
------------------------------------------
| rollout/                |              |
|    ep_len_mean          | 77.1         |
|    ep_rew_mean          | 9.8          |
| time/                   |              |
|    fps                  | 379          |
|    iterations           | 59           |
|    time_elapsed         | 2546         |
|    total_timesteps      | 966656       |
| train/                  |              |
|    approx_kl            | 0.0003722451 |
|    clip_fraction        | 0.00399      |
|    clip_range           | 0.15         |
|    entropy_loss         | -1.25        |
|    explained_variance   | 0            |
|    learning_rate        | 0.00025      |
|    loss                 | 4.55e+22     |
|    n_updates            | 580          |
|    policy_gradient_loss | 0.000313     |
|    std                  | 0.846        |
|    value_loss           | 2.66e+25     |
------------------------------------------
-----------------------------------------
| rollout/                |             |
|    ep_len_mean          | 97.6        |
|    ep_rew_mean          | 15.5        |
| time/                   |             |
|    fps                  | 379         |
|    iterations           | 60          |
|    time_elapsed         | 2588        |
|    total_timesteps      | 983040      |
| train/                  |             |
|    approx_kl            | 0.013387183 |
|    clip_fraction        | 0.146       |
|    clip_range           | 0.15        |
|    entropy_loss         | -1.26       |
|    explained_variance   | 0           |
|    learning_rate        | 0.00025     |
|    loss                 | 3.11e+21    |
|    n_updates            | 590         |
|    policy_gradient_loss | 0.00106     |
|    std                  | 0.857       |
|    value_loss           | 1.95e+21    |
-----------------------------------------
-----------------------------------------
| rollout/                |             |
|    ep_len_mean          | 96.9        |
|    ep_rew_mean          | 10.6        |
| time/                   |             |
|    fps                  | 379         |
|    iterations           | 61          |
|    time_elapsed         | 2630        |
|    total_timesteps      | 999424      |
| train/                  |             |
|    approx_kl            | 0.010235225 |
|    clip_fraction        | 0.136       |
|    clip_range           | 0.15        |
|    entropy_loss         | -1.28       |
|    explained_variance   | 0.944       |
|    learning_rate        | 0.00025     |
|    loss                 | 17.5        |
|    n_updates            | 600         |
|    policy_gradient_loss | -0.0052     |
|    std                  | 0.874       |
|    value_loss           | 62          |
-----------------------------------------

[Eval step 1000000] avg_equity=10000 avg_return=-0.00% (best=-0.00%)
  -> Saved best model (return=-0.00%)
-----------------------------------------
| rollout/                |             |
|    ep_len_mean          | 61.8        |
|    ep_rew_mean          | 8.61        |
| time/                   |             |
|    fps                  | 379         |
|    iterations           | 62          |
|    time_elapsed         | 2673        |
|    total_timesteps      | 1015808     |
| train/                  |             |
|    approx_kl            | 0.006610688 |
|    clip_fraction        | 0.101       |
|    clip_range           | 0.15        |
|    entropy_loss         | -1.29       |
|    explained_variance   | 0.913       |
|    learning_rate        | 0.00025     |
|    loss                 | 12.8        |
|    n_updates            | 610         |
|    policy_gradient_loss | -0.00681    |
|    std                  | 0.887       |
|    value_loss           | 48.9        |
-----------------------------------------
------------------------------------------
| rollout/                |              |
|    ep_len_mean          | 75.5         |
|    ep_rew_mean          | 11           |
| time/                   |              |
|    fps                  | 380          |
|    iterations           | 63           |
|    time_elapsed         | 2716         |
|    total_timesteps      | 1032192      |
| train/                  |              |
|    approx_kl            | 0.0052449033 |
|    clip_fraction        | 0.0739       |
|    clip_range           | 0.15         |
|    entropy_loss         | -1.3         |
|    explained_variance   | 0.938        |
|    learning_rate        | 0.00025      |
|    loss                 | 8.71         |
|    n_updates            | 620          |
|    policy_gradient_loss | -0.00534     |
|    std                  | 0.897        |
|    value_loss           | 46.8         |
------------------------------------------
------------------------------------------
| rollout/                |              |
|    ep_len_mean          | 114          |
|    ep_rew_mean          | 14.6         |
| time/                   |              |
|    fps                  | 376          |
|    iterations           | 64           |
|    time_elapsed         | 2785         |
|    total_timesteps      | 1048576      |
| train/                  |              |
|    approx_kl            | 0.0055267215 |
|    clip_fraction        | 0.0988       |
|    clip_range           | 0.15         |
|    entropy_loss         | -1.32        |
|    explained_variance   | 0.929        |
|    learning_rate        | 0.00025      |
|    loss                 | 7.86         |
|    n_updates            | 630          |
|    policy_gradient_loss | -0.0048      |
|    std                  | 0.908        |
|    value_loss           | 38.8         |
------------------------------------------
-----------------------------------------
| rollout/                |             |
|    ep_len_mean          | 112         |
|    ep_rew_mean          | 17.7        |
| time/                   |             |
|    fps                  | 348         |
|    iterations           | 65          |
|    time_elapsed         | 3054        |
|    total_timesteps      | 1064960     |
| train/                  |             |
|    approx_kl            | 0.005219929 |
|    clip_fraction        | 0.0919      |
|    clip_range           | 0.15        |
|    entropy_loss         | -1.32       |
|    explained_variance   | 0.937       |
|    learning_rate        | 0.00025     |
|    loss                 | 8.32        |
|    n_updates            | 640         |
|    policy_gradient_loss | -0.00537    |
|    std                  | 0.913       |
|    value_loss           | 30.3        |
-----------------------------------------
-----------------------------------------
| rollout/                |             |
|    ep_len_mean          | 89.8        |
|    ep_rew_mean          | 9.51        |
| time/                   |             |
|    fps                  | 296         |
|    iterations           | 66          |
|    time_elapsed         | 3649        |
|    total_timesteps      | 1081344     |
| train/                  |             |
|    approx_kl            | 0.006599728 |
|    clip_fraction        | 0.107       |
|    clip_range           | 0.15        |
|    entropy_loss         | -1.33       |
|    explained_variance   | 0.948       |
|    learning_rate        | 0.00025     |
|    loss                 | 8.89        |
|    n_updates            | 650         |
|    policy_gradient_loss | -0.0039     |
|    std                  | 0.921       |
|    value_loss           | 27.4        |
-----------------------------------------
-----------------------------------------
| rollout/                |             |
|    ep_len_mean          | 113         |
|    ep_rew_mean          | 13.1        |
| time/                   |             |
|    fps                  | 276         |
|    iterations           | 67          |
|    time_elapsed         | 3972        |
|    total_timesteps      | 1097728     |
| train/                  |             |
|    approx_kl            | 0.006600313 |
|    clip_fraction        | 0.102       |
|    clip_range           | 0.15        |
|    entropy_loss         | -1.34       |
|    explained_variance   | 0.959       |
|    learning_rate        | 0.00025     |
|    loss                 | 6.64        |
|    n_updates            | 660         |
|    policy_gradient_loss | -0.00408    |
|    std                  | 0.93        |
|    value_loss           | 19.3        |
-----------------------------------------
-----------------------------------------
| rollout/                |             |
|    ep_len_mean          | 81.7        |
|    ep_rew_mean          | 9.46        |
| time/                   |             |
|    fps                  | 277         |
|    iterations           | 68          |
|    time_elapsed         | 4012        |
|    total_timesteps      | 1114112     |
| train/                  |             |
|    approx_kl            | 0.006579183 |
|    clip_fraction        | 0.109       |
|    clip_range           | 0.15        |
|    entropy_loss         | -1.35       |
|    explained_variance   | 0.961       |
|    learning_rate        | 0.00025     |
|    loss                 | 7.05        |
|    n_updates            | 670         |
|    policy_gradient_loss | -0.00377    |
|    std                  | 0.939       |
|    value_loss           | 17.5        |
-----------------------------------------
-----------------------------------------
| rollout/                |             |
|    ep_len_mean          | 107         |
|    ep_rew_mean          | 19.8        |
| time/                   |             |
|    fps                  | 278         |
|    iterations           | 69          |
|    time_elapsed         | 4053        |
|    total_timesteps      | 1130496     |
| train/                  |             |
|    approx_kl            | 0.008094025 |
|    clip_fraction        | 0.119       |
|    clip_range           | 0.15        |
|    entropy_loss         | -1.36       |
|    explained_variance   | 0.965       |
|    learning_rate        | 0.00025     |
|    loss                 | 8.86        |
|    n_updates            | 680         |
|    policy_gradient_loss | -0.00403    |
|    std                  | 0.947       |
|    value_loss           | 17          |
-----------------------------------------
-----------------------------------------
| rollout/                |             |
|    ep_len_mean          | 140         |
|    ep_rew_mean          | 19          |
| time/                   |             |
|    fps                  | 272         |
|    iterations           | 70          |
|    time_elapsed         | 4211        |
|    total_timesteps      | 1146880     |
| train/                  |             |
|    approx_kl            | 0.008285529 |
|    clip_fraction        | 0.136       |
|    clip_range           | 0.15        |
|    entropy_loss         | -1.37       |
|    explained_variance   | 0.965       |
|    learning_rate        | 0.00025     |
|    loss                 | 4.46        |
|    n_updates            | 690         |
|    policy_gradient_loss | -0.00383    |
|    std                  | 0.953       |
|    value_loss           | 14.6        |
-----------------------------------------
-----------------------------------------
| rollout/                |             |
|    ep_len_mean          | 109         |
|    ep_rew_mean          | 11.9        |
| time/                   |             |
|    fps                  | 253         |
|    iterations           | 71          |
|    time_elapsed         | 4587        |
|    total_timesteps      | 1163264     |
| train/                  |             |
|    approx_kl            | 0.010013638 |
|    clip_fraction        | 0.156       |
|    clip_range           | 0.15        |
|    entropy_loss         | -1.37       |
|    explained_variance   | 0.97        |
|    learning_rate        | 0.00025     |
|    loss                 | 6.96        |
|    n_updates            | 700         |
|    policy_gradient_loss | -0.00412    |
|    std                  | 0.952       |
|    value_loss           | 11.3        |
-----------------------------------------
-----------------------------------------
| rollout/                |             |
|    ep_len_mean          | 142         |
|    ep_rew_mean          | 16.3        |
| time/                   |             |
|    fps                  | 254         |
|    iterations           | 72          |
|    time_elapsed         | 4633        |
|    total_timesteps      | 1179648     |
| train/                  |             |
|    approx_kl            | 0.009537163 |
|    clip_fraction        | 0.152       |
|    clip_range           | 0.15        |
|    entropy_loss         | -1.37       |
|    explained_variance   | 0.956       |
|    learning_rate        | 0.00025     |
|    loss                 | 3.9         |
|    n_updates            | 710         |
|    policy_gradient_loss | -0.00196    |
|    std                  | 0.954       |
|    value_loss           | 11.2        |
-----------------------------------------
-----------------------------------------
| rollout/                |             |
|    ep_len_mean          | 84.1        |
|    ep_rew_mean          | 8.37        |
| time/                   |             |
|    fps                  | 255         |
|    iterations           | 73          |
|    time_elapsed         | 4673        |
|    total_timesteps      | 1196032     |
| train/                  |             |
|    approx_kl            | 0.009684164 |
|    clip_fraction        | 0.155       |
|    clip_range           | 0.15        |
|    entropy_loss         | -1.37       |
|    explained_variance   | 0.97        |
|    learning_rate        | 0.00025     |
|    loss                 | 3.49        |
|    n_updates            | 720         |
|    policy_gradient_loss | -0.00401    |
|    std                  | 0.947       |
|    value_loss           | 9.41        |
-----------------------------------------
-----------------------------------------
| rollout/                |             |
|    ep_len_mean          | 100         |
|    ep_rew_mean          | 17          |
| time/                   |             |
|    fps                  | 247         |
|    iterations           | 74          |
|    time_elapsed         | 4889        |
|    total_timesteps      | 1212416     |
| train/                  |             |
|    approx_kl            | 0.013327964 |
|    clip_fraction        | 0.188       |
|    clip_range           | 0.15        |
|    entropy_loss         | -1.37       |
|    explained_variance   | 0.968       |
|    learning_rate        | 0.00025     |
|    loss                 | 2.7         |
|    n_updates            | 730         |
|    policy_gradient_loss | -0.00248    |
|    std                  | 0.953       |
|    value_loss           | 8.7         |
-----------------------------------------
