Loading data...
Fitting regime detector...
Model is not converging.  Current: 77554.69033569616 is not greater than 77554.8800123427. Delta is -0.18967664655065164

============================================================
TRAINING COPPER
============================================================
Obs shape: (4, 3214)
Using cpu device
Training for 2,000,000 steps...
---------------------------------
| rollout/           |          |
|    ep_len_mean     | 112      |
|    ep_rew_mean     | -0.274   |
| time/              |          |
|    fps             | 662      |
|    iterations      | 1        |
|    time_elapsed    | 12       |
|    total_timesteps | 8192     |
---------------------------------
-----------------------------------------
| rollout/                |             |
|    ep_len_mean          | 85.3        |
|    ep_rew_mean          | 0.871       |
| time/                   |             |
|    fps                  | 498         |
|    iterations           | 2           |
|    time_elapsed         | 32          |
|    total_timesteps      | 16384       |
| train/                  |             |
|    approx_kl            | 0.012656859 |
|    clip_fraction        | 0.128       |
|    clip_range           | 0.2         |
|    entropy_loss         | -1.42       |
|    explained_variance   | -0.384      |
|    learning_rate        | 0.0001      |
|    loss                 | 0.169       |
|    n_updates            | 10          |
|    policy_gradient_loss | -0.0171     |
|    std                  | 0.999       |
|    value_loss           | 0.392       |
-----------------------------------------
-----------------------------------------
| rollout/                |             |
|    ep_len_mean          | 102         |
|    ep_rew_mean          | 1.6         |
| time/                   |             |
|    fps                  | 464         |
|    iterations           | 3           |
|    time_elapsed         | 52          |
|    total_timesteps      | 24576       |
| train/                  |             |
|    approx_kl            | 0.014374079 |
|    clip_fraction        | 0.152       |
|    clip_range           | 0.2         |
|    entropy_loss         | -1.41       |
|    explained_variance   | -0.0373     |
|    learning_rate        | 0.0001      |
|    loss                 | 0.283       |
|    n_updates            | 20          |
|    policy_gradient_loss | -0.0192     |
|    std                  | 0.98        |
|    value_loss           | 0.592       |
-----------------------------------------
-----------------------------------------
| rollout/                |             |
|    ep_len_mean          | 60.4        |
|    ep_rew_mean          | 2.02        |
| time/                   |             |
|    fps                  | 450         |
|    iterations           | 4           |
|    time_elapsed         | 72          |
|    total_timesteps      | 32768       |
| train/                  |             |
|    approx_kl            | 0.014265514 |
|    clip_fraction        | 0.145       |
|    clip_range           | 0.2         |
|    entropy_loss         | -1.39       |
|    explained_variance   | 0.239       |
|    learning_rate        | 0.0001      |
|    loss                 | 0.0907      |
|    n_updates            | 30          |
|    policy_gradient_loss | -0.017      |
|    std                  | 0.96        |
|    value_loss           | 0.289       |
-----------------------------------------
-----------------------------------------
| rollout/                |             |
|    ep_len_mean          | 111         |
|    ep_rew_mean          | 5.35        |
| time/                   |             |
|    fps                  | 433         |
|    iterations           | 5           |
|    time_elapsed         | 94          |
|    total_timesteps      | 40960       |
| train/                  |             |
|    approx_kl            | 0.009789076 |
|    clip_fraction        | 0.104       |
|    clip_range           | 0.2         |
|    entropy_loss         | -1.37       |
|    explained_variance   | 0.336       |
|    learning_rate        | 0.0001      |
|    loss                 | 0.266       |
|    n_updates            | 40          |
|    policy_gradient_loss | -0.0156     |
|    std                  | 0.945       |
|    value_loss           | 1.07        |
-----------------------------------------
-----------------------------------------
| rollout/                |             |
|    ep_len_mean          | 70.5        |
|    ep_rew_mean          | 1.61e+09    |
| time/                   |             |
|    fps                  | 425         |
|    iterations           | 6           |
|    time_elapsed         | 115         |
|    total_timesteps      | 49152       |
| train/                  |             |
|    approx_kl            | 0.009225644 |
|    clip_fraction        | 0.091       |
|    clip_range           | 0.2         |
|    entropy_loss         | -1.36       |
|    explained_variance   | 0.63        |
|    learning_rate        | 0.0001      |
|    loss                 | 0.552       |
|    n_updates            | 50          |
|    policy_gradient_loss | -0.015      |
|    std                  | 0.94        |
|    value_loss           | 1.14        |
-----------------------------------------
------------------------------------------
| rollout/                |              |
|    ep_len_mean          | 75.9         |
|    ep_rew_mean          | -8.91e+09    |
| time/                   |              |
|    fps                  | 423          |
|    iterations           | 7            |
|    time_elapsed         | 135          |
|    total_timesteps      | 57344        |
| train/                  |              |
|    approx_kl            | 0.0006407937 |
|    clip_fraction        | 0.00916      |
|    clip_range           | 0.2          |
|    entropy_loss         | -1.36        |
|    explained_variance   | 0            |
|    learning_rate        | 0.0001       |
|    loss                 | 1.85e+17     |
|    n_updates            | 60           |
|    policy_gradient_loss | 0.00136      |
|    std                  | 0.94         |
|    value_loss           | 4.26e+20     |
------------------------------------------
-----------------------------------------
| rollout/                |             |
|    ep_len_mean          | 137         |
|    ep_rew_mean          | 10          |
| time/                   |             |
|    fps                  | 420         |
|    iterations           | 8           |
|    time_elapsed         | 155         |
|    total_timesteps      | 65536       |
| train/                  |             |
|    approx_kl            | 0.010464273 |
|    clip_fraction        | 0.0977      |
|    clip_range           | 0.2         |
|    entropy_loss         | -1.35       |
|    explained_variance   | -0.00114    |
|    learning_rate        | 0.0001      |
|    loss                 | 0.798       |
|    n_updates            | 70          |
|    policy_gradient_loss | -0.0119     |
|    std                  | 0.932       |
|    value_loss           | 4.97        |
-----------------------------------------
-----------------------------------------
| rollout/                |             |
|    ep_len_mean          | 57.2        |
|    ep_rew_mean          | 3.86        |
| time/                   |             |
|    fps                  | 418         |
|    iterations           | 9           |
|    time_elapsed         | 175         |
|    total_timesteps      | 73728       |
| train/                  |             |
|    approx_kl            | 0.008841692 |
|    clip_fraction        | 0.0823      |
|    clip_range           | 0.2         |
|    entropy_loss         | -1.34       |
|    explained_variance   | 0.674       |
|    learning_rate        | 0.0001      |
|    loss                 | 0.826       |
|    n_updates            | 80          |
|    policy_gradient_loss | -0.0126     |
|    std                  | 0.924       |
|    value_loss           | 1.83        |
-----------------------------------------
-------------------------------------------
| rollout/                |               |
|    ep_len_mean          | 119           |
|    ep_rew_mean          | -1.04e+10     |
| time/                   |               |
|    fps                  | 391           |
|    iterations           | 10            |
|    time_elapsed         | 209           |
|    total_timesteps      | 81920         |
| train/                  |               |
|    approx_kl            | 0.00044465196 |
|    clip_fraction        | 0             |
|    clip_range           | 0.2           |
|    entropy_loss         | -1.34         |
|    explained_variance   | 0             |
|    learning_rate        | 0.0001        |
|    loss                 | 4.72e+17      |
|    n_updates            | 90            |
|    policy_gradient_loss | -0.000133     |
|    std                  | 0.924         |
|    value_loss           | 1.93e+20      |
-------------------------------------------
------------------------------------------
| rollout/                |              |
|    ep_len_mean          | 107          |
|    ep_rew_mean          | 8.23         |
| time/                   |              |
|    fps                  | 127          |
|    iterations           | 11           |
|    time_elapsed         | 708          |
|    total_timesteps      | 90112        |
| train/                  |              |
|    approx_kl            | 0.0031480487 |
|    clip_fraction        | 0.0235       |
|    clip_range           | 0.2          |
|    entropy_loss         | -1.34        |
|    explained_variance   | 0            |
|    learning_rate        | 0.0001       |
|    loss                 | 68.6         |
|    n_updates            | 100          |
|    policy_gradient_loss | -0.000503    |
|    std                  | 0.924        |
|    value_loss           | 7e+16        |
------------------------------------------
-----------------------------------------
| rollout/                |             |
|    ep_len_mean          | 101         |
|    ep_rew_mean          | 9.06        |
| time/                   |             |
|    fps                  | 84          |
|    iterations           | 12          |
|    time_elapsed         | 1164        |
|    total_timesteps      | 98304       |
| train/                  |             |
|    approx_kl            | 0.016849142 |
|    clip_fraction        | 0.114       |
|    clip_range           | 0.2         |
|    entropy_loss         | -1.34       |
|    explained_variance   | -0.000349   |
|    learning_rate        | 0.0001      |
|    loss                 | 0.786       |
|    n_updates            | 110         |
|    policy_gradient_loss | -0.00788    |
|    std                  | 0.917       |
|    value_loss           | 19.8        |
-----------------------------------------
-----------------------------------------
| rollout/                |             |
|    ep_len_mean          | 119         |
|    ep_rew_mean          | 11.1        |
| time/                   |             |
|    fps                  | 70          |
|    iterations           | 13          |
|    time_elapsed         | 1517        |
|    total_timesteps      | 106496      |
| train/                  |             |
|    approx_kl            | 0.010274652 |
|    clip_fraction        | 0.102       |
|    clip_range           | 0.2         |
|    entropy_loss         | -1.33       |
|    explained_variance   | 0.586       |
|    learning_rate        | 0.0001      |
|    loss                 | 0.699       |
|    n_updates            | 120         |
|    policy_gradient_loss | -0.0132     |
|    std                  | 0.91        |
|    value_loss           | 2.5         |
-----------------------------------------
-----------------------------------------
| rollout/                |             |
|    ep_len_mean          | 125         |
|    ep_rew_mean          | 13.7        |
| time/                   |             |
|    fps                  | 74          |
|    iterations           | 14          |
|    time_elapsed         | 1538        |
|    total_timesteps      | 114688      |
| train/                  |             |
|    approx_kl            | 0.011875595 |
|    clip_fraction        | 0.105       |
|    clip_range           | 0.2         |
|    entropy_loss         | -1.32       |
|    explained_variance   | 0.786       |
|    learning_rate        | 0.0001      |
|    loss                 | 0.959       |
|    n_updates            | 130         |
|    policy_gradient_loss | -0.0147     |
|    std                  | 0.901       |
|    value_loss           | 2.56        |
-----------------------------------------
-----------------------------------------
| rollout/                |             |
|    ep_len_mean          | 131         |
|    ep_rew_mean          | 14.5        |
| time/                   |             |
|    fps                  | 78          |
|    iterations           | 15          |
|    time_elapsed         | 1557        |
|    total_timesteps      | 122880      |
| train/                  |             |
|    approx_kl            | 0.009316826 |
|    clip_fraction        | 0.0934      |
|    clip_range           | 0.2         |
|    entropy_loss         | -1.31       |
|    explained_variance   | 0.876       |
|    learning_rate        | 0.0001      |
|    loss                 | 0.749       |
|    n_updates            | 140         |
|    policy_gradient_loss | -0.0133     |
|    std                  | 0.892       |
|    value_loss           | 3.06        |
-----------------------------------------
-----------------------------------------
| rollout/                |             |
|    ep_len_mean          | 77.2        |
|    ep_rew_mean          | 11.8        |
| time/                   |             |
|    fps                  | 83          |
|    iterations           | 16          |
|    time_elapsed         | 1577        |
|    total_timesteps      | 131072      |
| train/                  |             |
|    approx_kl            | 0.011842119 |
|    clip_fraction        | 0.118       |
|    clip_range           | 0.2         |
|    entropy_loss         | -1.3        |
|    explained_variance   | 0.909       |
|    learning_rate        | 0.0001      |
|    loss                 | 1.06        |
|    n_updates            | 150         |
|    policy_gradient_loss | -0.0137     |
|    std                  | 0.887       |
|    value_loss           | 2.92        |
-----------------------------------------
-----------------------------------------
| rollout/                |             |
|    ep_len_mean          | 109         |
|    ep_rew_mean          | 14.4        |
| time/                   |             |
|    fps                  | 87          |
|    iterations           | 17          |
|    time_elapsed         | 1597        |
|    total_timesteps      | 139264      |
| train/                  |             |
|    approx_kl            | 0.011713192 |
|    clip_fraction        | 0.101       |
|    clip_range           | 0.2         |
|    entropy_loss         | -1.3        |
|    explained_variance   | 0.921       |
|    learning_rate        | 0.0001      |
|    loss                 | 1.4         |
|    n_updates            | 160         |
|    policy_gradient_loss | -0.0136     |
|    std                  | 0.884       |
|    value_loss           | 5.22        |
-----------------------------------------
-----------------------------------------
| rollout/                |             |
|    ep_len_mean          | 97.1        |
|    ep_rew_mean          | 13.4        |
| time/                   |             |
|    fps                  | 91          |
|    iterations           | 18          |
|    time_elapsed         | 1618        |
|    total_timesteps      | 147456      |
| train/                  |             |
|    approx_kl            | 0.011909293 |
|    clip_fraction        | 0.108       |
|    clip_range           | 0.2         |
|    entropy_loss         | -1.29       |
|    explained_variance   | 0.924       |
|    learning_rate        | 0.0001      |
|    loss                 | 1.13        |
|    n_updates            | 170         |
|    policy_gradient_loss | -0.0121     |
|    std                  | 0.878       |
|    value_loss           | 4.06        |
-----------------------------------------
-----------------------------------------
| rollout/                |             |
|    ep_len_mean          | 110         |
|    ep_rew_mean          | 14.3        |
| time/                   |             |
|    fps                  | 95          |
|    iterations           | 19          |
|    time_elapsed         | 1637        |
|    total_timesteps      | 155648      |
| train/                  |             |
|    approx_kl            | 0.012559724 |
|    clip_fraction        | 0.121       |
|    clip_range           | 0.2         |
|    entropy_loss         | -1.29       |
|    explained_variance   | 0.94        |
|    learning_rate        | 0.0001      |
|    loss                 | 2.28        |
|    n_updates            | 180         |
|    policy_gradient_loss | -0.0134     |
|    std                  | 0.872       |
|    value_loss           | 4.64        |
-----------------------------------------
-----------------------------------------
| rollout/                |             |
|    ep_len_mean          | 115         |
|    ep_rew_mean          | 13.6        |
| time/                   |             |
|    fps                  | 98          |
|    iterations           | 20          |
|    time_elapsed         | 1657        |
|    total_timesteps      | 163840      |
| train/                  |             |
|    approx_kl            | 0.013647923 |
|    clip_fraction        | 0.145       |
|    clip_range           | 0.2         |
|    entropy_loss         | -1.28       |
|    explained_variance   | 0.94        |
|    learning_rate        | 0.0001      |
|    loss                 | 2.68        |
|    n_updates            | 190         |
|    policy_gradient_loss | -0.0108     |
|    std                  | 0.871       |
|    value_loss           | 5.11        |
-----------------------------------------
----------------------------------------
| rollout/                |            |
|    ep_len_mean          | 129        |
|    ep_rew_mean          | 18.5       |
| time/                   |            |
|    fps                  | 102        |
|    iterations           | 21         |
|    time_elapsed         | 1677       |
|    total_timesteps      | 172032     |
| train/                  |            |
|    approx_kl            | 0.01807845 |
|    clip_fraction        | 0.148      |
|    clip_range           | 0.2        |
|    entropy_loss         | -1.28      |
|    explained_variance   | 0.924      |
|    learning_rate        | 0.0001     |
|    loss                 | 1.41       |
|    n_updates            | 200        |
|    policy_gradient_loss | -0.0123    |
|    std                  | 0.865      |
|    value_loss           | 5.95       |
----------------------------------------
-----------------------------------------
| rollout/                |             |
|    ep_len_mean          | 74.5        |
|    ep_rew_mean          | 9.59        |
| time/                   |             |
|    fps                  | 106         |
|    iterations           | 22          |
|    time_elapsed         | 1697        |
|    total_timesteps      | 180224      |
| train/                  |             |
|    approx_kl            | 0.015018016 |
|    clip_fraction        | 0.151       |
|    clip_range           | 0.2         |
|    entropy_loss         | -1.27       |
|    explained_variance   | 0.931       |
|    learning_rate        | 0.0001      |
|    loss                 | 1.49        |
|    n_updates            | 210         |
|    policy_gradient_loss | -0.0122     |
|    std                  | 0.859       |
|    value_loss           | 6.31        |
-----------------------------------------
----------------------------------------
| rollout/                |            |
|    ep_len_mean          | 103        |
|    ep_rew_mean          | 15.6       |
| time/                   |            |
|    fps                  | 109        |
|    iterations           | 23         |
|    time_elapsed         | 1717       |
|    total_timesteps      | 188416     |
| train/                  |            |
|    approx_kl            | 0.01800233 |
|    clip_fraction        | 0.161      |
|    clip_range           | 0.2        |
|    entropy_loss         | -1.27      |
|    explained_variance   | 0.947      |
|    learning_rate        | 0.0001     |
|    loss                 | 2.9        |
|    n_updates            | 220        |
|    policy_gradient_loss | -0.0139    |
|    std                  | 0.858      |
|    value_loss           | 4.51       |
----------------------------------------
-----------------------------------------
| rollout/                |             |
|    ep_len_mean          | 99.6        |
|    ep_rew_mean          | 13          |
| time/                   |             |
|    fps                  | 113         |
|    iterations           | 24          |
|    time_elapsed         | 1737        |
|    total_timesteps      | 196608      |
| train/                  |             |
|    approx_kl            | 0.017330948 |
|    clip_fraction        | 0.152       |
|    clip_range           | 0.2         |
|    entropy_loss         | -1.26       |
|    explained_variance   | 0.941       |
|    learning_rate        | 0.0001      |
|    loss                 | 1.56        |
|    n_updates            | 230         |
|    policy_gradient_loss | -0.0127     |
|    std                  | 0.853       |
|    value_loss           | 7.46        |
-----------------------------------------
-----------------------------------------
| rollout/                |             |
|    ep_len_mean          | 126         |
|    ep_rew_mean          | -1.05e+10   |
| time/                   |             |
|    fps                  | 116         |
|    iterations           | 25          |
|    time_elapsed         | 1757        |
|    total_timesteps      | 204800      |
| train/                  |             |
|    approx_kl            | 0.017758984 |
|    clip_fraction        | 0.174       |
|    clip_range           | 0.2         |
|    entropy_loss         | -1.25       |
|    explained_variance   | 0.94        |
|    learning_rate        | 0.0001      |
|    loss                 | 1.46        |
|    n_updates            | 240         |
|    policy_gradient_loss | -0.0104     |
|    std                  | 0.844       |
|    value_loss           | 5.72        |
-----------------------------------------
----------------------------------------
| rollout/                |            |
|    ep_len_mean          | 82.8       |
|    ep_rew_mean          | 1e+10      |
| time/                   |            |
|    fps                  | 119        |
|    iterations           | 26         |
|    time_elapsed         | 1775       |
|    total_timesteps      | 212992     |
| train/                  |            |
|    approx_kl            | 0.03962056 |
|    clip_fraction        | 0.422      |
|    clip_range           | 0.2        |
|    entropy_loss         | -1.25      |
|    explained_variance   | 0          |
|    learning_rate        | 0.0001     |
|    loss                 | 3.07e+17   |
|    n_updates            | 250        |
|    policy_gradient_loss | 0.0196     |
|    std                  | 0.843      |
|    value_loss           | 1.98e+20   |
----------------------------------------
-----------------------------------------
| rollout/                |             |
|    ep_len_mean          | 95.2        |
|    ep_rew_mean          | 12.9        |
| time/                   |             |
|    fps                  | 123         |
|    iterations           | 27          |
|    time_elapsed         | 1796        |
|    total_timesteps      | 221184      |
| train/                  |             |
|    approx_kl            | 0.024498824 |
|    clip_fraction        | 0.216       |
|    clip_range           | 0.2         |
|    entropy_loss         | -1.25       |
|    explained_variance   | 0           |
|    learning_rate        | 0.0001      |
|    loss                 | 1.36        |
|    n_updates            | 260         |
|    policy_gradient_loss | -0.0062     |
|    std                  | 0.843       |
|    value_loss           | 2.31e+20    |
-----------------------------------------
-----------------------------------------
| rollout/                |             |
|    ep_len_mean          | 89.5        |
|    ep_rew_mean          | 11.9        |
| time/                   |             |
|    fps                  | 126         |
|    iterations           | 28          |
|    time_elapsed         | 1813        |
|    total_timesteps      | 229376      |
| train/                  |             |
|    approx_kl            | 0.017108638 |
|    clip_fraction        | 0.151       |
|    clip_range           | 0.2         |
|    entropy_loss         | -1.25       |
|    explained_variance   | 0.729       |
|    learning_rate        | 0.0001      |
|    loss                 | 0.789       |
|    n_updates            | 270         |
|    policy_gradient_loss | -0.0135     |
|    std                  | 0.85        |
|    value_loss           | 4.49        |
-----------------------------------------
-----------------------------------------
| rollout/                |             |
|    ep_len_mean          | 89          |
|    ep_rew_mean          | 14.9        |
| time/                   |             |
|    fps                  | 129         |
|    iterations           | 29          |
|    time_elapsed         | 1833        |
|    total_timesteps      | 237568      |
| train/                  |             |
|    approx_kl            | 0.011915778 |
|    clip_fraction        | 0.105       |
|    clip_range           | 0.2         |
|    entropy_loss         | -1.25       |
|    explained_variance   | 0.843       |
|    learning_rate        | 0.0001      |
|    loss                 | 2           |
|    n_updates            | 280         |
|    policy_gradient_loss | -0.0111     |
|    std                  | 0.844       |
|    value_loss           | 5.8         |
-----------------------------------------
----------------------------------------
| rollout/                |            |
|    ep_len_mean          | 63.6       |
|    ep_rew_mean          | 12.6       |
| time/                   |            |
|    fps                  | 132        |
|    iterations           | 30         |
|    time_elapsed         | 1854       |
|    total_timesteps      | 245760     |
| train/                  |            |
|    approx_kl            | 0.01307914 |
|    clip_fraction        | 0.119      |
|    clip_range           | 0.2        |
|    entropy_loss         | -1.25      |
|    explained_variance   | 0.909      |
|    learning_rate        | 0.0001     |
|    loss                 | 1.19       |
|    n_updates            | 290        |
|    policy_gradient_loss | -0.0138    |
|    std                  | 0.841      |
|    value_loss           | 5.09       |
----------------------------------------

[Eval step 250000] equity=10000 return=-0.00% (best=-inf%)
  -> Saved best model (return=-0.00%)
-----------------------------------------
| rollout/                |             |
|    ep_len_mean          | 108         |
|    ep_rew_mean          | 26.4        |
| time/                   |             |
|    fps                  | 135         |
|    iterations           | 31          |
|    time_elapsed         | 1874        |
|    total_timesteps      | 253952      |
| train/                  |             |
|    approx_kl            | 0.011779484 |
|    clip_fraction        | 0.107       |
|    clip_range           | 0.2         |
|    entropy_loss         | -1.24       |
|    explained_variance   | 0.916       |
|    learning_rate        | 0.0001      |
|    loss                 | 1.5         |
|    n_updates            | 300         |
|    policy_gradient_loss | -0.013      |
|    std                  | 0.834       |
|    value_loss           | 7.16        |
-----------------------------------------
-----------------------------------------
| rollout/                |             |
|    ep_len_mean          | 131         |
|    ep_rew_mean          | 29.4        |
| time/                   |             |
|    fps                  | 138         |
|    iterations           | 32          |
|    time_elapsed         | 1894        |
|    total_timesteps      | 262144      |
| train/                  |             |
|    approx_kl            | 0.015311252 |
|    clip_fraction        | 0.141       |
|    clip_range           | 0.2         |
|    entropy_loss         | -1.24       |
|    explained_variance   | 0.946       |
|    learning_rate        | 0.0001      |
|    loss                 | 3.5         |
|    n_updates            | 310         |
|    policy_gradient_loss | -0.0132     |
|    std                  | 0.83        |
|    value_loss           | 5.7         |
-----------------------------------------
-----------------------------------------
| rollout/                |             |
|    ep_len_mean          | 76          |
|    ep_rew_mean          | 18.7        |
| time/                   |             |
|    fps                  | 141         |
|    iterations           | 33          |
|    time_elapsed         | 1913        |
|    total_timesteps      | 270336      |
| train/                  |             |
|    approx_kl            | 0.016543753 |
|    clip_fraction        | 0.138       |
|    clip_range           | 0.2         |
|    entropy_loss         | -1.23       |
|    explained_variance   | 0.958       |
|    learning_rate        | 0.0001      |
|    loss                 | 2.32        |
|    n_updates            | 320         |
|    policy_gradient_loss | -0.0139     |
|    std                  | 0.829       |
|    value_loss           | 4.94        |
-----------------------------------------
------------------------------------------
| rollout/                |              |
|    ep_len_mean          | 65.8         |
|    ep_rew_mean          | 12.3         |
| time/                   |              |
|    fps                  | 144          |
|    iterations           | 34           |
|    time_elapsed         | 1932         |
|    total_timesteps      | 278528       |
| train/                  |              |
|    approx_kl            | 0.0020944215 |
|    clip_fraction        | 0.0142       |
|    clip_range           | 0.2          |
|    entropy_loss         | -1.23        |
|    explained_variance   | 0            |
|    learning_rate        | 0.0001       |
|    loss                 | 5.32e+17     |
|    n_updates            | 330          |
|    policy_gradient_loss | -0.000139    |
|    std                  | 0.829        |
|    value_loss           | 3.51e+20     |
------------------------------------------
-----------------------------------------
| rollout/                |             |
|    ep_len_mean          | 93.7        |
|    ep_rew_mean          | 19.9        |
| time/                   |             |
|    fps                  | 146         |
|    iterations           | 35          |
|    time_elapsed         | 1952        |
|    total_timesteps      | 286720      |
| train/                  |             |
|    approx_kl            | 0.025657687 |
|    clip_fraction        | 0.164       |
|    clip_range           | 0.2         |
|    entropy_loss         | -1.23       |
|    explained_variance   | 0           |
|    learning_rate        | 0.0001      |
|    loss                 | 3.18        |
|    n_updates            | 340         |
|    policy_gradient_loss | -0.0096     |
|    std                  | 0.833       |
|    value_loss           | 3.51e+13    |
-----------------------------------------
-----------------------------------------
| rollout/                |             |
|    ep_len_mean          | 86.5        |
|    ep_rew_mean          | 19.8        |
| time/                   |             |
|    fps                  | 149         |
|    iterations           | 36          |
|    time_elapsed         | 1971        |
|    total_timesteps      | 294912      |
| train/                  |             |
|    approx_kl            | 0.021566644 |
|    clip_fraction        | 0.168       |
|    clip_range           | 0.2         |
|    entropy_loss         | -1.24       |
|    explained_variance   | 0.729       |
|    learning_rate        | 0.0001      |
|    loss                 | 3.2         |
|    n_updates            | 350         |
|    policy_gradient_loss | -0.0136     |
|    std                  | 0.837       |
|    value_loss           | 8.09        |
-----------------------------------------
-----------------------------------------
| rollout/                |             |
|    ep_len_mean          | 103         |
|    ep_rew_mean          | 22          |
| time/                   |             |
|    fps                  | 152         |
|    iterations           | 37          |
|    time_elapsed         | 1991        |
|    total_timesteps      | 303104      |
| train/                  |             |
|    approx_kl            | 0.013517939 |
|    clip_fraction        | 0.12        |
|    clip_range           | 0.2         |
|    entropy_loss         | -1.24       |
|    explained_variance   | 0.847       |
|    learning_rate        | 0.0001      |
|    loss                 | 0.665       |
|    n_updates            | 360         |
|    policy_gradient_loss | -0.00995    |
|    std                  | 0.832       |
|    value_loss           | 6.51        |
-----------------------------------------
-----------------------------------------
| rollout/                |             |
|    ep_len_mean          | 89.5        |
|    ep_rew_mean          | 18.9        |
| time/                   |             |
|    fps                  | 154         |
|    iterations           | 38          |
|    time_elapsed         | 2012        |
|    total_timesteps      | 311296      |
| train/                  |             |
|    approx_kl            | 0.015302145 |
|    clip_fraction        | 0.132       |
|    clip_range           | 0.2         |
|    entropy_loss         | -1.24       |
|    explained_variance   | 0.93        |
|    learning_rate        | 0.0001      |
|    loss                 | 5.33        |
|    n_updates            | 370         |
|    policy_gradient_loss | -0.0144     |
|    std                  | 0.832       |
|    value_loss           | 7.17        |
-----------------------------------------
-----------------------------------------
| rollout/                |             |
|    ep_len_mean          | 97.6        |
|    ep_rew_mean          | 21.5        |
| time/                   |             |
|    fps                  | 157         |
|    iterations           | 39          |
|    time_elapsed         | 2031        |
|    total_timesteps      | 319488      |
| train/                  |             |
|    approx_kl            | 0.014033672 |
|    clip_fraction        | 0.125       |
|    clip_range           | 0.2         |
|    entropy_loss         | -1.23       |
|    explained_variance   | 0.937       |
|    learning_rate        | 0.0001      |
|    loss                 | 1.95        |
|    n_updates            | 380         |
|    policy_gradient_loss | -0.0127     |
|    std                  | 0.829       |
|    value_loss           | 7.51        |
-----------------------------------------
----------------------------------------
| rollout/                |            |
|    ep_len_mean          | 103        |
|    ep_rew_mean          | 22.9       |
| time/                   |            |
|    fps                  | 159        |
|    iterations           | 40         |
|    time_elapsed         | 2051       |
|    total_timesteps      | 327680     |
| train/                  |            |
|    approx_kl            | 0.01642186 |
|    clip_fraction        | 0.135      |
|    clip_range           | 0.2        |
|    entropy_loss         | -1.23      |
|    explained_variance   | 0.952      |
|    learning_rate        | 0.0001     |
|    loss                 | 2.24       |
|    n_updates            | 390        |
|    policy_gradient_loss | -0.0126    |
|    std                  | 0.822      |
|    value_loss           | 6.34       |
----------------------------------------
-----------------------------------------
| rollout/                |             |
|    ep_len_mean          | 48.4        |
|    ep_rew_mean          | 10.6        |
| time/                   |             |
|    fps                  | 162         |
|    iterations           | 41          |
|    time_elapsed         | 2070        |
|    total_timesteps      | 335872      |
| train/                  |             |
|    approx_kl            | 0.014918906 |
|    clip_fraction        | 0.126       |
|    clip_range           | 0.2         |
|    entropy_loss         | -1.22       |
|    explained_variance   | 0.945       |
|    learning_rate        | 0.0001      |
|    loss                 | 4.78        |
|    n_updates            | 400         |
|    policy_gradient_loss | -0.0142     |
|    std                  | 0.817       |
|    value_loss           | 9.82        |
-----------------------------------------
-----------------------------------------
| rollout/                |             |
|    ep_len_mean          | 104         |
|    ep_rew_mean          | 22          |
| time/                   |             |
|    fps                  | 164         |
|    iterations           | 42          |
|    time_elapsed         | 2089        |
|    total_timesteps      | 344064      |
| train/                  |             |
|    approx_kl            | 0.013584841 |
|    clip_fraction        | 0.145       |
|    clip_range           | 0.2         |
|    entropy_loss         | -1.22       |
|    explained_variance   | 0.965       |
|    learning_rate        | 0.0001      |
|    loss                 | 2.28        |
|    n_updates            | 410         |
|    policy_gradient_loss | -0.0113     |
|    std                  | 0.818       |
|    value_loss           | 7.28        |
-----------------------------------------
-----------------------------------------
| rollout/                |             |
|    ep_len_mean          | 143         |
|    ep_rew_mean          | 31.2        |
| time/                   |             |
|    fps                  | 166         |
|    iterations           | 43          |
|    time_elapsed         | 2110        |
|    total_timesteps      | 352256      |
| train/                  |             |
|    approx_kl            | 0.017280443 |
|    clip_fraction        | 0.142       |
|    clip_range           | 0.2         |
|    entropy_loss         | -1.22       |
|    explained_variance   | 0.96        |
|    learning_rate        | 0.0001      |
|    loss                 | 2.4         |
|    n_updates            | 420         |
|    policy_gradient_loss | -0.0124     |
|    std                  | 0.822       |
|    value_loss           | 10.3        |
-----------------------------------------
-----------------------------------------
| rollout/                |             |
|    ep_len_mean          | 76.9        |
|    ep_rew_mean          | 18          |
| time/                   |             |
|    fps                  | 169         |
|    iterations           | 44          |
|    time_elapsed         | 2131        |
|    total_timesteps      | 360448      |
| train/                  |             |
|    approx_kl            | 0.015053525 |
|    clip_fraction        | 0.139       |
|    clip_range           | 0.2         |
|    entropy_loss         | -1.22       |
|    explained_variance   | 0.958       |
|    learning_rate        | 0.0001      |
|    loss                 | 9.18        |
|    n_updates            | 430         |
|    policy_gradient_loss | -0.0113     |
|    std                  | 0.822       |
|    value_loss           | 6.51        |
-----------------------------------------
-----------------------------------------
| rollout/                |             |
|    ep_len_mean          | 123         |
|    ep_rew_mean          | 29.3        |
| time/                   |             |
|    fps                  | 171         |
|    iterations           | 45          |
|    time_elapsed         | 2151        |
|    total_timesteps      | 368640      |
| train/                  |             |
|    approx_kl            | 0.018495772 |
|    clip_fraction        | 0.162       |
|    clip_range           | 0.2         |
|    entropy_loss         | -1.22       |
|    explained_variance   | 0.979       |
|    learning_rate        | 0.0001      |
|    loss                 | 2.59        |
|    n_updates            | 440         |
|    policy_gradient_loss | -0.0135     |
|    std                  | 0.819       |
|    value_loss           | 6.07        |
-----------------------------------------
-----------------------------------------
| rollout/                |             |
|    ep_len_mean          | 131         |
|    ep_rew_mean          | 33.7        |
| time/                   |             |
|    fps                  | 173         |
|    iterations           | 46          |
|    time_elapsed         | 2172        |
|    total_timesteps      | 376832      |
| train/                  |             |
|    approx_kl            | 0.017063767 |
|    clip_fraction        | 0.165       |
|    clip_range           | 0.2         |
|    entropy_loss         | -1.22       |
|    explained_variance   | 0.965       |
|    learning_rate        | 0.0001      |
|    loss                 | 2.3         |
|    n_updates            | 450         |
|    policy_gradient_loss | -0.0103     |
|    std                  | 0.817       |
|    value_loss           | 7.66        |
-----------------------------------------
-----------------------------------------
| rollout/                |             |
|    ep_len_mean          | 86          |
|    ep_rew_mean          | 22.3        |
| time/                   |             |
|    fps                  | 175         |
|    iterations           | 47          |
|    time_elapsed         | 2192        |
|    total_timesteps      | 385024      |
| train/                  |             |
|    approx_kl            | 0.019228667 |
|    clip_fraction        | 0.176       |
|    clip_range           | 0.2         |
|    entropy_loss         | -1.22       |
|    explained_variance   | 0.985       |
|    learning_rate        | 0.0001      |
|    loss                 | 0.544       |
|    n_updates            | 460         |
|    policy_gradient_loss | -0.0133     |
|    std                  | 0.823       |
|    value_loss           | 2.04        |
-----------------------------------------
-----------------------------------------
| rollout/                |             |
|    ep_len_mean          | 116         |
|    ep_rew_mean          | 28          |
| time/                   |             |
|    fps                  | 177         |
|    iterations           | 48          |
|    time_elapsed         | 2211        |
|    total_timesteps      | 393216      |
| train/                  |             |
|    approx_kl            | 0.013039403 |
|    clip_fraction        | 0.111       |
|    clip_range           | 0.2         |
|    entropy_loss         | -1.22       |
|    explained_variance   | 0.975       |
|    learning_rate        | 0.0001      |
|    loss                 | 1.77        |
|    n_updates            | 470         |
|    policy_gradient_loss | -0.0101     |
|    std                  | 0.822       |
|    value_loss           | 7.47        |
-----------------------------------------
-----------------------------------------
| rollout/                |             |
|    ep_len_mean          | 123         |
|    ep_rew_mean          | 30          |
| time/                   |             |
|    fps                  | 179         |
|    iterations           | 49          |
|    time_elapsed         | 2231        |
|    total_timesteps      | 401408      |
| train/                  |             |
|    approx_kl            | 0.016963854 |
|    clip_fraction        | 0.146       |
|    clip_range           | 0.2         |
|    entropy_loss         | -1.22       |
|    explained_variance   | 0.965       |
|    learning_rate        | 0.0001      |
|    loss                 | 2.25        |
|    n_updates            | 480         |
|    policy_gradient_loss | -0.0127     |
|    std                  | 0.822       |
|    value_loss           | 7.46        |
-----------------------------------------
-----------------------------------------
| rollout/                |             |
|    ep_len_mean          | 98.3        |
|    ep_rew_mean          | -1.16e+10   |
| time/                   |             |
|    fps                  | 181         |
|    iterations           | 50          |
|    time_elapsed         | 2251        |
|    total_timesteps      | 409600      |
| train/                  |             |
|    approx_kl            | 0.003709779 |
|    clip_fraction        | 0.0325      |
|    clip_range           | 0.2         |
|    entropy_loss         | -1.22       |
|    explained_variance   | 0           |
|    learning_rate        | 0.0001      |
|    loss                 | 4.67e+17    |
|    n_updates            | 490         |
|    policy_gradient_loss | 0.000607    |
|    std                  | 0.822       |
|    value_loss           | 2.25e+20    |
-----------------------------------------
------------------------------------------
| rollout/                |              |
|    ep_len_mean          | 101          |
|    ep_rew_mean          | 28.8         |
| time/                   |              |
|    fps                  | 183          |
|    iterations           | 51           |
|    time_elapsed         | 2272         |
|    total_timesteps      | 417792       |
| train/                  |              |
|    approx_kl            | 0.0076409276 |
|    clip_fraction        | 0.107        |
|    clip_range           | 0.2          |
|    entropy_loss         | -1.22        |
|    explained_variance   | 0            |
|    learning_rate        | 0.0001       |
|    loss                 | 422          |
|    n_updates            | 500          |
|    policy_gradient_loss | 0.00258      |
|    std                  | 0.821        |
|    value_loss           | 2.31e+17     |
------------------------------------------
-----------------------------------------
| rollout/                |             |
|    ep_len_mean          | 90.3        |
|    ep_rew_mean          | 25.7        |
| time/                   |             |
|    fps                  | 185         |
|    iterations           | 52          |
|    time_elapsed         | 2292        |
|    total_timesteps      | 425984      |
| train/                  |             |
|    approx_kl            | 0.033385307 |
|    clip_fraction        | 0.19        |
|    clip_range           | 0.2         |
|    entropy_loss         | -1.23       |
|    explained_variance   | -0.000219   |
|    learning_rate        | 0.0001      |
|    loss                 | 2.44        |
|    n_updates            | 510         |
|    policy_gradient_loss | -0.00758    |
|    std                  | 0.833       |
|    value_loss           | 224         |
-----------------------------------------
-----------------------------------------
| rollout/                |             |
|    ep_len_mean          | 110         |
|    ep_rew_mean          | 30.3        |
| time/                   |             |
|    fps                  | 187         |
|    iterations           | 53          |
|    time_elapsed         | 2312        |
|    total_timesteps      | 434176      |
| train/                  |             |
|    approx_kl            | 0.016627358 |
|    clip_fraction        | 0.144       |
|    clip_range           | 0.2         |
|    entropy_loss         | -1.24       |
|    explained_variance   | 0.682       |
|    learning_rate        | 0.0001      |
|    loss                 | 1.95        |
|    n_updates            | 520         |
|    policy_gradient_loss | -0.012      |
|    std                  | 0.835       |
|    value_loss           | 9.51        |
-----------------------------------------
-----------------------------------------
| rollout/                |             |
|    ep_len_mean          | 96.7        |
|    ep_rew_mean          | 21.9        |
| time/                   |             |
|    fps                  | 189         |
|    iterations           | 54          |
|    time_elapsed         | 2333        |
|    total_timesteps      | 442368      |
| train/                  |             |
|    approx_kl            | 0.019171953 |
|    clip_fraction        | 0.152       |
|    clip_range           | 0.2         |
|    entropy_loss         | -1.23       |
|    explained_variance   | 0.89        |
|    learning_rate        | 0.0001      |
|    loss                 | 1.01        |
|    n_updates            | 530         |
|    policy_gradient_loss | -0.0155     |
|    std                  | 0.826       |
|    value_loss           | 7.59        |
-----------------------------------------
-----------------------------------------
| rollout/                |             |
|    ep_len_mean          | 126         |
|    ep_rew_mean          | 31          |
| time/                   |             |
|    fps                  | 191         |
|    iterations           | 55          |
|    time_elapsed         | 2352        |
|    total_timesteps      | 450560      |
| train/                  |             |
|    approx_kl            | 0.017178597 |
|    clip_fraction        | 0.141       |
|    clip_range           | 0.2         |
|    entropy_loss         | -1.23       |
|    explained_variance   | 0.936       |
|    learning_rate        | 0.0001      |
|    loss                 | 1.9         |
|    n_updates            | 540         |
|    policy_gradient_loss | -0.0144     |
|    std                  | 0.825       |
|    value_loss           | 7.39        |
-----------------------------------------
-----------------------------------------
| rollout/                |             |
|    ep_len_mean          | 118         |
|    ep_rew_mean          | 26.1        |
| time/                   |             |
|    fps                  | 193         |
|    iterations           | 56          |
|    time_elapsed         | 2372        |
|    total_timesteps      | 458752      |
| train/                  |             |
|    approx_kl            | 0.017148668 |
|    clip_fraction        | 0.164       |
|    clip_range           | 0.2         |
|    entropy_loss         | -1.23       |
|    explained_variance   | 0.955       |
|    learning_rate        | 0.0001      |
|    loss                 | 2.05        |
|    n_updates            | 550         |
|    policy_gradient_loss | -0.0128     |
|    std                  | 0.827       |
|    value_loss           | 7.3         |
-----------------------------------------
-----------------------------------------
| rollout/                |             |
|    ep_len_mean          | 121         |
|    ep_rew_mean          | 29.9        |
| time/                   |             |
|    fps                  | 195         |
|    iterations           | 57          |
|    time_elapsed         | 2392        |
|    total_timesteps      | 466944      |
| train/                  |             |
|    approx_kl            | 0.017303959 |
|    clip_fraction        | 0.143       |
|    clip_range           | 0.2         |
|    entropy_loss         | -1.23       |
|    explained_variance   | 0.971       |
|    learning_rate        | 0.0001      |
|    loss                 | 1.2         |
|    n_updates            | 560         |
|    policy_gradient_loss | -0.0148     |
|    std                  | 0.826       |
|    value_loss           | 4.35        |
-----------------------------------------
-----------------------------------------
| rollout/                |             |
|    ep_len_mean          | 140         |
|    ep_rew_mean          | 35.3        |
| time/                   |             |
|    fps                  | 196         |
|    iterations           | 58          |
|    time_elapsed         | 2413        |
|    total_timesteps      | 475136      |
| train/                  |             |
|    approx_kl            | 0.014318272 |
|    clip_fraction        | 0.131       |
|    clip_range           | 0.2         |
|    entropy_loss         | -1.22       |
|    explained_variance   | 0.965       |
|    learning_rate        | 0.0001      |
|    loss                 | 2.53        |
|    n_updates            | 570         |
|    policy_gradient_loss | -0.0143     |
|    std                  | 0.819       |
|    value_loss           | 8.83        |
-----------------------------------------
-----------------------------------------
| rollout/                |             |
|    ep_len_mean          | 80.7        |
|    ep_rew_mean          | 24.2        |
| time/                   |             |
|    fps                  | 198         |
|    iterations           | 59          |
|    time_elapsed         | 2433        |
|    total_timesteps      | 483328      |
| train/                  |             |
|    approx_kl            | 0.015064416 |
|    clip_fraction        | 0.125       |
|    clip_range           | 0.2         |
|    entropy_loss         | -1.22       |
|    explained_variance   | 0.961       |
|    learning_rate        | 0.0001      |
|    loss                 | 1.66        |
|    n_updates            | 580         |
|    policy_gradient_loss | -0.0128     |
|    std                  | 0.814       |
|    value_loss           | 9.98        |
-----------------------------------------
-----------------------------------------
| rollout/                |             |
|    ep_len_mean          | 77          |
|    ep_rew_mean          | 23.5        |
| time/                   |             |
|    fps                  | 200         |
|    iterations           | 60          |
|    time_elapsed         | 2452        |
|    total_timesteps      | 491520      |
| train/                  |             |
|    approx_kl            | 0.012450896 |
|    clip_fraction        | 0.122       |
|    clip_range           | 0.2         |
|    entropy_loss         | -1.21       |
|    explained_variance   | 0.961       |
|    learning_rate        | 0.0001      |
|    loss                 | 4.35        |
|    n_updates            | 590         |
|    policy_gradient_loss | -0.0108     |
|    std                  | 0.811       |
|    value_loss           | 16.3        |
-----------------------------------------
-----------------------------------------
| rollout/                |             |
|    ep_len_mean          | 74          |
|    ep_rew_mean          | 18.7        |
| time/                   |             |
|    fps                  | 202         |
|    iterations           | 61          |
|    time_elapsed         | 2471        |
|    total_timesteps      | 499712      |
| train/                  |             |
|    approx_kl            | 0.026636247 |
|    clip_fraction        | 0.195       |
|    clip_range           | 0.2         |
|    entropy_loss         | -1.21       |
|    explained_variance   | 0.991       |
|    learning_rate        | 0.0001      |
|    loss                 | 1.17        |
|    n_updates            | 600         |
|    policy_gradient_loss | -0.0139     |
|    std                  | 0.805       |
|    value_loss           | 2.19        |
-----------------------------------------

[Eval step 500000] equity=10000 return=-0.00% (best=-0.00%)
-----------------------------------------
| rollout/                |             |
|    ep_len_mean          | 115         |
|    ep_rew_mean          | 29.5        |
| time/                   |             |
|    fps                  | 203         |
|    iterations           | 62          |
|    time_elapsed         | 2491        |
|    total_timesteps      | 507904      |
| train/                  |             |
|    approx_kl            | 0.011210557 |
|    clip_fraction        | 0.113       |
|    clip_range           | 0.2         |
|    entropy_loss         | -1.2        |
|    explained_variance   | 0.975       |
|    learning_rate        | 0.0001      |
|    loss                 | 4.24        |
|    n_updates            | 610         |
|    policy_gradient_loss | -0.0097     |
|    std                  | 0.801       |
|    value_loss           | 10.9        |
-----------------------------------------
----------------------------------------
| rollout/                |            |
|    ep_len_mean          | 109        |
|    ep_rew_mean          | 25.4       |
| time/                   |            |
|    fps                  | 205        |
|    iterations           | 63         |
|    time_elapsed         | 2511       |
|    total_timesteps      | 516096     |
| train/                  |            |
|    approx_kl            | 0.01631212 |
|    clip_fraction        | 0.156      |
|    clip_range           | 0.2        |
|    entropy_loss         | -1.19      |
|    explained_variance   | 0.987      |
|    learning_rate        | 0.0001     |
|    loss                 | 0.983      |
|    n_updates            | 620        |
|    policy_gradient_loss | -0.0146    |
|    std                  | 0.796      |
|    value_loss           | 4.55       |
----------------------------------------
-----------------------------------------
| rollout/                |             |
|    ep_len_mean          | 133         |
|    ep_rew_mean          | 32.7        |
| time/                   |             |
|    fps                  | 207         |
|    iterations           | 64          |
|    time_elapsed         | 2530        |
|    total_timesteps      | 524288      |
| train/                  |             |
|    approx_kl            | 0.016303506 |
|    clip_fraction        | 0.152       |
|    clip_range           | 0.2         |
|    entropy_loss         | -1.19       |
|    explained_variance   | 0.968       |
|    learning_rate        | 0.0001      |
|    loss                 | 2.33        |
|    n_updates            | 630         |
|    policy_gradient_loss | -0.0116     |
|    std                  | 0.797       |
|    value_loss           | 11.4        |
-----------------------------------------
-----------------------------------------
| rollout/                |             |
|    ep_len_mean          | 130         |
|    ep_rew_mean          | 33.2        |
| time/                   |             |
|    fps                  | 208         |
|    iterations           | 65          |
|    time_elapsed         | 2550        |
|    total_timesteps      | 532480      |
| train/                  |             |
|    approx_kl            | 0.022319417 |
|    clip_fraction        | 0.193       |
|    clip_range           | 0.2         |
|    entropy_loss         | -1.2        |
|    explained_variance   | 0.986       |
|    learning_rate        | 0.0001      |
|    loss                 | 13.8        |
|    n_updates            | 640         |
|    policy_gradient_loss | -0.0121     |
|    std                  | 0.802       |
|    value_loss           | 5.43        |
-----------------------------------------
-----------------------------------------
| rollout/                |             |
|    ep_len_mean          | 101         |
|    ep_rew_mean          | 26.3        |
| time/                   |             |
|    fps                  | 210         |
|    iterations           | 66          |
|    time_elapsed         | 2571        |
|    total_timesteps      | 540672      |
| train/                  |             |
|    approx_kl            | 0.019064736 |
|    clip_fraction        | 0.149       |
|    clip_range           | 0.2         |
|    entropy_loss         | -1.2        |
|    explained_variance   | 0.985       |
|    learning_rate        | 0.0001      |
|    loss                 | 1.01        |
|    n_updates            | 650         |
|    policy_gradient_loss | -0.0149     |
|    std                  | 0.799       |
|    value_loss           | 4.53        |
-----------------------------------------
-----------------------------------------
| rollout/                |             |
|    ep_len_mean          | 128         |
|    ep_rew_mean          | 35.5        |
| time/                   |             |
|    fps                  | 211         |
|    iterations           | 67          |
|    time_elapsed         | 2589        |
|    total_timesteps      | 548864      |
| train/                  |             |
|    approx_kl            | 0.019798115 |
|    clip_fraction        | 0.164       |
|    clip_range           | 0.2         |
|    entropy_loss         | -1.19       |
|    explained_variance   | 0.985       |
|    learning_rate        | 0.0001      |
|    loss                 | 10.4        |
|    n_updates            | 660         |
|    policy_gradient_loss | -0.0112     |
|    std                  | 0.795       |
|    value_loss           | 6.39        |
-----------------------------------------
-----------------------------------------
| rollout/                |             |
|    ep_len_mean          | 58          |
|    ep_rew_mean          | 13.4        |
| time/                   |             |
|    fps                  | 213         |
|    iterations           | 68          |
|    time_elapsed         | 2608        |
|    total_timesteps      | 557056      |
| train/                  |             |
|    approx_kl            | 0.013402009 |
|    clip_fraction        | 0.129       |
|    clip_range           | 0.2         |
|    entropy_loss         | -1.19       |
|    explained_variance   | 0.964       |
|    learning_rate        | 0.0001      |
|    loss                 | 12.3        |
|    n_updates            | 670         |
|    policy_gradient_loss | -0.0102     |
|    std                  | 0.796       |
|    value_loss           | 15.3        |
-----------------------------------------
----------------------------------------
| rollout/                |            |
|    ep_len_mean          | 86.6       |
|    ep_rew_mean          | 19.6       |
| time/                   |            |
|    fps                  | 215        |
|    iterations           | 69         |
|    time_elapsed         | 2628       |
|    total_timesteps      | 565248     |
| train/                  |            |
|    approx_kl            | 0.02352082 |
|    clip_fraction        | 0.183      |
|    clip_range           | 0.2        |
|    entropy_loss         | -1.19      |
|    explained_variance   | 0.987      |
|    learning_rate        | 0.0001     |
|    loss                 | 4.6        |
|    n_updates            | 680        |
|    policy_gradient_loss | -0.0108    |
|    std                  | 0.796      |
|    value_loss           | 5.07       |
----------------------------------------
-----------------------------------------
| rollout/                |             |
|    ep_len_mean          | 120         |
|    ep_rew_mean          | 30          |
| time/                   |             |
|    fps                  | 216         |
|    iterations           | 70          |
|    time_elapsed         | 2649        |
|    total_timesteps      | 573440      |
| train/                  |             |
|    approx_kl            | 0.017528286 |
|    clip_fraction        | 0.148       |
|    clip_range           | 0.2         |
|    entropy_loss         | -1.19       |
|    explained_variance   | 0.978       |
|    learning_rate        | 0.0001      |
|    loss                 | 1.25        |
|    n_updates            | 690         |
|    policy_gradient_loss | -0.0105     |
|    std                  | 0.796       |
|    value_loss           | 11.8        |
-----------------------------------------
-----------------------------------------
| rollout/                |             |
|    ep_len_mean          | 91.7        |
|    ep_rew_mean          | 27.3        |
| time/                   |             |
|    fps                  | 217         |
|    iterations           | 71          |
|    time_elapsed         | 2669        |
|    total_timesteps      | 581632      |
| train/                  |             |
|    approx_kl            | 0.019112293 |
|    clip_fraction        | 0.157       |
|    clip_range           | 0.2         |
|    entropy_loss         | -1.19       |
|    explained_variance   | 0.978       |
|    learning_rate        | 0.0001      |
|    loss                 | 1.89        |
|    n_updates            | 700         |
|    policy_gradient_loss | -0.00956    |
|    std                  | 0.792       |
|    value_loss           | 9.42        |
-----------------------------------------
-----------------------------------------
| rollout/                |             |
|    ep_len_mean          | 119         |
|    ep_rew_mean          | 28.8        |
| time/                   |             |
|    fps                  | 219         |
|    iterations           | 72          |
|    time_elapsed         | 2689        |
|    total_timesteps      | 589824      |
| train/                  |             |
|    approx_kl            | 0.020323865 |
|    clip_fraction        | 0.171       |
|    clip_range           | 0.2         |
|    entropy_loss         | -1.19       |
|    explained_variance   | 0.978       |
|    learning_rate        | 0.0001      |
|    loss                 | 1.53        |
|    n_updates            | 710         |
|    policy_gradient_loss | -0.0115     |
|    std                  | 0.792       |
|    value_loss           | 8.72        |
-----------------------------------------
-----------------------------------------
| rollout/                |             |
|    ep_len_mean          | 96.3        |
|    ep_rew_mean          | 22.6        |
| time/                   |             |
|    fps                  | 220         |
|    iterations           | 73          |
|    time_elapsed         | 2709        |
|    total_timesteps      | 598016      |
| train/                  |             |
|    approx_kl            | 0.015232142 |
|    clip_fraction        | 0.133       |
|    clip_range           | 0.2         |
|    entropy_loss         | -1.19       |
|    explained_variance   | 0.975       |
|    learning_rate        | 0.0001      |
|    loss                 | 1.74        |
|    n_updates            | 720         |
|    policy_gradient_loss | -0.0107     |
|    std                  | 0.792       |
|    value_loss           | 12.6        |
-----------------------------------------
-----------------------------------------
| rollout/                |             |
|    ep_len_mean          | 114         |
|    ep_rew_mean          | 32          |
| time/                   |             |
|    fps                  | 221         |
|    iterations           | 74          |
|    time_elapsed         | 2730        |
|    total_timesteps      | 606208      |
| train/                  |             |
|    approx_kl            | 0.017134769 |
|    clip_fraction        | 0.146       |
|    clip_range           | 0.2         |
|    entropy_loss         | -1.18       |
|    explained_variance   | 0.983       |
|    learning_rate        | 0.0001      |
|    loss                 | 1.02        |
|    n_updates            | 730         |
|    policy_gradient_loss | -0.0115     |
|    std                  | 0.791       |
|    value_loss           | 6.23        |
-----------------------------------------
-----------------------------------------
| rollout/                |             |
|    ep_len_mean          | 60.9        |
|    ep_rew_mean          | 14.1        |
| time/                   |             |
|    fps                  | 223         |
|    iterations           | 75          |
|    time_elapsed         | 2750        |
|    total_timesteps      | 614400      |
| train/                  |             |
|    approx_kl            | 0.023942422 |
|    clip_fraction        | 0.196       |
|    clip_range           | 0.2         |
|    entropy_loss         | -1.18       |
|    explained_variance   | 0.995       |
|    learning_rate        | 0.0001      |
|    loss                 | 0.672       |
|    n_updates            | 740         |
|    policy_gradient_loss | -0.0134     |
|    std                  | 0.792       |
|    value_loss           | 1.91        |
-----------------------------------------
-----------------------------------------
| rollout/                |             |
|    ep_len_mean          | 65.1        |
|    ep_rew_mean          | 16.6        |
| time/                   |             |
|    fps                  | 224         |
|    iterations           | 76          |
|    time_elapsed         | 2770        |
|    total_timesteps      | 622592      |
| train/                  |             |
|    approx_kl            | 0.017529532 |
|    clip_fraction        | 0.154       |
|    clip_range           | 0.2         |
|    entropy_loss         | -1.18       |
|    explained_variance   | 0.98        |
|    learning_rate        | 0.0001      |
|    loss                 | 11.1        |
|    n_updates            | 750         |
|    policy_gradient_loss | -0.0114     |
|    std                  | 0.789       |
|    value_loss           | 12          |
-----------------------------------------
-----------------------------------------
| rollout/                |             |
|    ep_len_mean          | 62.7        |
|    ep_rew_mean          | 1.04e+10    |
| time/                   |             |
|    fps                  | 225         |
|    iterations           | 77          |
|    time_elapsed         | 2791        |
|    total_timesteps      | 630784      |
| train/                  |             |
|    approx_kl            | 0.020882107 |
|    clip_fraction        | 0.154       |
|    clip_range           | 0.2         |
|    entropy_loss         | -1.18       |
|    explained_variance   | 0.99        |
|    learning_rate        | 0.0001      |
|    loss                 | 2.41        |
|    n_updates            | 760         |
|    policy_gradient_loss | -0.0128     |
|    std                  | 0.785       |
|    value_loss           | 4.49        |
-----------------------------------------
----------------------------------------
| rollout/                |            |
|    ep_len_mean          | 62.8       |
|    ep_rew_mean          | 15.5       |
| time/                   |            |
|    fps                  | 227        |
|    iterations           | 78         |
|    time_elapsed         | 2811       |
|    total_timesteps      | 638976     |
| train/                  |            |
|    approx_kl            | 0.01757883 |
|    clip_fraction        | 0.16       |
|    clip_range           | 0.2        |
|    entropy_loss         | -1.18      |
|    explained_variance   | 0          |
|    learning_rate        | 0.0001     |
|    loss                 | 1.68       |
|    n_updates            | 770        |
|    policy_gradient_loss | -0.00927   |
|    std                  | 0.788      |
|    value_loss           | 2.51e+20   |
----------------------------------------
-----------------------------------------
| rollout/                |             |
|    ep_len_mean          | 102         |
|    ep_rew_mean          | 26.1        |
| time/                   |             |
|    fps                  | 228         |
|    iterations           | 79          |
|    time_elapsed         | 2831        |
|    total_timesteps      | 647168      |
| train/                  |             |
|    approx_kl            | 0.020389311 |
|    clip_fraction        | 0.173       |
|    clip_range           | 0.2         |
|    entropy_loss         | -1.18       |
|    explained_variance   | 0.989       |
|    learning_rate        | 0.0001      |
|    loss                 | 1.68        |
|    n_updates            | 780         |
|    policy_gradient_loss | -0.0106     |
|    std                  | 0.787       |
|    value_loss           | 4.89        |
-----------------------------------------
-----------------------------------------
| rollout/                |             |
|    ep_len_mean          | 90.8        |
|    ep_rew_mean          | 24          |
| time/                   |             |
|    fps                  | 229         |
|    iterations           | 80          |
|    time_elapsed         | 2851        |
|    total_timesteps      | 655360      |
| train/                  |             |
|    approx_kl            | 0.027473407 |
|    clip_fraction        | 0.222       |
|    clip_range           | 0.2         |
|    entropy_loss         | -1.18       |
|    explained_variance   | 0.989       |
|    learning_rate        | 0.0001      |
|    loss                 | 1.89        |
|    n_updates            | 790         |
|    policy_gradient_loss | -0.0099     |
|    std                  | 0.785       |
|    value_loss           | 5.61        |
-----------------------------------------
-----------------------------------------
| rollout/                |             |
|    ep_len_mean          | 88.3        |
|    ep_rew_mean          | 24.4        |
| time/                   |             |
|    fps                  | 231         |
|    iterations           | 81          |
|    time_elapsed         | 2871        |
|    total_timesteps      | 663552      |
| train/                  |             |
|    approx_kl            | 0.015933301 |
|    clip_fraction        | 0.139       |
|    clip_range           | 0.2         |
|    entropy_loss         | -1.18       |
|    explained_variance   | 0.986       |
|    learning_rate        | 0.0001      |
|    loss                 | 0.606       |
|    n_updates            | 800         |
|    policy_gradient_loss | -0.00993    |
|    std                  | 0.788       |
|    value_loss           | 7.1         |
-----------------------------------------
-----------------------------------------
| rollout/                |             |
|    ep_len_mean          | 85.5        |
|    ep_rew_mean          | 22.8        |
| time/                   |             |
|    fps                  | 232         |
|    iterations           | 82          |
|    time_elapsed         | 2890        |
|    total_timesteps      | 671744      |
| train/                  |             |
|    approx_kl            | 0.019004103 |
|    clip_fraction        | 0.182       |
|    clip_range           | 0.2         |
|    entropy_loss         | -1.18       |
|    explained_variance   | 0.987       |
|    learning_rate        | 0.0001      |
|    loss                 | 0.949       |
|    n_updates            | 810         |
|    policy_gradient_loss | -0.0126     |
|    std                  | 0.786       |
|    value_loss           | 6.69        |
-----------------------------------------
----------------------------------------
| rollout/                |            |
|    ep_len_mean          | 104        |
|    ep_rew_mean          | 26.4       |
| time/                   |            |
|    fps                  | 233        |
|    iterations           | 83         |
|    time_elapsed         | 2910       |
|    total_timesteps      | 679936     |
| train/                  |            |
|    approx_kl            | 0.01745904 |
|    clip_fraction        | 0.151      |
|    clip_range           | 0.2        |
|    entropy_loss         | -1.18      |
|    explained_variance   | 0.984      |
|    learning_rate        | 0.0001     |
|    loss                 | 0.746      |
|    n_updates            | 820        |
|    policy_gradient_loss | -0.00986   |
|    std                  | 0.784      |
|    value_loss           | 8.38       |
----------------------------------------
-----------------------------------------
| rollout/                |             |
|    ep_len_mean          | 52          |
|    ep_rew_mean          | 15          |
| time/                   |             |
|    fps                  | 234         |
|    iterations           | 84          |
|    time_elapsed         | 2931        |
|    total_timesteps      | 688128      |
| train/                  |             |
|    approx_kl            | 0.022293687 |
|    clip_fraction        | 0.186       |
|    clip_range           | 0.2         |
|    entropy_loss         | -1.17       |
|    explained_variance   | 0.983       |
|    learning_rate        | 0.0001      |
|    loss                 | 6.45        |
|    n_updates            | 830         |
|    policy_gradient_loss | -0.0114     |
|    std                  | 0.782       |
|    value_loss           | 7.93        |
-----------------------------------------
-----------------------------------------
| rollout/                |             |
|    ep_len_mean          | 90.5        |
|    ep_rew_mean          | 21.7        |
| time/                   |             |
|    fps                  | 235         |
|    iterations           | 85          |
|    time_elapsed         | 2950        |
|    total_timesteps      | 696320      |
| train/                  |             |
|    approx_kl            | 0.029422313 |
|    clip_fraction        | 0.204       |
|    clip_range           | 0.2         |
|    entropy_loss         | -1.17       |
|    explained_variance   | 0.996       |
|    learning_rate        | 0.0001      |
|    loss                 | 1.15        |
|    n_updates            | 840         |
|    policy_gradient_loss | -0.0132     |
|    std                  | 0.778       |
|    value_loss           | 2.06        |
-----------------------------------------
-----------------------------------------
| rollout/                |             |
|    ep_len_mean          | 78.9        |
|    ep_rew_mean          | 18.1        |
| time/                   |             |
|    fps                  | 237         |
|    iterations           | 86          |
|    time_elapsed         | 2971        |
|    total_timesteps      | 704512      |
| train/                  |             |
|    approx_kl            | 0.014895901 |
|    clip_fraction        | 0.149       |
|    clip_range           | 0.2         |
|    entropy_loss         | -1.17       |
|    explained_variance   | 0.977       |
|    learning_rate        | 0.0001      |
|    loss                 | 10.3        |
|    n_updates            | 850         |
|    policy_gradient_loss | -0.0128     |
|    std                  | 0.776       |
|    value_loss           | 11.1        |
-----------------------------------------
-----------------------------------------
| rollout/                |             |
|    ep_len_mean          | 97.7        |
|    ep_rew_mean          | 26.5        |
| time/                   |             |
|    fps                  | 238         |
|    iterations           | 87          |
|    time_elapsed         | 2992        |
|    total_timesteps      | 712704      |
| train/                  |             |
|    approx_kl            | 0.018392956 |
|    clip_fraction        | 0.173       |
|    clip_range           | 0.2         |
|    entropy_loss         | -1.17       |
|    explained_variance   | 0.983       |
|    learning_rate        | 0.0001      |
|    loss                 | 1.29        |
|    n_updates            | 860         |
|    policy_gradient_loss | -0.0107     |
|    std                  | 0.777       |
|    value_loss           | 8.88        |
-----------------------------------------
-----------------------------------------
| rollout/                |             |
|    ep_len_mean          | 83.3        |
|    ep_rew_mean          | 19.9        |
| time/                   |             |
|    fps                  | 239         |
|    iterations           | 88          |
|    time_elapsed         | 3012        |
|    total_timesteps      | 720896      |
| train/                  |             |
|    approx_kl            | 0.021242362 |
|    clip_fraction        | 0.181       |
|    clip_range           | 0.2         |
|    entropy_loss         | -1.16       |
|    explained_variance   | 0.981       |
|    learning_rate        | 0.0001      |
|    loss                 | 4.45        |
|    n_updates            | 870         |
|    policy_gradient_loss | -0.011      |
|    std                  | 0.775       |
|    value_loss           | 10.7        |
-----------------------------------------
----------------------------------------
| rollout/                |            |
|    ep_len_mean          | 96         |
|    ep_rew_mean          | 25.7       |
| time/                   |            |
|    fps                  | 240        |
|    iterations           | 89         |
|    time_elapsed         | 3032       |
|    total_timesteps      | 729088     |
| train/                  |            |
|    approx_kl            | 0.01769124 |
|    clip_fraction        | 0.173      |
|    clip_range           | 0.2        |
|    entropy_loss         | -1.17      |
|    explained_variance   | 0.978      |
|    learning_rate        | 0.0001     |
|    loss                 | 9.24       |
|    n_updates            | 880        |
|    policy_gradient_loss | -0.0104    |
|    std                  | 0.78       |
|    value_loss           | 11.4       |
----------------------------------------
----------------------------------------
| rollout/                |            |
|    ep_len_mean          | 77         |
|    ep_rew_mean          | 21.1       |
| time/                   |            |
|    fps                  | 241        |
|    iterations           | 90         |
|    time_elapsed         | 3052       |
|    total_timesteps      | 737280     |
| train/                  |            |
|    approx_kl            | 0.01966978 |
|    clip_fraction        | 0.177      |
|    clip_range           | 0.2        |
|    entropy_loss         | -1.16      |
|    explained_variance   | 0.991      |
|    learning_rate        | 0.0001     |
|    loss                 | 0.787      |
|    n_updates            | 890        |
|    policy_gradient_loss | -0.011     |
|    std                  | 0.771      |
|    value_loss           | 4.34       |
----------------------------------------
-----------------------------------------
| rollout/                |             |
|    ep_len_mean          | 73.1        |
|    ep_rew_mean          | 16.5        |
| time/                   |             |
|    fps                  | 242         |
|    iterations           | 91          |
|    time_elapsed         | 3073        |
|    total_timesteps      | 745472      |
| train/                  |             |
|    approx_kl            | 0.020890485 |
|    clip_fraction        | 0.169       |
|    clip_range           | 0.2         |
|    entropy_loss         | -1.16       |
|    explained_variance   | 0.982       |
|    learning_rate        | 0.0001      |
|    loss                 | 9.18        |
|    n_updates            | 900         |
|    policy_gradient_loss | -0.0073     |
|    std                  | 0.769       |
|    value_loss           | 10.5        |
-----------------------------------------

[Eval step 750000] equity=10000 return=-0.00% (best=-0.00%)
-----------------------------------------
| rollout/                |             |
|    ep_len_mean          | 98.5        |
|    ep_rew_mean          | 25.5        |
| time/                   |             |
|    fps                  | 242         |
|    iterations           | 92          |
|    time_elapsed         | 3105        |
|    total_timesteps      | 753664      |
| train/                  |             |
|    approx_kl            | 0.023239208 |
|    clip_fraction        | 0.208       |
|    clip_range           | 0.2         |
|    entropy_loss         | -1.16       |
|    explained_variance   | 0.963       |
|    learning_rate        | 0.0001      |
|    loss                 | 11.5        |
|    n_updates            | 910         |
|    policy_gradient_loss | -0.00856    |
|    std                  | 0.77        |
|    value_loss           | 17.3        |
-----------------------------------------
-----------------------------------------
| rollout/                |             |
|    ep_len_mean          | 96.4        |
|    ep_rew_mean          | 24.9        |
| time/                   |             |
|    fps                  | 243         |
|    iterations           | 93          |
|    time_elapsed         | 3126        |
|    total_timesteps      | 761856      |
| train/                  |             |
|    approx_kl            | 0.027073307 |
|    clip_fraction        | 0.213       |
|    clip_range           | 0.2         |
|    entropy_loss         | -1.15       |
|    explained_variance   | 0.987       |
|    learning_rate        | 0.0001      |
|    loss                 | 1.55        |
|    n_updates            | 920         |
|    policy_gradient_loss | -0.00811    |
|    std                  | 0.763       |
|    value_loss           | 5.61        |
-----------------------------------------
-----------------------------------------
| rollout/                |             |
|    ep_len_mean          | 105         |
|    ep_rew_mean          | 26.5        |
| time/                   |             |
|    fps                  | 244         |
|    iterations           | 94          |
|    time_elapsed         | 3146        |
|    total_timesteps      | 770048      |
| train/                  |             |
|    approx_kl            | 0.020548694 |
|    clip_fraction        | 0.189       |
|    clip_range           | 0.2         |
|    entropy_loss         | -1.15       |
|    explained_variance   | 0.976       |
|    learning_rate        | 0.0001      |
|    loss                 | 1.76        |
|    n_updates            | 930         |
|    policy_gradient_loss | -0.0101     |
|    std                  | 0.768       |
|    value_loss           | 10.7        |
-----------------------------------------
-----------------------------------------
| rollout/                |             |
|    ep_len_mean          | 111         |
|    ep_rew_mean          | 30.1        |
| time/                   |             |
|    fps                  | 245         |
|    iterations           | 95          |
|    time_elapsed         | 3166        |
|    total_timesteps      | 778240      |
| train/                  |             |
|    approx_kl            | 0.018823411 |
|    clip_fraction        | 0.168       |
|    clip_range           | 0.2         |
|    entropy_loss         | -1.15       |
|    explained_variance   | 0.979       |
|    learning_rate        | 0.0001      |
|    loss                 | 2.28        |
|    n_updates            | 940         |
|    policy_gradient_loss | -0.014      |
|    std                  | 0.765       |
|    value_loss           | 7.9         |
-----------------------------------------
-----------------------------------------
| rollout/                |             |
|    ep_len_mean          | 132         |
|    ep_rew_mean          | 36.1        |
| time/                   |             |
|    fps                  | 246         |
|    iterations           | 96          |
|    time_elapsed         | 3186        |
|    total_timesteps      | 786432      |
| train/                  |             |
|    approx_kl            | 0.036253966 |
|    clip_fraction        | 0.26        |
|    clip_range           | 0.2         |
|    entropy_loss         | -1.15       |
|    explained_variance   | 0.99        |
|    learning_rate        | 0.0001      |
|    loss                 | 12.2        |
|    n_updates            | 950         |
|    policy_gradient_loss | -0.00898    |
|    std                  | 0.769       |
|    value_loss           | 4.91        |
-----------------------------------------
-----------------------------------------
| rollout/                |             |
|    ep_len_mean          | 94.8        |
|    ep_rew_mean          | 26.5        |
| time/                   |             |
|    fps                  | 247         |
|    iterations           | 97          |
|    time_elapsed         | 3207        |
|    total_timesteps      | 794624      |
| train/                  |             |
|    approx_kl            | 0.017895523 |
|    clip_fraction        | 0.163       |
|    clip_range           | 0.2         |
|    entropy_loss         | -1.16       |
|    explained_variance   | 0.983       |
|    learning_rate        | 0.0001      |
|    loss                 | 2.13        |
|    n_updates            | 960         |
|    policy_gradient_loss | -0.0104     |
|    std                  | 0.768       |
|    value_loss           | 8.5         |
-----------------------------------------
