/usr/local/lib/python3.10/dist-packages/pandas/core/arraylike.py:399: RuntimeWarning: invalid value encountered in sqrt
  result = getattr(ufunc, method)(*inputs, **kwargs)
/usr/local/lib/python3.10/dist-packages/pandas/core/arraylike.py:399: RuntimeWarning: invalid value encountered in sqrt
  result = getattr(ufunc, method)(*inputs, **kwargs)
/usr/local/lib/python3.10/dist-packages/pandas/core/arraylike.py:399: RuntimeWarning: invalid value encountered in sqrt
  result = getattr(ufunc, method)(*inputs, **kwargs)
/usr/local/lib/python3.10/dist-packages/pandas/core/arraylike.py:399: RuntimeWarning: invalid value encountered in sqrt
  result = getattr(ufunc, method)(*inputs, **kwargs)
/usr/local/lib/python3.10/dist-packages/pandas/core/arraylike.py:399: RuntimeWarning: invalid value encountered in sqrt
  result = getattr(ufunc, method)(*inputs, **kwargs)
/usr/local/lib/python3.10/dist-packages/pandas/core/arraylike.py:399: RuntimeWarning: invalid value encountered in sqrt
  result = getattr(ufunc, method)(*inputs, **kwargs)
/usr/local/lib/python3.10/dist-packages/pandas/core/arraylike.py:399: RuntimeWarning: invalid value encountered in sqrt
  result = getattr(ufunc, method)(*inputs, **kwargs)
/usr/local/lib/python3.10/dist-packages/pandas/core/arraylike.py:399: RuntimeWarning: invalid value encountered in sqrt
  result = getattr(ufunc, method)(*inputs, **kwargs)
/usr/local/lib/python3.10/dist-packages/pandas/core/arraylike.py:399: RuntimeWarning: invalid value encountered in sqrt
  result = getattr(ufunc, method)(*inputs, **kwargs)
/usr/local/lib/python3.10/dist-packages/pandas/core/arraylike.py:399: RuntimeWarning: invalid value encountered in sqrt
  result = getattr(ufunc, method)(*inputs, **kwargs)
/usr/local/lib/python3.10/dist-packages/pandas/core/arraylike.py:399: RuntimeWarning: invalid value encountered in sqrt
  result = getattr(ufunc, method)(*inputs, **kwargs)
/usr/local/lib/python3.10/dist-packages/pandas/core/arraylike.py:399: RuntimeWarning: invalid value encountered in sqrt
  result = getattr(ufunc, method)(*inputs, **kwargs)
/usr/local/lib/python3.10/dist-packages/pandas/core/arraylike.py:399: RuntimeWarning: invalid value encountered in sqrt
  result = getattr(ufunc, method)(*inputs, **kwargs)
/usr/local/lib/python3.10/dist-packages/pandas/core/arraylike.py:399: RuntimeWarning: invalid value encountered in sqrt
  result = getattr(ufunc, method)(*inputs, **kwargs)
/usr/local/lib/python3.10/dist-packages/pandas/core/arraylike.py:399: RuntimeWarning: invalid value encountered in sqrt
  result = getattr(ufunc, method)(*inputs, **kwargs)
/usr/local/lib/python3.10/dist-packages/pandas/core/arraylike.py:399: RuntimeWarning: invalid value encountered in sqrt
  result = getattr(ufunc, method)(*inputs, **kwargs)
/usr/local/lib/python3.10/dist-packages/pandas/core/arraylike.py:399: RuntimeWarning: invalid value encountered in sqrt
  result = getattr(ufunc, method)(*inputs, **kwargs)
/usr/local/lib/python3.10/dist-packages/pandas/core/arraylike.py:399: RuntimeWarning: invalid value encountered in sqrt
  result = getattr(ufunc, method)(*inputs, **kwargs)
/usr/local/lib/python3.10/dist-packages/pandas/core/arraylike.py:399: RuntimeWarning: invalid value encountered in sqrt
  result = getattr(ufunc, method)(*inputs, **kwargs)
/usr/local/lib/python3.10/dist-packages/pandas/core/arraylike.py:399: RuntimeWarning: invalid value encountered in sqrt
  result = getattr(ufunc, method)(*inputs, **kwargs)
/usr/local/lib/python3.10/dist-packages/pandas/core/arraylike.py:399: RuntimeWarning: invalid value encountered in sqrt
  result = getattr(ufunc, method)(*inputs, **kwargs)
/usr/local/lib/python3.10/dist-packages/pandas/core/arraylike.py:399: RuntimeWarning: invalid value encountered in sqrt
  result = getattr(ufunc, method)(*inputs, **kwargs)
/usr/local/lib/python3.10/dist-packages/pandas/core/arraylike.py:399: RuntimeWarning: invalid value encountered in sqrt
  result = getattr(ufunc, method)(*inputs, **kwargs)
/usr/local/lib/python3.10/dist-packages/pandas/core/arraylike.py:399: RuntimeWarning: invalid value encountered in sqrt
  result = getattr(ufunc, method)(*inputs, **kwargs)
/usr/local/lib/python3.10/dist-packages/pandas/core/arraylike.py:399: RuntimeWarning: invalid value encountered in sqrt
  result = getattr(ufunc, method)(*inputs, **kwargs)
Obs shape: (4, 2186), Features: 34
Using cpu device
Training vol metals v3 (5M steps, LR decay 3e-4->1e-5, larger net, lower cost)...
---------------------------------
| rollout/           |          |
|    ep_len_mean     | 61.3     |
|    ep_rew_mean     | -0.878   |
| time/              |          |
|    fps             | 1658     |
|    iterations      | 1        |
|    time_elapsed    | 4        |
|    total_timesteps | 8192     |
---------------------------------
-------------------------------------------
| rollout/                |               |
|    ep_len_mean          | 113           |
|    ep_rew_mean          | -0.305        |
| time/                   |               |
|    fps                  | 829           |
|    iterations           | 2             |
|    time_elapsed         | 19            |
|    total_timesteps      | 16384         |
| train/                  |               |
|    approx_kl            | 0.00061621354 |
|    clip_fraction        | 0             |
|    clip_range           | 0.2           |
|    entropy_loss         | -1.42         |
|    explained_variance   | -0.00387      |
|    learning_rate        | 1.05e-05      |
|    loss                 | 20.9          |
|    n_updates            | 10            |
|    policy_gradient_loss | -0.000305     |
|    std                  | 1             |
|    value_loss           | 18.5          |
-------------------------------------------
-------------------------------------------
| rollout/                |               |
|    ep_len_mean          | 101           |
|    ep_rew_mean          | 1.16          |
| time/                   |               |
|    fps                  | 696           |
|    iterations           | 3             |
|    time_elapsed         | 35            |
|    total_timesteps      | 24576         |
| train/                  |               |
|    approx_kl            | 0.00090794056 |
|    clip_fraction        | 9.77e-05      |
|    clip_range           | 0.2           |
|    entropy_loss         | -1.42         |
|    explained_variance   | -0.0724       |
|    learning_rate        | 1.1e-05       |
|    loss                 | 4.16          |
|    n_updates            | 20            |
|    policy_gradient_loss | -0.000892     |
|    std                  | 1             |
|    value_loss           | 16.8          |
-------------------------------------------
------------------------------------------
| rollout/                |              |
|    ep_len_mean          | 44.7         |
|    ep_rew_mean          | 2.21         |
| time/                   |              |
|    fps                  | 628          |
|    iterations           | 4            |
|    time_elapsed         | 52           |
|    total_timesteps      | 32768        |
| train/                  |              |
|    approx_kl            | 0.0019661486 |
|    clip_fraction        | 0.00256      |
|    clip_range           | 0.2          |
|    entropy_loss         | -1.42        |
|    explained_variance   | 0.0645       |
|    learning_rate        | 1.14e-05     |
|    loss                 | 6.55         |
|    n_updates            | 30           |
|    policy_gradient_loss | -0.000831    |
|    std                  | 1            |
|    value_loss           | 20           |
------------------------------------------
------------------------------------------
| rollout/                |              |
|    ep_len_mean          | 108          |
|    ep_rew_mean          | -2.04        |
| time/                   |              |
|    fps                  | 587          |
|    iterations           | 5            |
|    time_elapsed         | 69           |
|    total_timesteps      | 40960        |
| train/                  |              |
|    approx_kl            | 0.0005105493 |
|    clip_fraction        | 1.22e-05     |
|    clip_range           | 0.2          |
|    entropy_loss         | -1.42        |
|    explained_variance   | 0.0434       |
|    learning_rate        | 1.19e-05     |
|    loss                 | 6.6          |
|    n_updates            | 40           |
|    policy_gradient_loss | -0.000613    |
|    std                  | 1            |
|    value_loss           | 13.7         |
------------------------------------------
------------------------------------------
| rollout/                |              |
|    ep_len_mean          | 112          |
|    ep_rew_mean          | -1.79        |
| time/                   |              |
|    fps                  | 575          |
|    iterations           | 6            |
|    time_elapsed         | 85           |
|    total_timesteps      | 49152        |
| train/                  |              |
|    approx_kl            | 0.0014546548 |
|    clip_fraction        | 0.00566      |
|    clip_range           | 0.2          |
|    entropy_loss         | -1.42        |
|    explained_variance   | -0.0133      |
|    learning_rate        | 1.24e-05     |
|    loss                 | 15.3         |
|    n_updates            | 50           |
|    policy_gradient_loss | -0.00105     |
|    std                  | 1            |
|    value_loss           | 20.2         |
------------------------------------------
------------------------------------------
| rollout/                |              |
|    ep_len_mean          | 127          |
|    ep_rew_mean          | -1.52        |
| time/                   |              |
|    fps                  | 566          |
|    iterations           | 7            |
|    time_elapsed         | 101          |
|    total_timesteps      | 57344        |
| train/                  |              |
|    approx_kl            | 0.0013802794 |
|    clip_fraction        | 0.00756      |
|    clip_range           | 0.2          |
|    entropy_loss         | -1.42        |
|    explained_variance   | 0.0942       |
|    learning_rate        | 1.29e-05     |
|    loss                 | 3.16         |
|    n_updates            | 60           |
|    policy_gradient_loss | -0.00154     |
|    std                  | 1            |
|    value_loss           | 9.05         |
------------------------------------------
------------------------------------------
| rollout/                |              |
|    ep_len_mean          | 132          |
|    ep_rew_mean          | 0.713        |
| time/                   |              |
|    fps                  | 562          |
|    iterations           | 8            |
|    time_elapsed         | 116          |
|    total_timesteps      | 65536        |
| train/                  |              |
|    approx_kl            | 0.0029053246 |
|    clip_fraction        | 0.0126       |
|    clip_range           | 0.2          |
|    entropy_loss         | -1.42        |
|    explained_variance   | 0.0596       |
|    learning_rate        | 1.33e-05     |
|    loss                 | 3.93         |
|    n_updates            | 70           |
|    policy_gradient_loss | -0.0017      |
|    std                  | 1            |
|    value_loss           | 11.5         |
------------------------------------------
------------------------------------------
| rollout/                |              |
|    ep_len_mean          | 102          |
|    ep_rew_mean          | -0.988       |
| time/                   |              |
|    fps                  | 558          |
|    iterations           | 9            |
|    time_elapsed         | 132          |
|    total_timesteps      | 73728        |
| train/                  |              |
|    approx_kl            | 0.0026578675 |
|    clip_fraction        | 0.00763      |
|    clip_range           | 0.2          |
|    entropy_loss         | -1.42        |
|    explained_variance   | 0.0337       |
|    learning_rate        | 1.38e-05     |
|    loss                 | 5.9          |
|    n_updates            | 80           |
|    policy_gradient_loss | -0.00188     |
|    std                  | 1            |
|    value_loss           | 14.6         |
------------------------------------------
------------------------------------------
| rollout/                |              |
|    ep_len_mean          | 92.3         |
|    ep_rew_mean          | 2.21         |
| time/                   |              |
|    fps                  | 554          |
|    iterations           | 10           |
|    time_elapsed         | 147          |
|    total_timesteps      | 81920        |
| train/                  |              |
|    approx_kl            | 0.0023321188 |
|    clip_fraction        | 0.00813      |
|    clip_range           | 0.2          |
|    entropy_loss         | -1.42        |
|    explained_variance   | 0.0953       |
|    learning_rate        | 1.43e-05     |
|    loss                 | 4.68         |
|    n_updates            | 90           |
|    policy_gradient_loss | -0.00163     |
|    std                  | 1            |
|    value_loss           | 17.9         |
------------------------------------------
------------------------------------------
| rollout/                |              |
|    ep_len_mean          | 88.6         |
|    ep_rew_mean          | 3.16         |
| time/                   |              |
|    fps                  | 551          |
|    iterations           | 11           |
|    time_elapsed         | 163          |
|    total_timesteps      | 90112        |
| train/                  |              |
|    approx_kl            | 0.0017286176 |
|    clip_fraction        | 0.00708      |
|    clip_range           | 0.2          |
|    entropy_loss         | -1.42        |
|    explained_variance   | -0.194       |
|    learning_rate        | 1.48e-05     |
|    loss                 | 14.4         |
|    n_updates            | 100          |
|    policy_gradient_loss | -0.00284     |
|    std                  | 1            |
|    value_loss           | 12           |
------------------------------------------
------------------------------------------
| rollout/                |              |
|    ep_len_mean          | 114          |
|    ep_rew_mean          | 1.71         |
| time/                   |              |
|    fps                  | 550          |
|    iterations           | 12           |
|    time_elapsed         | 178          |
|    total_timesteps      | 98304        |
| train/                  |              |
|    approx_kl            | 0.0026675488 |
|    clip_fraction        | 0.022        |
|    clip_range           | 0.2          |
|    entropy_loss         | -1.42        |
|    explained_variance   | 0.0928       |
|    learning_rate        | 1.52e-05     |
|    loss                 | 4.53         |
|    n_updates            | 110          |
|    policy_gradient_loss | -0.00346     |
|    std                  | 0.999        |
|    value_loss           | 9.32         |
------------------------------------------
------------------------------------------
| rollout/                |              |
|    ep_len_mean          | 110          |
|    ep_rew_mean          | 3.7          |
| time/                   |              |
|    fps                  | 549          |
|    iterations           | 13           |
|    time_elapsed         | 193          |
|    total_timesteps      | 106496       |
| train/                  |              |
|    approx_kl            | 0.0024325794 |
|    clip_fraction        | 0.0172       |
|    clip_range           | 0.2          |
|    entropy_loss         | -1.42        |
|    explained_variance   | 0.0534       |
|    learning_rate        | 1.57e-05     |
|    loss                 | 3.97         |
|    n_updates            | 120          |
|    policy_gradient_loss | -0.00427     |
|    std                  | 0.997        |
|    value_loss           | 9.07         |
------------------------------------------
------------------------------------------
| rollout/                |              |
|    ep_len_mean          | 55.5         |
|    ep_rew_mean          | 1.87         |
| time/                   |              |
|    fps                  | 546          |
|    iterations           | 14           |
|    time_elapsed         | 210          |
|    total_timesteps      | 114688       |
| train/                  |              |
|    approx_kl            | 0.0025573256 |
|    clip_fraction        | 0.0141       |
|    clip_range           | 0.2          |
|    entropy_loss         | -1.42        |
|    explained_variance   | 0.0323       |
|    learning_rate        | 1.62e-05     |
|    loss                 | 6.2          |
|    n_updates            | 130          |
|    policy_gradient_loss | -0.00432     |
|    std                  | 0.997        |
|    value_loss           | 14.1         |
------------------------------------------
------------------------------------------
| rollout/                |              |
|    ep_len_mean          | 92.2         |
|    ep_rew_mean          | 3.84         |
| time/                   |              |
|    fps                  | 543          |
|    iterations           | 15           |
|    time_elapsed         | 225          |
|    total_timesteps      | 122880       |
| train/                  |              |
|    approx_kl            | 0.0020368653 |
|    clip_fraction        | 0.0133       |
|    clip_range           | 0.2          |
|    entropy_loss         | -1.42        |
|    explained_variance   | 0.0808       |
|    learning_rate        | 1.67e-05     |
|    loss                 | 3.67         |
|    n_updates            | 140          |
|    policy_gradient_loss | -0.00358     |
|    std                  | 0.996        |
|    value_loss           | 10.1         |
------------------------------------------
------------------------------------------
| rollout/                |              |
|    ep_len_mean          | 117          |
|    ep_rew_mean          | 4.88         |
| time/                   |              |
|    fps                  | 543          |
|    iterations           | 16           |
|    time_elapsed         | 241          |
|    total_timesteps      | 131072       |
| train/                  |              |
|    approx_kl            | 0.0016312248 |
|    clip_fraction        | 0.00889      |
|    clip_range           | 0.2          |
|    entropy_loss         | -1.41        |
|    explained_variance   | 0.0908       |
|    learning_rate        | 1.71e-05     |
|    loss                 | 4.41         |
|    n_updates            | 150          |
|    policy_gradient_loss | -0.00318     |
|    std                  | 0.996        |
|    value_loss           | 11.7         |
------------------------------------------
------------------------------------------
| rollout/                |              |
|    ep_len_mean          | 73.1         |
|    ep_rew_mean          | 5.42         |
| time/                   |              |
|    fps                  | 543          |
|    iterations           | 17           |
|    time_elapsed         | 256          |
|    total_timesteps      | 139264       |
| train/                  |              |
|    approx_kl            | 0.0026667262 |
|    clip_fraction        | 0.022        |
|    clip_range           | 0.2          |
|    entropy_loss         | -1.41        |
|    explained_variance   | 0.0587       |
|    learning_rate        | 1.76e-05     |
|    loss                 | 5.41         |
|    n_updates            | 160          |
|    policy_gradient_loss | -0.00519     |
|    std                  | 0.995        |
|    value_loss           | 14.8         |
------------------------------------------
------------------------------------------
| rollout/                |              |
|    ep_len_mean          | 129          |
|    ep_rew_mean          | 8.58         |
| time/                   |              |
|    fps                  | 540          |
|    iterations           | 18           |
|    time_elapsed         | 272          |
|    total_timesteps      | 147456       |
| train/                  |              |
|    approx_kl            | 0.0030268389 |
|    clip_fraction        | 0.022        |
|    clip_range           | 0.2          |
|    entropy_loss         | -1.41        |
|    explained_variance   | 0.15         |
|    learning_rate        | 1.81e-05     |
|    loss                 | 4.59         |
|    n_updates            | 170          |
|    policy_gradient_loss | -0.00551     |
|    std                  | 0.996        |
|    value_loss           | 19.4         |
------------------------------------------
------------------------------------------
| rollout/                |              |
|    ep_len_mean          | 115          |
|    ep_rew_mean          | 11.9         |
| time/                   |              |
|    fps                  | 538          |
|    iterations           | 19           |
|    time_elapsed         | 288          |
|    total_timesteps      | 155648       |
| train/                  |              |
|    approx_kl            | 0.0024603873 |
|    clip_fraction        | 0.0202       |
|    clip_range           | 0.2          |
|    entropy_loss         | -1.41        |
|    explained_variance   | 0.206        |
|    learning_rate        | 1.86e-05     |
|    loss                 | 9.41         |
|    n_updates            | 180          |
|    policy_gradient_loss | -0.00469     |
|    std                  | 0.995        |
|    value_loss           | 19.5         |
------------------------------------------
------------------------------------------
| rollout/                |              |
|    ep_len_mean          | 127          |
|    ep_rew_mean          | 15           |
| time/                   |              |
|    fps                  | 537          |
|    iterations           | 20           |
|    time_elapsed         | 304          |
|    total_timesteps      | 163840       |
| train/                  |              |
|    approx_kl            | 0.0036590977 |
|    clip_fraction        | 0.0427       |
|    clip_range           | 0.2          |
|    entropy_loss         | -1.41        |
|    explained_variance   | 0.148        |
|    learning_rate        | 1.9e-05      |
|    loss                 | 9.76         |
|    n_updates            | 190          |
|    policy_gradient_loss | -0.00592     |
|    std                  | 0.994        |
|    value_loss           | 20.3         |
------------------------------------------
----------------------------------------
| rollout/                |            |
|    ep_len_mean          | 98.2       |
|    ep_rew_mean          | 12.5       |
| time/                   |            |
|    fps                  | 535        |
|    iterations           | 21         |
|    time_elapsed         | 321        |
|    total_timesteps      | 172032     |
| train/                  |            |
|    approx_kl            | 0.00401819 |
|    clip_fraction        | 0.05       |
|    clip_range           | 0.2        |
|    entropy_loss         | -1.41      |
|    explained_variance   | 0.34       |
|    learning_rate        | 1.95e-05   |
|    loss                 | 5.31       |
|    n_updates            | 200        |
|    policy_gradient_loss | -0.00703   |
|    std                  | 0.992      |
|    value_loss           | 12.4       |
----------------------------------------
-----------------------------------------
| rollout/                |             |
|    ep_len_mean          | 139         |
|    ep_rew_mean          | 18.3        |
| time/                   |             |
|    fps                  | 535         |
|    iterations           | 22          |
|    time_elapsed         | 336         |
|    total_timesteps      | 180224      |
| train/                  |             |
|    approx_kl            | 0.004234207 |
|    clip_fraction        | 0.0352      |
|    clip_range           | 0.2         |
|    entropy_loss         | -1.41       |
|    explained_variance   | 0.335       |
|    learning_rate        | 2e-05       |
|    loss                 | 3.99        |
|    n_updates            | 210         |
|    policy_gradient_loss | -0.00683    |
|    std                  | 0.991       |
|    value_loss           | 18.4        |
-----------------------------------------
------------------------------------------
| rollout/                |              |
|    ep_len_mean          | 109          |
|    ep_rew_mean          | 13.4         |
| time/                   |              |
|    fps                  | 535          |
|    iterations           | 23           |
|    time_elapsed         | 351          |
|    total_timesteps      | 188416       |
| train/                  |              |
|    approx_kl            | 0.0057733296 |
|    clip_fraction        | 0.049        |
|    clip_range           | 0.2          |
|    entropy_loss         | -1.41        |
|    explained_variance   | 0.377        |
|    learning_rate        | 2.05e-05     |
|    loss                 | 4.83         |
|    n_updates            | 220          |
|    policy_gradient_loss | -0.00858     |
|    std                  | 0.988        |
|    value_loss           | 12.9         |
------------------------------------------
-----------------------------------------
| rollout/                |             |
|    ep_len_mean          | 114         |
|    ep_rew_mean          | 16.5        |
| time/                   |             |
|    fps                  | 535         |
|    iterations           | 24          |
|    time_elapsed         | 367         |
|    total_timesteps      | 196608      |
| train/                  |             |
|    approx_kl            | 0.005782202 |
|    clip_fraction        | 0.0513      |
|    clip_range           | 0.2         |
|    entropy_loss         | -1.41       |
|    explained_variance   | 0.441       |
|    learning_rate        | 2.09e-05    |
|    loss                 | 4.08        |
|    n_updates            | 230         |
|    policy_gradient_loss | -0.00703    |
|    std                  | 0.987       |
|    value_loss           | 16.7        |
-----------------------------------------
------------------------------------------
| rollout/                |              |
|    ep_len_mean          | 103          |
|    ep_rew_mean          | 16.5         |
| time/                   |              |
|    fps                  | 534          |
|    iterations           | 25           |
|    time_elapsed         | 382          |
|    total_timesteps      | 204800       |
| train/                  |              |
|    approx_kl            | 0.0051348447 |
|    clip_fraction        | 0.0604       |
|    clip_range           | 0.2          |
|    entropy_loss         | -1.41        |
|    explained_variance   | 0.519        |
|    learning_rate        | 2.14e-05     |
|    loss                 | 2.85         |
|    n_updates            | 240          |
|    policy_gradient_loss | -0.00709     |
|    std                  | 0.986        |
|    value_loss           | 16.2         |
------------------------------------------
-----------------------------------------
| rollout/                |             |
|    ep_len_mean          | 99.5        |
|    ep_rew_mean          | 17.8        |
| time/                   |             |
|    fps                  | 534         |
|    iterations           | 26          |
|    time_elapsed         | 398         |
|    total_timesteps      | 212992      |
| train/                  |             |
|    approx_kl            | 0.006249925 |
|    clip_fraction        | 0.0585      |
|    clip_range           | 0.2         |
|    entropy_loss         | -1.4        |
|    explained_variance   | 0.465       |
|    learning_rate        | 2.19e-05    |
|    loss                 | 4.56        |
|    n_updates            | 250         |
|    policy_gradient_loss | -0.00717    |
|    std                  | 0.983       |
|    value_loss           | 15.2        |
-----------------------------------------
----------------------------------------
| rollout/                |            |
|    ep_len_mean          | 53.5       |
|    ep_rew_mean          | 12.2       |
| time/                   |            |
|    fps                  | 533        |
|    iterations           | 27         |
|    time_elapsed         | 414        |
|    total_timesteps      | 221184     |
| train/                  |            |
|    approx_kl            | 0.00539065 |
|    clip_fraction        | 0.0611     |
|    clip_range           | 0.2        |
|    entropy_loss         | -1.4       |
|    explained_variance   | 0.636      |
|    learning_rate        | 2.24e-05   |
|    loss                 | 3.92       |
|    n_updates            | 260        |
|    policy_gradient_loss | -0.00755   |
|    std                  | 0.98       |
|    value_loss           | 11.2       |
----------------------------------------
------------------------------------------
| rollout/                |              |
|    ep_len_mean          | 91.3         |
|    ep_rew_mean          | 20.7         |
| time/                   |              |
|    fps                  | 534          |
|    iterations           | 28           |
|    time_elapsed         | 429          |
|    total_timesteps      | 229376       |
| train/                  |              |
|    approx_kl            | 0.0069983676 |
|    clip_fraction        | 0.0772       |
|    clip_range           | 0.2          |
|    entropy_loss         | -1.4         |
|    explained_variance   | 0.625        |
|    learning_rate        | 2.28e-05     |
|    loss                 | 7.81         |
|    n_updates            | 270          |
|    policy_gradient_loss | -0.00665     |
|    std                  | 0.979        |
|    value_loss           | 18.2         |
------------------------------------------
----------------------------------------
| rollout/                |            |
|    ep_len_mean          | 79.4       |
|    ep_rew_mean          | 17.3       |
| time/                   |            |
|    fps                  | 534        |
|    iterations           | 29         |
|    time_elapsed         | 444        |
|    total_timesteps      | 237568     |
| train/                  |            |
|    approx_kl            | 0.00769674 |
|    clip_fraction        | 0.074      |
|    clip_range           | 0.2        |
|    entropy_loss         | -1.4       |
|    explained_variance   | 0.691      |
|    learning_rate        | 2.33e-05   |
|    loss                 | 27.2       |
|    n_updates            | 280        |
|    policy_gradient_loss | -0.00899   |
|    std                  | 0.974      |
|    value_loss           | 19.5       |
----------------------------------------
------------------------------------------
| rollout/                |              |
|    ep_len_mean          | 96.2         |
|    ep_rew_mean          | 22.3         |
| time/                   |              |
|    fps                  | 534          |
|    iterations           | 30           |
|    time_elapsed         | 459          |
|    total_timesteps      | 245760       |
| train/                  |              |
|    approx_kl            | 0.0072162715 |
|    clip_fraction        | 0.0731       |
|    clip_range           | 0.2          |
|    entropy_loss         | -1.39        |
|    explained_variance   | 0.702        |
|    learning_rate        | 2.38e-05     |
|    loss                 | 9.14         |
|    n_updates            | 290          |
|    policy_gradient_loss | -0.00721     |
|    std                  | 0.972        |
|    value_loss           | 21.2         |
------------------------------------------

[VolV3 Eval 250000] equity=10000 return=-0.00% best=-inf%
  -> Saved best (-0.00%)
-----------------------------------------
| rollout/                |             |
|    ep_len_mean          | 132         |
|    ep_rew_mean          | 32.1        |
| time/                   |             |
|    fps                  | 534         |
|    iterations           | 31          |
|    time_elapsed         | 474         |
|    total_timesteps      | 253952      |
| train/                  |             |
|    approx_kl            | 0.007226509 |
|    clip_fraction        | 0.0664      |
|    clip_range           | 0.2         |
|    entropy_loss         | -1.39       |
|    explained_variance   | 0.712       |
|    learning_rate        | 2.43e-05    |
|    loss                 | 26.8        |
|    n_updates            | 300         |
|    policy_gradient_loss | -0.00556    |
|    std                  | 0.97        |
|    value_loss           | 23.5        |
-----------------------------------------
-----------------------------------------
| rollout/                |             |
|    ep_len_mean          | 116         |
|    ep_rew_mean          | 32          |
| time/                   |             |
|    fps                  | 535         |
|    iterations           | 32          |
|    time_elapsed         | 489         |
|    total_timesteps      | 262144      |
| train/                  |             |
|    approx_kl            | 0.008908576 |
|    clip_fraction        | 0.0777      |
|    clip_range           | 0.2         |
|    entropy_loss         | -1.39       |
|    explained_variance   | 0.755       |
|    learning_rate        | 2.47e-05    |
|    loss                 | 10.1        |
|    n_updates            | 310         |
|    policy_gradient_loss | -0.00967    |
|    std                  | 0.968       |
|    value_loss           | 19.2        |
-----------------------------------------
-----------------------------------------
| rollout/                |             |
|    ep_len_mean          | 83.3        |
|    ep_rew_mean          | 25.5        |
| time/                   |             |
|    fps                  | 534         |
|    iterations           | 33          |
|    time_elapsed         | 505         |
|    total_timesteps      | 270336      |
| train/                  |             |
|    approx_kl            | 0.008066792 |
|    clip_fraction        | 0.105       |
|    clip_range           | 0.2         |
|    entropy_loss         | -1.39       |
|    explained_variance   | 0.77        |
|    learning_rate        | 2.52e-05    |
|    loss                 | 11.5        |
|    n_updates            | 320         |
|    policy_gradient_loss | -0.00749    |
|    std                  | 0.967       |
|    value_loss           | 19.5        |
-----------------------------------------
------------------------------------------
| rollout/                |              |
|    ep_len_mean          | 110          |
|    ep_rew_mean          | 26           |
| time/                   |              |
|    fps                  | 534          |
|    iterations           | 34           |
|    time_elapsed         | 520          |
|    total_timesteps      | 278528       |
| train/                  |              |
|    approx_kl            | 0.0087753525 |
|    clip_fraction        | 0.103        |
|    clip_range           | 0.2          |
|    entropy_loss         | -1.38        |
|    explained_variance   | 0.828        |
|    learning_rate        | 2.57e-05     |
|    loss                 | 5.91         |
|    n_updates            | 330          |
|    policy_gradient_loss | -0.00741     |
|    std                  | 0.961        |
|    value_loss           | 12.9         |
------------------------------------------
-----------------------------------------
| rollout/                |             |
|    ep_len_mean          | 135         |
|    ep_rew_mean          | 32.6        |
| time/                   |             |
|    fps                  | 535         |
|    iterations           | 35          |
|    time_elapsed         | 535         |
|    total_timesteps      | 286720      |
| train/                  |             |
|    approx_kl            | 0.013798907 |
|    clip_fraction        | 0.11        |
|    clip_range           | 0.2         |
|    entropy_loss         | -1.38       |
|    explained_variance   | 0.846       |
|    learning_rate        | 2.62e-05    |
|    loss                 | 5.68        |
|    n_updates            | 340         |
|    policy_gradient_loss | -0.00696    |
|    std                  | 0.959       |
|    value_loss           | 14.9        |
-----------------------------------------
-----------------------------------------
| rollout/                |             |
|    ep_len_mean          | 139         |
|    ep_rew_mean          | 34.8        |
| time/                   |             |
|    fps                  | 536         |
|    iterations           | 36          |
|    time_elapsed         | 549         |
|    total_timesteps      | 294912      |
| train/                  |             |
|    approx_kl            | 0.015759682 |
|    clip_fraction        | 0.109       |
|    clip_range           | 0.2         |
|    entropy_loss         | -1.37       |
|    explained_variance   | 0.872       |
|    learning_rate        | 2.66e-05    |
|    loss                 | 3.61        |
|    n_updates            | 350         |
|    policy_gradient_loss | -0.00708    |
|    std                  | 0.954       |
|    value_loss           | 15.8        |
-----------------------------------------
-----------------------------------------
| rollout/                |             |
|    ep_len_mean          | 127         |
|    ep_rew_mean          | 34.6        |
| time/                   |             |
|    fps                  | 536         |
|    iterations           | 37          |
|    time_elapsed         | 564         |
|    total_timesteps      | 303104      |
| train/                  |             |
|    approx_kl            | 0.012550177 |
|    clip_fraction        | 0.115       |
|    clip_range           | 0.2         |
|    entropy_loss         | -1.37       |
|    explained_variance   | 0.883       |
|    learning_rate        | 2.71e-05    |
|    loss                 | 7.3         |
|    n_updates            | 360         |
|    policy_gradient_loss | -0.0094     |
|    std                  | 0.951       |
|    value_loss           | 12.9        |
-----------------------------------------
-----------------------------------------
| rollout/                |             |
|    ep_len_mean          | 53.3        |
|    ep_rew_mean          | 19          |
| time/                   |             |
|    fps                  | 537         |
|    iterations           | 38          |
|    time_elapsed         | 579         |
|    total_timesteps      | 311296      |
| train/                  |             |
|    approx_kl            | 0.011220282 |
|    clip_fraction        | 0.107       |
|    clip_range           | 0.2         |
|    entropy_loss         | -1.37       |
|    explained_variance   | 0.903       |
|    learning_rate        | 2.76e-05    |
|    loss                 | 4.4         |
|    n_updates            | 370         |
|    policy_gradient_loss | -0.0105     |
|    std                  | 0.945       |
|    value_loss           | 14.6        |
-----------------------------------------
-----------------------------------------
| rollout/                |             |
|    ep_len_mean          | 79.9        |
|    ep_rew_mean          | 25.1        |
| time/                   |             |
|    fps                  | 537         |
|    iterations           | 39          |
|    time_elapsed         | 594         |
|    total_timesteps      | 319488      |
| train/                  |             |
|    approx_kl            | 0.014351048 |
|    clip_fraction        | 0.15        |
|    clip_range           | 0.2         |
|    entropy_loss         | -1.36       |
|    explained_variance   | 0.906       |
|    learning_rate        | 2.81e-05    |
|    loss                 | 27.6        |
|    n_updates            | 380         |
|    policy_gradient_loss | -0.00768    |
|    std                  | 0.942       |
|    value_loss           | 14.7        |
-----------------------------------------
-----------------------------------------
| rollout/                |             |
|    ep_len_mean          | 89.6        |
|    ep_rew_mean          | 31.3        |
| time/                   |             |
|    fps                  | 536         |
|    iterations           | 40          |
|    time_elapsed         | 610         |
|    total_timesteps      | 327680      |
| train/                  |             |
|    approx_kl            | 0.011142075 |
|    clip_fraction        | 0.132       |
|    clip_range           | 0.2         |
|    entropy_loss         | -1.36       |
|    explained_variance   | 0.897       |
|    learning_rate        | 2.85e-05    |
|    loss                 | 5.33        |
|    n_updates            | 390         |
|    policy_gradient_loss | -0.00668    |
|    std                  | 0.938       |
|    value_loss           | 17          |
-----------------------------------------
-----------------------------------------
| rollout/                |             |
|    ep_len_mean          | 63.8        |
|    ep_rew_mean          | 23.8        |
| time/                   |             |
|    fps                  | 536         |
|    iterations           | 41          |
|    time_elapsed         | 625         |
|    total_timesteps      | 335872      |
| train/                  |             |
|    approx_kl            | 0.011890523 |
|    clip_fraction        | 0.124       |
|    clip_range           | 0.2         |
|    entropy_loss         | -1.35       |
|    explained_variance   | 0.91        |
|    learning_rate        | 2.9e-05     |
|    loss                 | 8.73        |
|    n_updates            | 400         |
|    policy_gradient_loss | -0.00708    |
|    std                  | 0.932       |
|    value_loss           | 16.3        |
-----------------------------------------
-----------------------------------------
| rollout/                |             |
|    ep_len_mean          | 102         |
|    ep_rew_mean          | 37.1        |
| time/                   |             |
|    fps                  | 537         |
|    iterations           | 42          |
|    time_elapsed         | 640         |
|    total_timesteps      | 344064      |
| train/                  |             |
|    approx_kl            | 0.011261749 |
|    clip_fraction        | 0.115       |
|    clip_range           | 0.2         |
|    entropy_loss         | -1.35       |
|    explained_variance   | 0.896       |
|    learning_rate        | 2.95e-05    |
|    loss                 | 5.01        |
|    n_updates            | 410         |
|    policy_gradient_loss | -0.00986    |
|    std                  | 0.928       |
|    value_loss           | 12.2        |
-----------------------------------------
-----------------------------------------
| rollout/                |             |
|    ep_len_mean          | 80.9        |
|    ep_rew_mean          | 33.9        |
| time/                   |             |
|    fps                  | 537         |
|    iterations           | 43          |
|    time_elapsed         | 655         |
|    total_timesteps      | 352256      |
| train/                  |             |
|    approx_kl            | 0.013653159 |
|    clip_fraction        | 0.154       |
|    clip_range           | 0.2         |
|    entropy_loss         | -1.34       |
|    explained_variance   | 0.934       |
|    learning_rate        | 3e-05       |
|    loss                 | 8.93        |
|    n_updates            | 420         |
|    policy_gradient_loss | -0.00756    |
|    std                  | 0.924       |
|    value_loss           | 14.8        |
-----------------------------------------
-----------------------------------------
| rollout/                |             |
|    ep_len_mean          | 95.2        |
|    ep_rew_mean          | 34.8        |
| time/                   |             |
|    fps                  | 537         |
|    iterations           | 44          |
|    time_elapsed         | 670         |
|    total_timesteps      | 360448      |
| train/                  |             |
|    approx_kl            | 0.012002093 |
|    clip_fraction        | 0.158       |
|    clip_range           | 0.2         |
|    entropy_loss         | -1.34       |
|    explained_variance   | 0.924       |
|    learning_rate        | 3.04e-05    |
|    loss                 | 3.84        |
|    n_updates            | 430         |
|    policy_gradient_loss | -0.00737    |
|    std                  | 0.921       |
|    value_loss           | 14          |
-----------------------------------------
-----------------------------------------
| rollout/                |             |
|    ep_len_mean          | 126         |
|    ep_rew_mean          | 41.7        |
| time/                   |             |
|    fps                  | 537         |
|    iterations           | 45          |
|    time_elapsed         | 685         |
|    total_timesteps      | 368640      |
| train/                  |             |
|    approx_kl            | 0.024262208 |
|    clip_fraction        | 0.164       |
|    clip_range           | 0.2         |
|    entropy_loss         | -1.34       |
|    explained_variance   | 0.93        |
|    learning_rate        | 3.09e-05    |
|    loss                 | 4.19        |
|    n_updates            | 440         |
|    policy_gradient_loss | -0.0036     |
|    std                  | 0.919       |
|    value_loss           | 16.3        |
-----------------------------------------
-----------------------------------------
| rollout/                |             |
|    ep_len_mean          | 93.2        |
|    ep_rew_mean          | 38.5        |
| time/                   |             |
|    fps                  | 537         |
|    iterations           | 46          |
|    time_elapsed         | 701         |
|    total_timesteps      | 376832      |
| train/                  |             |
|    approx_kl            | 0.022024928 |
|    clip_fraction        | 0.167       |
|    clip_range           | 0.2         |
|    entropy_loss         | -1.33       |
|    explained_variance   | 0.946       |
|    learning_rate        | 3.14e-05    |
|    loss                 | 10.2        |
|    n_updates            | 450         |
|    policy_gradient_loss | -0.00384    |
|    std                  | 0.916       |
|    value_loss           | 12.8        |
-----------------------------------------
-----------------------------------------
| rollout/                |             |
|    ep_len_mean          | 71.7        |
|    ep_rew_mean          | 30.2        |
| time/                   |             |
|    fps                  | 537         |
|    iterations           | 47          |
|    time_elapsed         | 716         |
|    total_timesteps      | 385024      |
| train/                  |             |
|    approx_kl            | 0.018017408 |
|    clip_fraction        | 0.172       |
|    clip_range           | 0.2         |
|    entropy_loss         | -1.33       |
|    explained_variance   | 0.932       |
|    learning_rate        | 3.19e-05    |
|    loss                 | 11.1        |
|    n_updates            | 460         |
|    policy_gradient_loss | -0.00493    |
|    std                  | 0.914       |
|    value_loss           | 15.2        |
-----------------------------------------
----------------------------------------
| rollout/                |            |
|    ep_len_mean          | 100        |
|    ep_rew_mean          | 33         |
| time/                   |            |
|    fps                  | 537        |
|    iterations           | 48         |
|    time_elapsed         | 731        |
|    total_timesteps      | 393216     |
| train/                  |            |
|    approx_kl            | 0.01075381 |
|    clip_fraction        | 0.171      |
|    clip_range           | 0.2        |
|    entropy_loss         | -1.33      |
|    explained_variance   | 0.946      |
|    learning_rate        | 3.23e-05   |
|    loss                 | 4.1        |
|    n_updates            | 470        |
|    policy_gradient_loss | -0.00425   |
|    std                  | 0.912      |
|    value_loss           | 12         |
----------------------------------------
-----------------------------------------
| rollout/                |             |
|    ep_len_mean          | 83.2        |
|    ep_rew_mean          | 35.1        |
| time/                   |             |
|    fps                  | 537         |
|    iterations           | 49          |
|    time_elapsed         | 747         |
|    total_timesteps      | 401408      |
| train/                  |             |
|    approx_kl            | 0.011776194 |
|    clip_fraction        | 0.166       |
|    clip_range           | 0.2         |
|    entropy_loss         | -1.32       |
|    explained_variance   | 0.961       |
|    learning_rate        | 3.28e-05    |
|    loss                 | 4.42        |
|    n_updates            | 480         |
|    policy_gradient_loss | -0.00529    |
|    std                  | 0.906       |
|    value_loss           | 8.18        |
-----------------------------------------
----------------------------------------
| rollout/                |            |
|    ep_len_mean          | 96.6       |
|    ep_rew_mean          | 38.6       |
| time/                   |            |
|    fps                  | 537        |
|    iterations           | 50         |
|    time_elapsed         | 761        |
|    total_timesteps      | 409600     |
| train/                  |            |
|    approx_kl            | 0.03189264 |
|    clip_fraction        | 0.191      |
|    clip_range           | 0.2        |
|    entropy_loss         | -1.32      |
|    explained_variance   | 0.941      |
|    learning_rate        | 3.33e-05   |
|    loss                 | 4.55       |
|    n_updates            | 490        |
|    policy_gradient_loss | -0.000745  |
|    std                  | 0.905      |
|    value_loss           | 13.2       |
----------------------------------------
-----------------------------------------
| rollout/                |             |
|    ep_len_mean          | 78.8        |
|    ep_rew_mean          | 29.5        |
| time/                   |             |
|    fps                  | 537         |
|    iterations           | 51          |
|    time_elapsed         | 776         |
|    total_timesteps      | 417792      |
| train/                  |             |
|    approx_kl            | 0.012447057 |
|    clip_fraction        | 0.263       |
|    clip_range           | 0.2         |
|    entropy_loss         | -1.32       |
|    explained_variance   | 0.938       |
|    learning_rate        | 3.38e-05    |
|    loss                 | 33          |
|    n_updates            | 500         |
|    policy_gradient_loss | 0.0122      |
|    std                  | 0.903       |
|    value_loss           | 18.6        |
-----------------------------------------
---------------------------------------
| rollout/                |           |
|    ep_len_mean          | 117       |
|    ep_rew_mean          | 43.4      |
| time/                   |           |
|    fps                  | 537       |
|    iterations           | 52        |
|    time_elapsed         | 791       |
|    total_timesteps      | 425984    |
| train/                  |           |
|    approx_kl            | 0.0360854 |
|    clip_fraction        | 0.18      |
|    clip_range           | 0.2       |
|    entropy_loss         | -1.32     |
|    explained_variance   | 0.94      |
|    learning_rate        | 3.42e-05  |
|    loss                 | 9.98      |
|    n_updates            | 510       |
|    policy_gradient_loss | -0.00234  |
|    std                  | 0.901     |
|    value_loss           | 16.1      |
---------------------------------------
-----------------------------------------
| rollout/                |             |
|    ep_len_mean          | 102         |
|    ep_rew_mean          | 45.7        |
| time/                   |             |
|    fps                  | 537         |
|    iterations           | 53          |
|    time_elapsed         | 808         |
|    total_timesteps      | 434176      |
| train/                  |             |
|    approx_kl            | 0.016628675 |
|    clip_fraction        | 0.175       |
|    clip_range           | 0.2         |
|    entropy_loss         | -1.31       |
|    explained_variance   | 0.948       |
|    learning_rate        | 3.47e-05    |
|    loss                 | 12.5        |
|    n_updates            | 520         |
|    policy_gradient_loss | -0.00257    |
|    std                  | 0.897       |
|    value_loss           | 16          |
-----------------------------------------
----------------------------------------
| rollout/                |            |
|    ep_len_mean          | 98.3       |
|    ep_rew_mean          | 46         |
| time/                   |            |
|    fps                  | 537        |
|    iterations           | 54         |
|    time_elapsed         | 822        |
|    total_timesteps      | 442368     |
| train/                  |            |
|    approx_kl            | 0.05691481 |
|    clip_fraction        | 0.188      |
|    clip_range           | 0.2        |
|    entropy_loss         | -1.31      |
|    explained_variance   | 0.945      |
|    learning_rate        | 3.52e-05   |
|    loss                 | 8.87       |
|    n_updates            | 530        |
|    policy_gradient_loss | -0.00353   |
|    std                  | 0.894      |
|    value_loss           | 16.2       |
----------------------------------------
----------------------------------------
| rollout/                |            |
|    ep_len_mean          | 113        |
|    ep_rew_mean          | 56.1       |
| time/                   |            |
|    fps                  | 537        |
|    iterations           | 55         |
|    time_elapsed         | 837        |
|    total_timesteps      | 450560     |
| train/                  |            |
|    approx_kl            | 0.01794215 |
|    clip_fraction        | 0.192      |
|    clip_range           | 0.2        |
|    entropy_loss         | -1.31      |
|    explained_variance   | 0.95       |
|    learning_rate        | 3.57e-05   |
|    loss                 | 3.51       |
|    n_updates            | 540        |
|    policy_gradient_loss | -0.00408   |
|    std                  | 0.891      |
|    value_loss           | 14.4       |
----------------------------------------
-----------------------------------------
| rollout/                |             |
|    ep_len_mean          | 72.1        |
|    ep_rew_mean          | 34.4        |
| time/                   |             |
|    fps                  | 538         |
|    iterations           | 56          |
|    time_elapsed         | 851         |
|    total_timesteps      | 458752      |
| train/                  |             |
|    approx_kl            | 0.028497767 |
|    clip_fraction        | 0.18        |
|    clip_range           | 0.2         |
|    entropy_loss         | -1.3        |
|    explained_variance   | 0.955       |
|    learning_rate        | 3.61e-05    |
|    loss                 | 4.01        |
|    n_updates            | 550         |
|    policy_gradient_loss | -0.00452    |
|    std                  | 0.886       |
|    value_loss           | 13.7        |
-----------------------------------------
-----------------------------------------
| rollout/                |             |
|    ep_len_mean          | 85.8        |
|    ep_rew_mean          | 34.2        |
| time/                   |             |
|    fps                  | 539         |
|    iterations           | 57          |
|    time_elapsed         | 865         |
|    total_timesteps      | 466944      |
| train/                  |             |
|    approx_kl            | 0.040600426 |
|    clip_fraction        | 0.247       |
|    clip_range           | 0.2         |
|    entropy_loss         | -1.3        |
|    explained_variance   | 0.971       |
|    learning_rate        | 3.66e-05    |
|    loss                 | 3.12        |
|    n_updates            | 560         |
|    policy_gradient_loss | 0.0034      |
|    std                  | 0.881       |
|    value_loss           | 10.2        |
-----------------------------------------
-----------------------------------------
| rollout/                |             |
|    ep_len_mean          | 73.4        |
|    ep_rew_mean          | 29          |
| time/                   |             |
|    fps                  | 539         |
|    iterations           | 58          |
|    time_elapsed         | 880         |
|    total_timesteps      | 475136      |
| train/                  |             |
|    approx_kl            | 0.013898671 |
|    clip_fraction        | 0.164       |
|    clip_range           | 0.2         |
|    entropy_loss         | -1.29       |
|    explained_variance   | 0.98        |
|    learning_rate        | 3.71e-05    |
|    loss                 | 2.07        |
|    n_updates            | 570         |
|    policy_gradient_loss | -0.00423    |
|    std                  | 0.879       |
|    value_loss           | 5.93        |
-----------------------------------------
-----------------------------------------
| rollout/                |             |
|    ep_len_mean          | 86.7        |
|    ep_rew_mean          | 32.9        |
| time/                   |             |
|    fps                  | 539         |
|    iterations           | 59          |
|    time_elapsed         | 895         |
|    total_timesteps      | 483328      |
| train/                  |             |
|    approx_kl            | 0.015588691 |
|    clip_fraction        | 0.205       |
|    clip_range           | 0.2         |
|    entropy_loss         | -1.29       |
|    explained_variance   | 0.966       |
|    learning_rate        | 3.76e-05    |
|    loss                 | 2.24        |
|    n_updates            | 580         |
|    policy_gradient_loss | -0.000456   |
|    std                  | 0.876       |
|    value_loss           | 12.6        |
-----------------------------------------
-----------------------------------------
| rollout/                |             |
|    ep_len_mean          | 86.2        |
|    ep_rew_mean          | 35.3        |
| time/                   |             |
|    fps                  | 539         |
|    iterations           | 60          |
|    time_elapsed         | 911         |
|    total_timesteps      | 491520      |
| train/                  |             |
|    approx_kl            | 0.019445863 |
|    clip_fraction        | 0.23        |
|    clip_range           | 0.2         |
|    entropy_loss         | -1.28       |
|    explained_variance   | 0.962       |
|    learning_rate        | 3.8e-05     |
|    loss                 | 1.6         |
|    n_updates            | 590         |
|    policy_gradient_loss | 0.00123     |
|    std                  | 0.872       |
|    value_loss           | 16.1        |
-----------------------------------------
-----------------------------------------
| rollout/                |             |
|    ep_len_mean          | 103         |
|    ep_rew_mean          | 43.1        |
| time/                   |             |
|    fps                  | 539         |
|    iterations           | 61          |
|    time_elapsed         | 927         |
|    total_timesteps      | 499712      |
| train/                  |             |
|    approx_kl            | 0.020302007 |
|    clip_fraction        | 0.178       |
|    clip_range           | 0.2         |
|    entropy_loss         | -1.28       |
|    explained_variance   | 0.968       |
|    learning_rate        | 3.85e-05    |
|    loss                 | 2.09        |
|    n_updates            | 600         |
|    policy_gradient_loss | -0.00579    |
|    std                  | 0.871       |
|    value_loss           | 13.4        |
-----------------------------------------

[VolV3 Eval 500000] equity=10000 return=0.00% best=-0.00%
  -> Saved best (0.00%)
---------------------------------------
| rollout/                |           |
|    ep_len_mean          | 110       |
|    ep_rew_mean          | 42.2      |
| time/                   |           |
|    fps                  | 538       |
|    iterations           | 62        |
|    time_elapsed         | 943       |
|    total_timesteps      | 507904    |
| train/                  |           |
|    approx_kl            | 0.0488721 |
|    clip_fraction        | 0.232     |
|    clip_range           | 0.2       |
|    entropy_loss         | -1.28     |
|    explained_variance   | 0.979     |
|    learning_rate        | 3.9e-05   |
|    loss                 | 20.1      |
|    n_updates            | 610       |
|    policy_gradient_loss | -0.000847 |
|    std                  | 0.869     |
|    value_loss           | 8.72      |
---------------------------------------
-----------------------------------------
| rollout/                |             |
|    ep_len_mean          | 79.8        |
|    ep_rew_mean          | 31.9        |
| time/                   |             |
|    fps                  | 538         |
|    iterations           | 63          |
|    time_elapsed         | 959         |
|    total_timesteps      | 516096      |
| train/                  |             |
|    approx_kl            | 0.056578264 |
|    clip_fraction        | 0.233       |
|    clip_range           | 0.2         |
|    entropy_loss         | -1.28       |
|    explained_variance   | 0.951       |
|    learning_rate        | 3.95e-05    |
|    loss                 | 7.15        |
|    n_updates            | 620         |
|    policy_gradient_loss | -0.000417   |
|    std                  | 0.867       |
|    value_loss           | 18.2        |
-----------------------------------------
----------------------------------------
| rollout/                |            |
|    ep_len_mean          | 135        |
|    ep_rew_mean          | 57.6       |
| time/                   |            |
|    fps                  | 532        |
|    iterations           | 64         |
|    time_elapsed         | 984        |
|    total_timesteps      | 524288     |
| train/                  |            |
|    approx_kl            | 0.04414226 |
|    clip_fraction        | 0.233      |
|    clip_range           | 0.2        |
|    entropy_loss         | -1.28      |
|    explained_variance   | 0.97       |
|    learning_rate        | 3.99e-05   |
|    loss                 | 1.52       |
|    n_updates            | 630        |
|    policy_gradient_loss | -0.00224   |
|    std                  | 0.864      |
|    value_loss           | 10.3       |
----------------------------------------
-----------------------------------------
| rollout/                |             |
|    ep_len_mean          | 84.6        |
|    ep_rew_mean          | 33.9        |
| time/                   |             |
|    fps                  | 527         |
|    iterations           | 65          |
|    time_elapsed         | 1010        |
|    total_timesteps      | 532480      |
| train/                  |             |
|    approx_kl            | 0.019726954 |
|    clip_fraction        | 0.254       |
|    clip_range           | 0.2         |
|    entropy_loss         | -1.27       |
|    explained_variance   | 0.975       |
|    learning_rate        | 4.04e-05    |
|    loss                 | 7.99        |
|    n_updates            | 640         |
|    policy_gradient_loss | 0.00218     |
|    std                  | 0.862       |
|    value_loss           | 10.9        |
-----------------------------------------
-----------------------------------------
| rollout/                |             |
|    ep_len_mean          | 51.5        |
|    ep_rew_mean          | 24          |
| time/                   |             |
|    fps                  | 527         |
|    iterations           | 66          |
|    time_elapsed         | 1025        |
|    total_timesteps      | 540672      |
| train/                  |             |
|    approx_kl            | 0.024594005 |
|    clip_fraction        | 0.211       |
|    clip_range           | 0.2         |
|    entropy_loss         | -1.27       |
|    explained_variance   | 0.979       |
|    learning_rate        | 4.09e-05    |
|    loss                 | 1.21        |
|    n_updates            | 650         |
|    policy_gradient_loss | -0.00459    |
|    std                  | 0.861       |
|    value_loss           | 7.38        |
-----------------------------------------
-----------------------------------------
| rollout/                |             |
|    ep_len_mean          | 86.4        |
|    ep_rew_mean          | 33.1        |
| time/                   |             |
|    fps                  | 526         |
|    iterations           | 67          |
|    time_elapsed         | 1041        |
|    total_timesteps      | 548864      |
| train/                  |             |
|    approx_kl            | 0.033737376 |
|    clip_fraction        | 0.246       |
|    clip_range           | 0.2         |
|    entropy_loss         | -1.27       |
|    explained_variance   | 0.984       |
|    learning_rate        | 4.14e-05    |
|    loss                 | 1.92        |
|    n_updates            | 660         |
|    policy_gradient_loss | 1.93e-05    |
|    std                  | 0.857       |
|    value_loss           | 6.12        |
-----------------------------------------
-----------------------------------------
| rollout/                |             |
|    ep_len_mean          | 105         |
|    ep_rew_mean          | 42          |
| time/                   |             |
|    fps                  | 526         |
|    iterations           | 68          |
|    time_elapsed         | 1057        |
|    total_timesteps      | 557056      |
| train/                  |             |
|    approx_kl            | 0.022064265 |
|    clip_fraction        | 0.223       |
|    clip_range           | 0.2         |
|    entropy_loss         | -1.26       |
|    explained_variance   | 0.987       |
|    learning_rate        | 4.18e-05    |
|    loss                 | 0.822       |
|    n_updates            | 670         |
|    policy_gradient_loss | -0.00475    |
|    std                  | 0.857       |
|    value_loss           | 4.56        |
-----------------------------------------
----------------------------------------
| rollout/                |            |
|    ep_len_mean          | 109        |
|    ep_rew_mean          | 58.1       |
| time/                   |            |
|    fps                  | 522        |
|    iterations           | 69         |
|    time_elapsed         | 1082       |
|    total_timesteps      | 565248     |
| train/                  |            |
|    approx_kl            | 0.11205485 |
|    clip_fraction        | 0.227      |
|    clip_range           | 0.2        |
|    entropy_loss         | -1.26      |
|    explained_variance   | 0.981      |
|    learning_rate        | 4.23e-05   |
|    loss                 | 2.21       |
|    n_updates            | 680        |
|    policy_gradient_loss | -0.000996  |
|    std                  | 0.856      |
|    value_loss           | 7          |
----------------------------------------
-----------------------------------------
| rollout/                |             |
|    ep_len_mean          | 150         |
|    ep_rew_mean          | 71.1        |
| time/                   |             |
|    fps                  | 521         |
|    iterations           | 70          |
|    time_elapsed         | 1099        |
|    total_timesteps      | 573440      |
| train/                  |             |
|    approx_kl            | 0.042148314 |
|    clip_fraction        | 0.245       |
|    clip_range           | 0.2         |
|    entropy_loss         | -1.26       |
|    explained_variance   | 0.981       |
|    learning_rate        | 4.28e-05    |
|    loss                 | 2.74        |
|    n_updates            | 690         |
|    policy_gradient_loss | 0.000183    |
|    std                  | 0.854       |
|    value_loss           | 5.95        |
-----------------------------------------
-----------------------------------------
| rollout/                |             |
|    ep_len_mean          | 143         |
|    ep_rew_mean          | 61.7        |
| time/                   |             |
|    fps                  | 511         |
|    iterations           | 71          |
|    time_elapsed         | 1136        |
|    total_timesteps      | 581632      |
| train/                  |             |
|    approx_kl            | 0.031831674 |
|    clip_fraction        | 0.265       |
|    clip_range           | 0.2         |
|    entropy_loss         | -1.26       |
|    explained_variance   | 0.986       |
|    learning_rate        | 4.33e-05    |
|    loss                 | 4.01        |
|    n_updates            | 700         |
|    policy_gradient_loss | 0.00368     |
|    std                  | 0.848       |
|    value_loss           | 5.06        |
-----------------------------------------
-----------------------------------------
| rollout/                |             |
|    ep_len_mean          | 125         |
|    ep_rew_mean          | 61.3        |
| time/                   |             |
|    fps                  | 510         |
|    iterations           | 72          |
|    time_elapsed         | 1155        |
|    total_timesteps      | 589824      |
| train/                  |             |
|    approx_kl            | 0.084416345 |
|    clip_fraction        | 0.272       |
|    clip_range           | 0.2         |
|    entropy_loss         | -1.25       |
|    explained_variance   | 0.98        |
|    learning_rate        | 4.37e-05    |
|    loss                 | 1.7         |
|    n_updates            | 710         |
|    policy_gradient_loss | 0.0072      |
|    std                  | 0.847       |
|    value_loss           | 7.26        |
-----------------------------------------
-----------------------------------------
| rollout/                |             |
|    ep_len_mean          | 137         |
|    ep_rew_mean          | 66.8        |
| time/                   |             |
|    fps                  | 510         |
|    iterations           | 73          |
|    time_elapsed         | 1170        |
|    total_timesteps      | 598016      |
| train/                  |             |
|    approx_kl            | 0.035647787 |
|    clip_fraction        | 0.332       |
|    clip_range           | 0.2         |
|    entropy_loss         | -1.25       |
|    explained_variance   | 0.983       |
|    learning_rate        | 4.42e-05    |
|    loss                 | 1.23        |
|    n_updates            | 720         |
|    policy_gradient_loss | 0.0151      |
|    std                  | 0.848       |
|    value_loss           | 7.99        |
-----------------------------------------
-----------------------------------------
| rollout/                |             |
|    ep_len_mean          | 71          |
|    ep_rew_mean          | 37.4        |
| time/                   |             |
|    fps                  | 511         |
|    iterations           | 74          |
|    time_elapsed         | 1185        |
|    total_timesteps      | 606208      |
| train/                  |             |
|    approx_kl            | 0.038857237 |
|    clip_fraction        | 0.276       |
|    clip_range           | 0.2         |
|    entropy_loss         | -1.25       |
|    explained_variance   | 0.987       |
|    learning_rate        | 4.47e-05    |
|    loss                 | 1.41        |
|    n_updates            | 730         |
|    policy_gradient_loss | 0.00176     |
|    std                  | 0.845       |
|    value_loss           | 4.99        |
-----------------------------------------
-----------------------------------------
| rollout/                |             |
|    ep_len_mean          | 78.8        |
|    ep_rew_mean          | 46.9        |
| time/                   |             |
|    fps                  | 511         |
|    iterations           | 75          |
|    time_elapsed         | 1200        |
|    total_timesteps      | 614400      |
| train/                  |             |
|    approx_kl            | 0.045447923 |
|    clip_fraction        | 0.288       |
|    clip_range           | 0.2         |
|    entropy_loss         | -1.25       |
|    explained_variance   | 0.983       |
|    learning_rate        | 4.52e-05    |
|    loss                 | 3.12        |
|    n_updates            | 740         |
|    policy_gradient_loss | 0.00211     |
|    std                  | 0.84        |
|    value_loss           | 8.22        |
-----------------------------------------
----------------------------------------
| rollout/                |            |
|    ep_len_mean          | 81.5       |
|    ep_rew_mean          | 34.4       |
| time/                   |            |
|    fps                  | 512        |
|    iterations           | 76         |
|    time_elapsed         | 1215       |
|    total_timesteps      | 622592     |
| train/                  |            |
|    approx_kl            | 0.06836067 |
|    clip_fraction        | 0.277      |
|    clip_range           | 0.2        |
|    entropy_loss         | -1.24      |
|    explained_variance   | 0.988      |
|    learning_rate        | 4.56e-05   |
|    loss                 | 1.92       |
|    n_updates            | 750        |
|    policy_gradient_loss | 0.00258    |
|    std                  | 0.839      |
|    value_loss           | 5.18       |
----------------------------------------
-----------------------------------------
| rollout/                |             |
|    ep_len_mean          | 105         |
|    ep_rew_mean          | 50.6        |
| time/                   |             |
|    fps                  | 512         |
|    iterations           | 77          |
|    time_elapsed         | 1230        |
|    total_timesteps      | 630784      |
| train/                  |             |
|    approx_kl            | 0.044006433 |
|    clip_fraction        | 0.271       |
|    clip_range           | 0.2         |
|    entropy_loss         | -1.24       |
|    explained_variance   | 0.989       |
|    learning_rate        | 4.61e-05    |
|    loss                 | 1.65        |
|    n_updates            | 760         |
|    policy_gradient_loss | 0.00256     |
|    std                  | 0.84        |
|    value_loss           | 5.18        |
-----------------------------------------
-----------------------------------------
| rollout/                |             |
|    ep_len_mean          | 79.5        |
|    ep_rew_mean          | 50.4        |
| time/                   |             |
|    fps                  | 512         |
|    iterations           | 78          |
|    time_elapsed         | 1246        |
|    total_timesteps      | 638976      |
| train/                  |             |
|    approx_kl            | 0.025059292 |
|    clip_fraction        | 0.265       |
|    clip_range           | 0.2         |
|    entropy_loss         | -1.24       |
|    explained_variance   | 0.984       |
|    learning_rate        | 4.66e-05    |
|    loss                 | 10.3        |
|    n_updates            | 770         |
|    policy_gradient_loss | 0.00275     |
|    std                  | 0.838       |
|    value_loss           | 7.69        |
-----------------------------------------
-----------------------------------------
| rollout/                |             |
|    ep_len_mean          | 104         |
|    ep_rew_mean          | 53.5        |
| time/                   |             |
|    fps                  | 512         |
|    iterations           | 79          |
|    time_elapsed         | 1261        |
|    total_timesteps      | 647168      |
| train/                  |             |
|    approx_kl            | 0.045047715 |
|    clip_fraction        | 0.303       |
|    clip_range           | 0.2         |
|    entropy_loss         | -1.24       |
|    explained_variance   | 0.986       |
|    learning_rate        | 4.71e-05    |
|    loss                 | 2.45        |
|    n_updates            | 780         |
|    policy_gradient_loss | 0.00601     |
|    std                  | 0.836       |
|    value_loss           | 7.76        |
-----------------------------------------
-----------------------------------------
| rollout/                |             |
|    ep_len_mean          | 131         |
|    ep_rew_mean          | 71.3        |
| time/                   |             |
|    fps                  | 512         |
|    iterations           | 80          |
|    time_elapsed         | 1277        |
|    total_timesteps      | 655360      |
| train/                  |             |
|    approx_kl            | 0.051724706 |
|    clip_fraction        | 0.256       |
|    clip_range           | 0.2         |
|    entropy_loss         | -1.24       |
|    explained_variance   | 0.987       |
|    learning_rate        | 4.75e-05    |
|    loss                 | 1.47        |
|    n_updates            | 790         |
|    policy_gradient_loss | 0.00291     |
|    std                  | 0.836       |
|    value_loss           | 6.8         |
-----------------------------------------
----------------------------------------
| rollout/                |            |
|    ep_len_mean          | 92.8       |
|    ep_rew_mean          | 59.8       |
| time/                   |            |
|    fps                  | 513        |
|    iterations           | 81         |
|    time_elapsed         | 1292       |
|    total_timesteps      | 663552     |
| train/                  |            |
|    approx_kl            | 0.03725247 |
|    clip_fraction        | 0.276      |
|    clip_range           | 0.2        |
|    entropy_loss         | -1.24      |
|    explained_variance   | 0.982      |
|    learning_rate        | 4.8e-05    |
|    loss                 | 1.67       |
|    n_updates            | 800        |
|    policy_gradient_loss | 0.00238    |
|    std                  | 0.836      |
|    value_loss           | 8.89       |
----------------------------------------
----------------------------------------
| rollout/                |            |
|    ep_len_mean          | 128        |
|    ep_rew_mean          | 69.6       |
| time/                   |            |
|    fps                  | 513        |
|    iterations           | 82         |
|    time_elapsed         | 1307       |
|    total_timesteps      | 671744     |
| train/                  |            |
|    approx_kl            | 0.04756753 |
|    clip_fraction        | 0.315      |
|    clip_range           | 0.2        |
|    entropy_loss         | -1.24      |
|    explained_variance   | 0.992      |
|    learning_rate        | 4.85e-05   |
|    loss                 | 1.58       |
|    n_updates            | 810        |
|    policy_gradient_loss | 0.0129     |
|    std                  | 0.835      |
|    value_loss           | 3.83       |
----------------------------------------
-----------------------------------------
| rollout/                |             |
|    ep_len_mean          | 130         |
|    ep_rew_mean          | 60.6        |
| time/                   |             |
|    fps                  | 513         |
|    iterations           | 83          |
|    time_elapsed         | 1323        |
|    total_timesteps      | 679936      |
| train/                  |             |
|    approx_kl            | 0.053948376 |
|    clip_fraction        | 0.303       |
|    clip_range           | 0.2         |
|    entropy_loss         | -1.24       |
|    explained_variance   | 0.99        |
|    learning_rate        | 4.9e-05     |
|    loss                 | 1.05        |
|    n_updates            | 820         |
|    policy_gradient_loss | 0.00787     |
|    std                  | 0.836       |
|    value_loss           | 4.7         |
-----------------------------------------
---------------------------------------
| rollout/                |           |
|    ep_len_mean          | 111       |
|    ep_rew_mean          | 54.5      |
| time/                   |           |
|    fps                  | 514       |
|    iterations           | 84        |
|    time_elapsed         | 1337      |
|    total_timesteps      | 688128    |
| train/                  |           |
|    approx_kl            | 0.0751024 |
|    clip_fraction        | 0.291     |
|    clip_range           | 0.2       |
|    entropy_loss         | -1.24     |
|    explained_variance   | 0.993     |
|    learning_rate        | 4.94e-05  |
|    loss                 | 1.16      |
|    n_updates            | 830       |
|    policy_gradient_loss | 0.00616   |
|    std                  | 0.834     |
|    value_loss           | 2.47      |
---------------------------------------
-----------------------------------------
| rollout/                |             |
|    ep_len_mean          | 36.7        |
|    ep_rew_mean          | 22.1        |
| time/                   |             |
|    fps                  | 514         |
|    iterations           | 85          |
|    time_elapsed         | 1353        |
|    total_timesteps      | 696320      |
| train/                  |             |
|    approx_kl            | 0.055146366 |
|    clip_fraction        | 0.315       |
|    clip_range           | 0.2         |
|    entropy_loss         | -1.24       |
|    explained_variance   | 0.978       |
|    learning_rate        | 4.99e-05    |
|    loss                 | 5.7         |
|    n_updates            | 840         |
|    policy_gradient_loss | 0.0113      |
|    std                  | 0.837       |
|    value_loss           | 11.4        |
-----------------------------------------
----------------------------------------
| rollout/                |            |
|    ep_len_mean          | 87.5       |
|    ep_rew_mean          | 35.6       |
| time/                   |            |
|    fps                  | 514        |
|    iterations           | 86         |
|    time_elapsed         | 1368       |
|    total_timesteps      | 704512     |
| train/                  |            |
|    approx_kl            | 0.04710883 |
|    clip_fraction        | 0.327      |
|    clip_range           | 0.2        |
|    entropy_loss         | -1.24      |
|    explained_variance   | 0.991      |
|    learning_rate        | 5.04e-05   |
|    loss                 | 1.24       |
|    n_updates            | 850        |
|    policy_gradient_loss | 0.00417    |
|    std                  | 0.834      |
|    value_loss           | 3.38       |
----------------------------------------
----------------------------------------
| rollout/                |            |
|    ep_len_mean          | 102        |
|    ep_rew_mean          | 47.9       |
| time/                   |            |
|    fps                  | 514        |
|    iterations           | 87         |
|    time_elapsed         | 1384       |
|    total_timesteps      | 712704     |
| train/                  |            |
|    approx_kl            | 0.12129646 |
|    clip_fraction        | 0.356      |
|    clip_range           | 0.2        |
|    entropy_loss         | -1.24      |
|    explained_variance   | 0.992      |
|    learning_rate        | 5.09e-05   |
|    loss                 | 0.981      |
|    n_updates            | 860        |
|    policy_gradient_loss | 0.0106     |
|    std                  | 0.834      |
|    value_loss           | 3.44       |
----------------------------------------
----------------------------------------
| rollout/                |            |
|    ep_len_mean          | 51.9       |
|    ep_rew_mean          | 28.4       |
| time/                   |            |
|    fps                  | 515        |
|    iterations           | 88         |
|    time_elapsed         | 1399       |
|    total_timesteps      | 720896     |
| train/                  |            |
|    approx_kl            | 0.07095444 |
|    clip_fraction        | 0.3        |
|    clip_range           | 0.2        |
|    entropy_loss         | -1.24      |
|    explained_variance   | 0.984      |
|    learning_rate        | 5.13e-05   |
|    loss                 | 8.82       |
|    n_updates            | 870        |
|    policy_gradient_loss | 0.0134     |
|    std                  | 0.837      |
|    value_loss           | 5.55       |
----------------------------------------
----------------------------------------
| rollout/                |            |
|    ep_len_mean          | 108        |
|    ep_rew_mean          | 56.1       |
| time/                   |            |
|    fps                  | 515        |
|    iterations           | 89         |
|    time_elapsed         | 1415       |
|    total_timesteps      | 729088     |
| train/                  |            |
|    approx_kl            | 0.07026404 |
|    clip_fraction        | 0.31       |
|    clip_range           | 0.2        |
|    entropy_loss         | -1.24      |
|    explained_variance   | 0.99       |
|    learning_rate        | 5.18e-05   |
|    loss                 | 1.41       |
|    n_updates            | 880        |
|    policy_gradient_loss | 0.00711    |
|    std                  | 0.839      |
|    value_loss           | 4.32       |
----------------------------------------
----------------------------------------
| rollout/                |            |
|    ep_len_mean          | 102        |
|    ep_rew_mean          | 67.8       |
| time/                   |            |
|    fps                  | 515        |
|    iterations           | 90         |
|    time_elapsed         | 1431       |
|    total_timesteps      | 737280     |
| train/                  |            |
|    approx_kl            | 0.04744836 |
|    clip_fraction        | 0.292      |
|    clip_range           | 0.2        |
|    entropy_loss         | -1.24      |
|    explained_variance   | 0.988      |
|    learning_rate        | 5.23e-05   |
|    loss                 | 2.02       |
|    n_updates            | 890        |
|    policy_gradient_loss | 0.00491    |
|    std                  | 0.84       |
|    value_loss           | 5.38       |
----------------------------------------
----------------------------------------
| rollout/                |            |
|    ep_len_mean          | 89.5       |
|    ep_rew_mean          | 56         |
| time/                   |            |
|    fps                  | 514        |
|    iterations           | 91         |
|    time_elapsed         | 1447       |
|    total_timesteps      | 745472     |
| train/                  |            |
|    approx_kl            | 0.04356136 |
|    clip_fraction        | 0.287      |
|    clip_range           | 0.2        |
|    entropy_loss         | -1.24      |
|    explained_variance   | 0.982      |
|    learning_rate        | 5.28e-05   |
|    loss                 | 1.22       |
|    n_updates            | 900        |
|    policy_gradient_loss | 0.00622    |
|    std                  | 0.839      |
|    value_loss           | 7.19       |
----------------------------------------

[VolV3 Eval 750000] equity=10259 return=2.59% best=0.00%
  -> Saved best (2.59%)
----------------------------------------
| rollout/                |            |
|    ep_len_mean          | 122        |
|    ep_rew_mean          | 69.8       |
| time/                   |            |
|    fps                  | 514        |
|    iterations           | 92         |
|    time_elapsed         | 1464       |
|    total_timesteps      | 753664     |
| train/                  |            |
|    approx_kl            | 0.06873178 |
|    clip_fraction        | 0.321      |
|    clip_range           | 0.2        |
|    entropy_loss         | -1.24      |
|    explained_variance   | 0.991      |
|    learning_rate        | 5.32e-05   |
|    loss                 | 1.3        |
|    n_updates            | 910        |
|    policy_gradient_loss | 0.00633    |
|    std                  | 0.838      |
|    value_loss           | 3.5        |
----------------------------------------
----------------------------------------
| rollout/                |            |
|    ep_len_mean          | 88.9       |
|    ep_rew_mean          | 54.3       |
| time/                   |            |
|    fps                  | 513        |
|    iterations           | 93         |
|    time_elapsed         | 1482       |
|    total_timesteps      | 761856     |
| train/                  |            |
|    approx_kl            | 0.18820384 |
|    clip_fraction        | 0.347      |
|    clip_range           | 0.2        |
|    entropy_loss         | -1.24      |
|    explained_variance   | 0.991      |
|    learning_rate        | 5.37e-05   |
|    loss                 | 6.88       |
|    n_updates            | 920        |
|    policy_gradient_loss | 0.0229     |
|    std                  | 0.838      |
|    value_loss           | 4.33       |
----------------------------------------
-----------------------------------------
| rollout/                |             |
|    ep_len_mean          | 117         |
|    ep_rew_mean          | 64.7        |
| time/                   |             |
|    fps                  | 468         |
|    iterations           | 94          |
|    time_elapsed         | 1641        |
|    total_timesteps      | 770048      |
| train/                  |             |
|    approx_kl            | 0.051367767 |
|    clip_fraction        | 0.356       |
|    clip_range           | 0.2         |
|    entropy_loss         | -1.24       |
|    explained_variance   | 0.986       |
|    learning_rate        | 5.42e-05    |
|    loss                 | 1.07        |
|    n_updates            | 930         |
|    policy_gradient_loss | 0.0159      |
|    std                  | 0.838       |
|    value_loss           | 6.19        |
-----------------------------------------
